[    0.000000] Linux version 4.15.0-136-generic (buildd@lcy01-amd64-029) (gcc version 7.5.0 (Ubuntu 7.5.0-3ubuntu1~18.04)) #140-Ubuntu SMP Thu Jan 28 05:20:47 UTC 2021 (Ubuntu 4.15.0-136.140-generic 4.15.18)
[    0.000000] Command line: BOOT_IMAGE=/boot/vmlinuz-4.15.0-136-generic root=LABEL=cloudimg-rootfs ro console=tty1 console=ttyS0
[    0.000000] KERNEL supported cpus:
[    0.000000]   Intel GenuineIntel
[    0.000000]   AMD AuthenticAMD
[    0.000000]   Centaur CentaurHauls
[    0.000000] x86/fpu: Supporting XSAVE feature 0x001: 'x87 floating point registers'
[    0.000000] x86/fpu: Supporting XSAVE feature 0x002: 'SSE registers'
[    0.000000] x86/fpu: Supporting XSAVE feature 0x004: 'AVX registers'
[    0.000000] x86/fpu: xstate_offset[2]:  576, xstate_sizes[2]:  256
[    0.000000] x86/fpu: Enabled xstate features 0x7, context size is 832 bytes, using 'standard' format.
[    0.000000] e820: BIOS-provided physical RAM map:
[    0.000000] BIOS-e820: [mem 0x0000000000000000-0x000000000009fbff] usable
[    0.000000] BIOS-e820: [mem 0x000000000009fc00-0x000000000009ffff] reserved
[    0.000000] BIOS-e820: [mem 0x00000000000f0000-0x00000000000fffff] reserved
[    0.000000] BIOS-e820: [mem 0x0000000000100000-0x000000003ffeffff] usable
[    0.000000] BIOS-e820: [mem 0x000000003fff0000-0x000000003fffffff] ACPI data
[    0.000000] BIOS-e820: [mem 0x00000000fec00000-0x00000000fec00fff] reserved
[    0.000000] BIOS-e820: [mem 0x00000000fee00000-0x00000000fee00fff] reserved
[    0.000000] BIOS-e820: [mem 0x00000000fffc0000-0x00000000ffffffff] reserved
[    0.000000] NX (Execute Disable) protection: active
[    0.000000] SMBIOS 2.5 present.
[    0.000000] DMI: innotek GmbH VirtualBox/VirtualBox, BIOS VirtualBox 12/01/2006
[    0.000000] Hypervisor detected: KVM
[    0.000000] e820: last_pfn = 0x3fff0 max_arch_pfn = 0x400000000
[    0.000000] MTRR: Disabled
[    0.000000] x86/PAT: MTRRs disabled, skipping PAT initialization too.
[    0.000000] CPU MTRRs all blank - virtualized system.
[    0.000000] x86/PAT: Configuration [0-7]: WB  WT  UC- UC  WB  WT  UC- UC  
[    0.000000] found SMP MP-table at [mem 0x0009fff0-0x0009ffff]
[    0.000000] Scanning 1 areas for low memory corruption
[    0.000000] RAMDISK: [mem 0x35a63000-0x36d28fff]
[    0.000000] ACPI: Early table checksum verification disabled
[    0.000000] ACPI: RSDP 0x00000000000E0000 000024 (v02 VBOX  )
[    0.000000] ACPI: XSDT 0x000000003FFF0030 00003C (v01 VBOX   VBOXXSDT 00000001 ASL  00000061)
[    0.000000] ACPI: FACP 0x000000003FFF00F0 0000F4 (v04 VBOX   VBOXFACP 00000001 ASL  00000061)
[    0.000000] ACPI: DSDT 0x000000003FFF0470 002325 (v02 VBOX   VBOXBIOS 00000002 INTL 20190509)
[    0.000000] ACPI: FACS 0x000000003FFF0200 000040
[    0.000000] ACPI: FACS 0x000000003FFF0200 000040
[    0.000000] ACPI: APIC 0x000000003FFF0240 00005C (v02 VBOX   VBOXAPIC 00000001 ASL  00000061)
[    0.000000] ACPI: SSDT 0x000000003FFF02A0 0001CC (v01 VBOX   VBOXCPUT 00000002 INTL 20190509)
[    0.000000] No NUMA configuration found
[    0.000000] Faking a node at [mem 0x0000000000000000-0x000000003ffeffff]
[    0.000000] NODE_DATA(0) allocated [mem 0x3ffc5000-0x3ffeffff]
[    0.000000] kvm-clock: cpu 0, msr 0:3ff44001, primary cpu clock
[    0.000000] kvm-clock: Using msrs 4b564d01 and 4b564d00
[    0.000000] kvm-clock: using sched offset of 3692655558 cycles
[    0.000000] clocksource: kvm-clock: mask: 0xffffffffffffffff max_cycles: 0x1cd42e4dffb, max_idle_ns: 881590591483 ns
[    0.000000] Zone ranges:
[    0.000000]   DMA      [mem 0x0000000000001000-0x0000000000ffffff]
[    0.000000]   DMA32    [mem 0x0000000001000000-0x000000003ffeffff]
[    0.000000]   Normal   empty
[    0.000000]   Device   empty
[    0.000000] Movable zone start for each node
[    0.000000] Early memory node ranges
[    0.000000]   node   0: [mem 0x0000000000001000-0x000000000009efff]
[    0.000000]   node   0: [mem 0x0000000000100000-0x000000003ffeffff]
[    0.000000] Reserved but unavailable: 98 pages
[    0.000000] Initmem setup node 0 [mem 0x0000000000001000-0x000000003ffeffff]
[    0.000000] ACPI: PM-Timer IO Port: 0x4008
[    0.000000] IOAPIC[0]: apic_id 2, version 32, address 0xfec00000, GSI 0-23
[    0.000000] ACPI: INT_SRC_OVR (bus 0 bus_irq 0 global_irq 2 dfl dfl)
[    0.000000] ACPI: INT_SRC_OVR (bus 0 bus_irq 9 global_irq 9 low level)
[    0.000000] Using ACPI (MADT) for SMP configuration information
[    0.000000] smpboot: Allowing 2 CPUs, 0 hotplug CPUs
[    0.000000] PM: Registered nosave memory: [mem 0x00000000-0x00000fff]
[    0.000000] PM: Registered nosave memory: [mem 0x0009f000-0x0009ffff]
[    0.000000] PM: Registered nosave memory: [mem 0x000a0000-0x000effff]
[    0.000000] PM: Registered nosave memory: [mem 0x000f0000-0x000fffff]
[    0.000000] e820: [mem 0x40000000-0xfebfffff] available for PCI devices
[    0.000000] Booting paravirtualized kernel on KVM
[    0.000000] clocksource: refined-jiffies: mask: 0xffffffff max_cycles: 0xffffffff, max_idle_ns: 7645519600211568 ns
[    0.000000] random: get_random_bytes called from start_kernel+0x99/0x500 with crng_init=0
[    0.000000] setup_percpu: NR_CPUS:8192 nr_cpumask_bits:2 nr_cpu_ids:2 nr_node_ids:1
[    0.000000] percpu: Embedded 45 pages/cpu s147456 r8192 d28672 u1048576
[    0.000000] PV qspinlock hash table entries: 256 (order: 0, 4096 bytes)
[    0.000000] Built 1 zonelists, mobility grouping on.  Total pages: 257913
[    0.000000] Policy zone: DMA32
[    0.000000] Kernel command line: BOOT_IMAGE=/boot/vmlinuz-4.15.0-136-generic root=LABEL=cloudimg-rootfs ro console=tty1 console=ttyS0
[    0.000000] Memory: 983020K/1048120K available (12300K kernel code, 2482K rwdata, 4276K rodata, 2440K init, 2724K bss, 65100K reserved, 0K cma-reserved)
[    0.000000] SLUB: HWalign=64, Order=0-3, MinObjects=0, CPUs=2, Nodes=1
[    0.000000] Kernel/User page tables isolation: enabled
[    0.000000] ftrace: allocating 39427 entries in 155 pages
[    0.004000] Hierarchical RCU implementation.
[    0.004000] 	RCU restricting CPUs from NR_CPUS=8192 to nr_cpu_ids=2.
[    0.004000] 	Tasks RCU enabled.
[    0.004000] RCU: Adjusting geometry for rcu_fanout_leaf=16, nr_cpu_ids=2
[    0.004000] NR_IRQS: 524544, nr_irqs: 440, preallocated irqs: 16
[    0.004000] Console: colour VGA+ 80x25
[    0.004000] console [tty1] enabled
[    0.004000] console [ttyS0] enabled
[    0.004000] ACPI: Core revision 20170831
[    0.004000] ACPI: 2 ACPI AML tables successfully acquired and loaded
[    0.004000] APIC: Switch to symmetric I/O mode setup
[    0.004000] x2apic enabled
[    0.004000] Switched APIC routing to physical x2apic.
[    0.004000] ..TIMER: vector=0x30 apic1=0 pin1=2 apic2=-1 pin2=-1
[    0.004006] tsc: Detected 2594.432 MHz processor
[    0.004972] Calibrating delay loop (skipped) preset value.. 5188.86 BogoMIPS (lpj=10377728)
[    0.008003] pid_max: default: 32768 minimum: 301
[    0.008913] Security Framework initialized
[    0.009842] Yama: becoming mindful.
[    0.010463] AppArmor: AppArmor initialized
[    0.011971] Dentry cache hash table entries: 131072 (order: 8, 1048576 bytes)
[    0.012123] Inode-cache hash table entries: 65536 (order: 7, 524288 bytes)
[    0.013221] Mount-cache hash table entries: 2048 (order: 2, 16384 bytes)
[    0.016008] Mountpoint-cache hash table entries: 2048 (order: 2, 16384 bytes)
[    0.017356] Last level iTLB entries: 4KB 512, 2MB 8, 4MB 8
[    0.018251] Last level dTLB entries: 4KB 512, 2MB 32, 4MB 32, 1GB 0
[    0.019290] Spectre V1 : Mitigation: usercopy/swapgs barriers and __user pointer sanitization
[    0.020004] Spectre V2 : Mitigation: Full generic retpoline
[    0.024002] Spectre V2 : Spectre v2 / SpectreRSB mitigation: Filling RSB on context switch
[    0.025830] Speculative Store Bypass: Vulnerable
[    0.026912] SRBDS: Unknown: Dependent on hypervisor status
[    0.028002] MDS: Mitigation: Clear CPU buffers
[    0.029233] Freeing SMP alternatives memory: 36K
[    0.140945] smpboot: CPU0: Intel(R) Core(TM) i5-3320M CPU @ 2.60GHz (family: 0x6, model: 0x3a, stepping: 0x9)
[    0.143141] Performance Events: unsupported p6 CPU model 58 no PMU driver, software events only.
[    0.144057] Hierarchical SRCU implementation.
[    0.145371] NMI watchdog: Perf event create on CPU 0 failed with -2
[    0.146360] NMI watchdog: Perf NMI watchdog permanently disabled
[    0.147373] smp: Bringing up secondary CPUs ...
[    0.148113] x86: Booting SMP configuration:
[    0.148808] .... node  #0, CPUs:      #1
[    0.004000] kvm-clock: cpu 1, msr 0:3ff44041, secondary cpu clock
[    0.152026] smp: Brought up 1 node, 2 CPUs
[    0.153044] smpboot: Max logical packages: 1
[    0.153977] smpboot: Total of 2 processors activated (10377.72 BogoMIPS)
[    0.156168] devtmpfs: initialized
[    0.156822] x86/mm: Memory block size: 128MB
[    0.157938] evm: security.selinux
[    0.158636] evm: security.SMACK64
[    0.160005] evm: security.SMACK64EXEC
[    0.160628] evm: security.SMACK64TRANSMUTE
[    0.161298] evm: security.SMACK64MMAP
[    0.162070] evm: security.apparmor
[    0.162687] evm: security.ima
[    0.163270] evm: security.capability
[    0.164168] clocksource: jiffies: mask: 0xffffffff max_cycles: 0xffffffff, max_idle_ns: 7645041785100000 ns
[    0.165584] futex hash table entries: 512 (order: 3, 32768 bytes)
[    0.168048] pinctrl core: initialized pinctrl subsystem
[    0.169476] RTC time: 21:32:27, date: 03/30/21
[    0.170725] NET: Registered protocol family 16
[    0.172080] audit: initializing netlink subsys (disabled)
[    0.173276] audit: type=2000 audit(1617139951.848:1): state=initialized audit_enabled=0 res=1
[    0.176052] cpuidle: using governor ladder
[    0.176706] cpuidle: using governor menu
[    0.177408] ACPI: bus type PCI registered
[    0.178093] acpiphp: ACPI Hot Plug PCI Controller Driver version: 0.5
[    0.179405] PCI: Using configuration type 1 for base access
[    0.181203] HugeTLB registered 2.00 MiB page size, pre-allocated 0 pages
[    0.181349] ACPI: Added _OSI(Module Device)
[    0.184014] ACPI: Added _OSI(Processor Device)
[    0.184899] ACPI: Added _OSI(3.0 _SCP Extensions)
[    0.185914] ACPI: Added _OSI(Processor Aggregator Device)
[    0.187108] ACPI: Added _OSI(Linux-Dell-Video)
[    0.188009] ACPI: Added _OSI(Linux-Lenovo-NV-HDMI-Audio)
[    0.189230] ACPI: Added _OSI(Linux-HPI-Hybrid-Graphics)
[    0.190403] ACPI: Executed 1 blocks of module-level executable AML code
[    0.195387] ACPI: Interpreter enabled
[    0.196000] ACPI: (supports S0 S5)
[    0.196004] ACPI: Using IOAPIC for interrupt routing
[    0.197096] PCI: Using host bridge windows from ACPI; if necessary, use "pci=nocrs" and report a bug
[    0.198900] ACPI: Enabled 2 GPEs in block 00 to 07
[    0.206779] ACPI: PCI Root Bridge [PCI0] (domain 0000 [bus 00-ff])
[    0.207814] acpi PNP0A03:00: _OSC: OS supports [ASPM ClockPM Segments MSI]
[    0.208554] acpi PNP0A03:00: _OSC: not requesting OS control; OS requires [ExtendedConfig ASPM ClockPM MSI]
[    0.210145] acpi PNP0A03:00: fail to add MMCONFIG information, can't access extended PCI configuration space under this bridge.
[    0.212463] PCI host bridge to bus 0000:00
[    0.213182] pci_bus 0000:00: root bus resource [io  0x0000-0x0cf7 window]
[    0.214241] pci_bus 0000:00: root bus resource [io  0x0d00-0xffff window]
[    0.216004] pci_bus 0000:00: root bus resource [mem 0x000a0000-0x000bffff window]
[    0.217175] pci_bus 0000:00: root bus resource [mem 0x40000000-0xfdffffff window]
[    0.218464] pci_bus 0000:00: root bus resource [bus 00-ff]
[    0.222003] pci 0000:00:01.1: legacy IDE quirk: reg 0x10: [io  0x01f0-0x01f7]
[    0.223216] pci 0000:00:01.1: legacy IDE quirk: reg 0x14: [io  0x03f6]
[    0.224009] pci 0000:00:01.1: legacy IDE quirk: reg 0x18: [io  0x0170-0x0177]
[    0.226213] pci 0000:00:01.1: legacy IDE quirk: reg 0x1c: [io  0x0376]
[    0.258811] pci 0000:00:07.0: quirk: [io  0x4000-0x403f] claimed by PIIX4 ACPI
[    0.260024] pci 0000:00:07.0: quirk: [io  0x4100-0x410f] claimed by PIIX4 SMB
[    0.272848] ACPI: PCI Interrupt Link [LNKA] (IRQs 5 9 10 *11)
[    0.275419] ACPI: PCI Interrupt Link [LNKB] (IRQs 5 9 *10 11)
[    0.276263] ACPI: PCI Interrupt Link [LNKC] (IRQs 5 *9 10 11)
[    0.277793] ACPI: PCI Interrupt Link [LNKD] (IRQs 5 9 10 *11)
[    0.280487] SCSI subsystem initialized
[    0.281194] pci 0000:00:02.0: vgaarb: setting as boot VGA device
[    0.281194] pci 0000:00:02.0: vgaarb: VGA device added: decodes=io+mem,owns=io+mem,locks=none
[    0.284017] pci 0000:00:02.0: vgaarb: bridge control possible
[    0.284983] vgaarb: loaded
[    0.285559] ACPI: bus type USB registered
[    0.286379] usbcore: registered new interface driver usbfs
[    0.287453] usbcore: registered new interface driver hub
[    0.288047] usbcore: registered new device driver usb
[    0.289204] EDAC MC: Ver: 3.0.0
[    0.289204] PCI: Using ACPI for IRQ routing
[    0.292287] NetLabel: Initializing
[    0.292963] NetLabel:  domain hash size = 128
[    0.293843] NetLabel:  protocols = UNLABELED CIPSOv4 CALIPSO
[    0.294827] NetLabel:  unlabeled traffic allowed by default
[    0.296101] clocksource: Switched to clocksource kvm-clock
[    0.309820] VFS: Disk quotas dquot_6.6.0
[    0.310621] VFS: Dquot-cache hash table entries: 512 (order 0, 4096 bytes)
[    0.311968] AppArmor: AppArmor Filesystem Enabled
[    0.312889] pnp: PnP ACPI init
[    0.314516] pnp: PnP ACPI: found 3 devices
[    0.326007] clocksource: acpi_pm: mask: 0xffffff max_cycles: 0xffffff, max_idle_ns: 2085701024 ns
[    0.327612] NET: Registered protocol family 2
[    0.328553] TCP established hash table entries: 8192 (order: 4, 65536 bytes)
[    0.329793] TCP bind hash table entries: 8192 (order: 5, 131072 bytes)
[    0.331484] TCP: Hash tables configured (established 8192 bind 8192)
[    0.332620] UDP hash table entries: 512 (order: 2, 16384 bytes)
[    0.333658] UDP-Lite hash table entries: 512 (order: 2, 16384 bytes)
[    0.334726] NET: Registered protocol family 1
[    0.335458] pci 0000:00:00.0: Limiting direct PCI/PCI transfers
[    0.336468] pci 0000:00:01.0: Activating ISA DMA hang workarounds
[    0.337466] pci 0000:00:02.0: Video device with shadowed ROM at [mem 0x000c0000-0x000dffff]
[    0.339528] Unpacking initramfs...
[    0.604663] Freeing initrd memory: 19224K
[    0.605734] clocksource: tsc: mask: 0xffffffffffffffff max_cycles: 0x2565b0438b8, max_idle_ns: 440795290445 ns
[    0.607940] platform rtc_cmos: registered platform RTC device (no PNP device found)
[    0.609652] Scanning for low memory corruption every 60 seconds
[    0.613516] Initialise system trusted keyrings
[    0.614640] Key type blacklist registered
[    0.615407] workingset: timestamp_bits=36 max_order=18 bucket_order=0
[    0.617391] zbud: loaded
[    0.618541] squashfs: version 4.0 (2009/01/31) Phillip Lougher
[    0.619738] fuse init (API version 7.26)
[    0.623171] Key type asymmetric registered
[    0.624024] Asymmetric key parser 'x509' registered
[    0.625159] Block layer SCSI generic (bsg) driver version 0.4 loaded (major 246)
[    0.626461] io scheduler noop registered
[    0.627366] io scheduler deadline registered
[    0.628384] io scheduler cfq registered (default)
[    0.629812] ACPI: AC Adapter [AC] (on-line)
[    0.630923] input: Power Button as /devices/LNXSYSTM:00/LNXPWRBN:00/input/input0
[    0.632647] ACPI: Power Button [PWRF]
[    0.633573] input: Sleep Button as /devices/LNXSYSTM:00/LNXSLPBN:00/input/input1
[    0.634952] ACPI: Sleep Button [SLPF]
[    0.636806] ACPI: Battery Slot [BAT0] (battery present)
[    0.637967] Serial: 8250/16550 driver, 32 ports, IRQ sharing enabled
[    0.659719] 00:02: ttyS0 at I/O 0x3f8 (irq = 4, base_baud = 115200) is a 16550A
[    0.669191] Linux agpgart interface v0.103
[    0.672703] loop: module loaded
[    0.674031] scsi host0: ata_piix
[    0.675231] scsi host1: ata_piix
[    0.675895] ata1: PATA max UDMA/33 cmd 0x1f0 ctl 0x3f6 bmdma 0xd000 irq 14
[    0.677158] ata2: PATA max UDMA/33 cmd 0x170 ctl 0x376 bmdma 0xd008 irq 15
[    0.678517] libphy: Fixed MDIO Bus: probed
[    0.679260] tun: Universal TUN/TAP device driver, 1.6
[    0.680536] PPP generic driver version 2.4.2
[    0.681706] ehci_hcd: USB 2.0 'Enhanced' Host Controller (EHCI) Driver
[    0.682805] ehci-pci: EHCI PCI platform driver
[    0.683556] ehci-platform: EHCI generic platform driver
[    0.684506] ohci_hcd: USB 1.1 'Open' Host Controller (OHCI) Driver
[    0.685466] ohci-pci: OHCI PCI platform driver
[    0.686337] ohci-platform: OHCI generic platform driver
[    0.687307] uhci_hcd: USB Universal Host Controller Interface driver
[    0.688783] i8042: PNP: PS/2 Controller [PNP0303:PS2K,PNP0f03:PS2M] at 0x60,0x64 irq 1,12
[    0.690989] serio: i8042 KBD port at 0x60,0x64 irq 1
[    0.692113] serio: i8042 AUX port at 0x60,0x64 irq 12
[    0.693478] mousedev: PS/2 mouse device common for all mice
[    0.695375] rtc_cmos rtc_cmos: rtc core: registered rtc_cmos as rtc0
[    0.696870] input: AT Translated Set 2 keyboard as /devices/platform/i8042/serio0/input/input2
[    0.698842] rtc_cmos rtc_cmos: alarms up to one day, 114 bytes nvram
[    0.700549] i2c /dev entries driver
[    0.701545] device-mapper: uevent: version 1.0.3
[    0.702868] device-mapper: ioctl: 4.37.0-ioctl (2017-09-20) initialised: dm-devel@redhat.com
[    0.704803] ledtrig-cpu: registered to indicate activity on CPUs
[    0.707059] NET: Registered protocol family 10
[    0.715214] Segment Routing with IPv6
[    0.716494] NET: Registered protocol family 17
[    0.718086] Key type dns_resolver registered
[    0.719832] mce: Using 0 MCE banks
[    0.721028] RAS: Correctable Errors collector initialized.
[    0.722730] sched_clock: Marking stable (720983789, 0)->(865887948, -144904159)
[    0.726381] registered taskstats version 1
[    0.727126] Loading compiled-in X.509 certificates
[    0.731499] Loaded X.509 cert 'Build time autogenerated kernel key: c356b48d5f070be9e15fb09bbd57426939f0386e'
[    0.733447] zswap: loaded using pool lzo/zbud
[    0.740598] Key type big_key registered
[    0.741363] Key type trusted registered
[    0.744563] Key type encrypted registered
[    0.745629] AppArmor: AppArmor sha1 policy hashing enabled
[    0.747001] ima: No TPM chip found, activating TPM-bypass! (rc=-19)
[    0.748523] ima: Allocated hash algorithm: sha1
[    0.749646] evm: HMAC attrs: 0x1
[    0.751051]   Magic number: 13:941:551
[    0.752749] tty ttyS27: hash matches
[    0.753990] acpi PNP0C0F:02: hash matches
[    0.755069] rtc_cmos rtc_cmos: setting system clock to 2021-03-30 21:32:27 UTC (1617139947)
[    0.757154] BIOS EDD facility v0.16 2004-Jun-25, 0 devices found
[    0.758545] EDD information not available.
[    0.865791] Freeing unused kernel image memory: 2440K
[    1.113688] Write protecting the kernel read-only data: 20480k
[    1.118279] Freeing unused kernel image memory: 2008K
[    1.120163] Freeing unused kernel image memory: 1868K
[    1.130410] x86/mm: Checked W+X mappings: passed, no W+X pages found.
[    1.131799] x86/mm: Checking user space page tables
[    1.139649] x86/mm: Checked W+X mappings: passed, no W+X pages found.
Loading, please wait...
starting version 237
[    1.260248] Fusion MPT base driver 3.04.20
[    1.261340] Copyright (c) 1999-2008 LSI Corporation
[    1.264998] e1000: Intel(R) PRO/1000 Network Driver - version 7.3.21-k8-NAPI
[    1.266785] e1000: Copyright (c) 1999-2006 Intel Corporation.
[    1.276873] Fusion MPT SPI Host driver 3.04.20
[    1.285590] AVX version of gcm_enc/dec engaged.
[    1.286934] AES CTR mode by8 optimization enabled
[    1.470688] input: ImExPS/2 Generic Explorer Mouse as /devices/platform/i8042/serio1/input/input4
[    1.655553] e1000 0000:00:03.0 eth0: (PCI:33MHz:32-bit) 02:dd:e5:eb:6c:77
[    1.657127] e1000 0000:00:03.0 eth0: Intel(R) PRO/1000 Network Connection
[    1.659593] mptbase: ioc0: Initiating bringup
[    1.661483] e1000 0000:00:03.0 enp0s3: renamed from eth0
[    2.445470] ioc0: LSI53C1030 A0: Capabilities={Initiator}
[    4.566060] scsi host2: ioc0: LSI53C1030 A0, FwRev=00000000h, Ports=1, MaxQ=256, IRQ=20
[    5.684039] scsi 2:0:0:0: Direct-Access     VBOX     HARDDISK         1.0  PQ: 0 ANSI: 5
[    5.716277] scsi target2:0:0: Beginning Domain Validation
[    5.721737] scsi target2:0:0: Domain Validation skipping write tests
[    5.723389] scsi target2:0:0: Ending Domain Validation
[    5.725163] scsi target2:0:0: asynchronous
[    5.727362] scsi 2:0:1:0: Direct-Access     VBOX     HARDDISK         1.0  PQ: 0 ANSI: 5
[    5.764154] scsi target2:0:1: Beginning Domain Validation
[    5.774162] random: fast init done
[    5.777828] scsi target2:0:1: Domain Validation skipping write tests
[    5.780547] scsi target2:0:1: Ending Domain Validation
[    5.782976] scsi target2:0:1: asynchronous
[    5.790246] random: systemd-udevd: uninitialized urandom read (16 bytes read)
[    5.792110] random: systemd-udevd: uninitialized urandom read (16 bytes read)
[    5.793828] random: systemd-udevd: uninitialized urandom read (16 bytes read)
[    5.795659] sd 2:0:0:0: Attached scsi generic sg0 type 0
[    5.796937] sd 2:0:0:0: [sda] 83886080 512-byte logical blocks: (42.9 GB/40.0 GiB)
[    5.798689] sd 2:0:0:0: [sda] Write Protect is off
[    5.799923] sd 2:0:0:0: [sda] Incomplete mode parameter data
[    5.801191] sd 2:0:0:0: [sda] Assuming drive cache: write through
[    5.803020] sd 2:0:1:0: [sdb] 20480 512-byte logical blocks: (10.5 MB/10.0 MiB)
[    5.804965] sd 2:0:1:0: [sdb] Write Protect is off
[    5.806082] sd 2:0:1:0: Attached scsi generic sg1 type 0
[    5.807922] sd 2:0:1:0: [sdb] Incomplete mode parameter data
[    5.809369] sd 2:0:1:0: [sdb] Assuming drive cache: write through
[    6.128593]  sda: sda1
[    6.132582] sd 2:0:0:0: [sda] Attached SCSI disk
[    6.135834] sd 2:0:1:0: [sdb] Attached SCSI disk
Begin: Loading essential drivers ... [    7.644086] raid6: sse2x1   gen()  8733 MB/s
[    7.692099] raid6: sse2x1   xor()  6178 MB/s
[    7.740084] raid6: sse2x2   gen()  8856 MB/s
[    7.788085] raid6: sse2x2   xor()  5701 MB/s
[    7.836078] raid6: sse2x4   gen() 10684 MB/s
[    7.884052] raid6: sse2x4   xor()  8358 MB/s
[    7.884806] raid6: using algorithm sse2x4 gen() 10684 MB/s
[    7.885777] raid6: .... xor() 8358 MB/s, rmw enabled
[    7.886583] raid6: using ssse3x2 recovery algorithm
[    7.890554] xor: automatically using best checksumming function   avx       
[    7.894378] async_tx: api initialized (async)
done.
Begin: Running /scripts/init-premount ... done.
Begin: Mounting root file system ... Begin: Running /scripts/local-top ... done.
Begin: Running /scripts/local-premount ... [    7.963693] Btrfs loaded, crc32c=crc32c-intel
Scanning for Btrfs filesystems
done.
Warning: fsck not present, so skipping root file system
[    8.061692] EXT4-fs (sda1): mounted filesystem with ordered data mode. Opts: (null)
done.
Begin: Running /scripts/local-bottom ... done.
Begin: Running /scripts/init-bottom ... done.
[    8.329207] ip_tables: (C) 2000-2006 Netfilter Core Team
[    8.345432] systemd[1]: systemd 237 running in system mode. (+PAM +AUDIT +SELINUX +IMA +APPARMOR +SMACK +SYSVINIT +UTMP +LIBCRYPTSETUP +GCRYPT +GNUTLS +ACL +XZ +LZ4 +SECCOMP +BLKID +ELFUTILS +KMOD -IDN2 +IDN -PCRE2 default-hierarchy=hybrid)
[    8.350377] systemd[1]: Detected virtualization oracle.
[    8.351502] systemd[1]: Detected architecture x86-64.

Welcome to [1mUbuntu 18.04.5 LTS[0m!

[    8.360705] systemd[1]: Set hostname to <ubuntu>.
[    8.368343] systemd[1]: Initializing machine ID from random generator.
[    8.369942] systemd[1]: Installed transient /etc/machine-id file.
[    8.746237] systemd[1]: Reached target User and Group Name Lookups.
[[0;32m  OK  [0m] Reached target User and Group Name Lookups.
[    8.751285] systemd[1]: Created slice System Slice.
[[0;32m  OK  [0m] Created slice System Slice.
[    8.764669] systemd[1]: Listening on fsck to fsckd communication Socket.
[[0;32m  OK  [0m] Listening on fsck to fsckd communication Socket.
[    8.769983] systemd[1]: Created slice system-serial\x2dgetty.slice.
[[0;32m  OK  [0m] Created slice system-serial\x2dgetty.slice.
[[0;32m  OK  [0m] Listening on Network Service Netlink Socket.
[[0;32m  OK  [0m] Listening on udev Kernel Socket.
[[0;32m  OK  [0m] Reached target System Time Synchronized.
[[0;32m  OK  [0m] Listening on Journal Audit Socket.
[[0;32m  OK  [0m] Started Forward Password Requests to Wall Directory Watch.
[[0;32m  OK  [0m] Listening on LVM2 metadata daemon socket.
[[0;32m  OK  [0m] Listening on udev Control Socket.
[[0;32m  OK  [0m] Listening on Syslog Socket.
[[0;32m  OK  [0m] Listening on Journal Socket.
         Starting Uncomplicated firewall...
         Mounting Kernel Debug File System...
         Starting Create list of required st…ce nodes for the current kernel...
         Mounting Huge Pages File System...
         Starting File System Check on Root Device...
         Starting Load Kernel Modules...
         Starting Set the console keyboard layout...
[[0;32m  OK  [0m] Listening on Journal Socket (/dev/log).
         Starting Journal Service...
[[0;32m  OK  [0m] Listening on Device-mapper event daemon FIFOs.
         Starting udev Coldplug all Devices...
         Mounting POSIX Message Queue File System...
         Starting Monitoring of LVM2 mirrors…ng dmeventd or progress polling...
[[0;32m  OK  [0m] Set up automount Arbitrary Executab…rmats File System Automount Point.
[[0;32m  OK  [0m] Listening on LVM2 poll daemon socket.
[[0;32m  OK  [0m] Created slice User and Session Slice.
[[0;32m  OK  [0m] Reached target Slices.
[[0;32m  OK  [0m] Reached target Swap.
[[0;32m  OK  [0m] Listening on /dev/initctl Compatibility Named Pipe.
[[0;32m  OK  [0m] Started Uncomplicated firewall.
[[0;32m  OK  [0m] Mounted Kernel Debug File System.
[[0;32m  OK  [0m] Started Create list of required sta…vice nodes for the current kernel.
[[0;32m  OK  [0m] Mounted Huge Pages File System.
[[0;32m  OK  [0m] Mounted POSIX Message Queue File System.
[[0;32m  OK  [0m] Started File System Check Daemon to report status.
         Starting Create Static Device Nodes in /dev...
[    8.932667] Loading iSCSI transport class v2.0-870.
[[0;32m  OK  [0m] Started File System Check on Root Device.
         Starting Remount Root and Kernel File Systems...
[[0;32m  OK  [0m] Started Journal Service.
[[0;32m  OK  [0m] Started udev Coldplug all Devices.
[[0;32m  OK  [0m] Started Create Static Device Nodes in /dev.
[    9.009645] iscsi: registered transport (tcp)
[    9.029432] iscsi: registered transport (iser)
[[0;32m  OK  [0m] Started Load Kernel Modules.
         Mounting FUSE Control File System...
         Starting Apply Kernel Variables...
         Mounting Kernel Configuration File System...
[[0;32m  OK  [0m] Mounted FUSE Control File System.
[[0;32m  OK  [0m] Mounted Kernel Configuration File System.
[[0;32m  OK  [0m] Started LVM2 metadata daemon.
[[0;32m  OK  [0m] Started Remount Root and Kernel File Systems.
         Starting Load/Save Random Seed...
         Starting Flush Journal to Persistent Storage...
         Starting udev Kernel Device Manager...
[[0;32m  OK  [0m] Started Apply Kernel Variables.
[[0;32m  OK  [0m] Started Monitoring of LVM2 mirrors,…sing dmeventd or progress polling.
[[0;32m  OK  [0m] Started Load/Save Random Seed.
[[0;32m  OK  [0m] Started Set the console keyboard layout.
[[0;32m  OK  [0m] Reached target Local File Systems (Pre).
[[0;32m  OK  [0m] Reached target Local File Systems.
         Starting AppArmor initialization...
         Starting Set console font and keymap...
         Starting ebtables ruleset management...
         Starting Commit a transient machine-id on disk...
         Starting Tell Plymouth To Write Out Runtime Data...
[[0;32m  OK  [0m] Started udev Kernel Device Manager.
[[0;32m  OK  [0m] Started Dispatch Password Requests to Console Directory Watch.
[[0;32m  OK  [0m] Reached target Local Encrypted Volumes.
[[0;32m  OK  [0m] Started Set console font and keymap.
[[0;32m  OK  [0m] Started Flush Journal to Persistent Storage.
         Starting Create Volatile Files and Directories...
[[0;32m  OK  [0m] Started Tell Plymouth To Write Out Runtime Data.
[[0;32m  OK  [0m] Started Commit a transient machine-id on disk.
[[0;32m  OK  [0m] Started Create Volatile Files and Directories.
         Starting Update UTMP about System Boot/Shutdown...
[[0;32m  OK  [0m] Started Update UTMP about System Boot/Shutdown.
[[0;32m  OK  [0m] Started ebtables ruleset management.
[[0;32m  OK  [0m] Found device /dev/ttyS0.
[[0;32m  OK  [0m] Listening on Load/Save RF Kill Switch Status /dev/rfkill Watch.
[[0;32m  OK  [0m] Started AppArmor initialization.
         Starting Initial cloud-init job (pre-networking)...
         Starting Load AppArmor profiles managed internally by snapd...
[[0;32m  OK  [0m] Started Load AppArmor profiles managed internally by snapd.
[   12.321024] cloud-init[574]: Cloud-init v. 20.4.1-0ubuntu1~18.04.1 running 'init-local' at Tue, 30 Mar 2021 21:32:38 +0000. Up 11.70 seconds.
[[0;32m  OK  [0m] Started Initial cloud-init job (pre-networking).
[[0;32m  OK  [0m] Reached target Network (Pre).
         Starting Network Service...
[[0;32m  OK  [0m] Started Network Service.
         Starting Wait for Network to be Configured...
         Starting Network Name Resolution...
[[0;32m  OK  [0m] Started Network Name Resolution.
[[0;32m  OK  [0m] Reached target Host and Network Name Lookups.
[[0;32m  OK  [0m] Reached target Network.
[[0;32m  OK  [0m] Started Wait for Network to be Configured.
         Starting Initial cloud-init job (metadata service crawler)...
[   14.877254] cloud-init[705]: Cloud-init v. 20.4.1-0ubuntu1~18.04.1 running 'init' at Tue, 30 Mar 2021 21:32:41 +0000. Up 14.39 seconds.
[   14.879363] cloud-init[705]: ci-info: ++++++++++++++++++++++++++++++++++++++Net device info++++++++++++++++++++++++++++++++++++++
[   14.881351] cloud-init[705]: ci-info: +--------+------+----------------------------+---------------+--------+-------------------+
[   14.883304] cloud-init[705]: ci-info: | Device |  Up  |          Address           |      Mask     | Scope  |     Hw-Address    |
[   14.885371] cloud-init[705]: ci-info: +--------+------+----------------------------+---------------+--------+-------------------+
[   14.887263] cloud-init[705]: ci-info: | enp0s3 | True |         10.0.2.15          | 255.255.255.0 | global | 02:dd:e5:eb:6c:77 |
[   14.889416] cloud-init[705]: ci-info: | enp0s3 | True | fe80::dd:e5ff:feeb:6c77/64 |       .       |  link  | 02:dd:e5:eb:6c:77 |
[   14.891283] cloud-init[705]: ci-info: |   lo   | True |         127.0.0.1          |   255.0.0.0   |  host  |         .         |
[   14.893354] cloud-init[705]: ci-info: |   lo   | True |          ::1/128           |       .       |  host  |         .         |
[   14.895145] cloud-init[705]: ci-info: +--------+------+----------------------------+---------------+--------+-------------------+
[   14.897188] cloud-init[705]: ci-info: ++++++++++++++++++++++++++++Route IPv4 info+++++++++++++++++++++++++++++
[   14.898912] cloud-init[705]: ci-info: +-------+-------------+----------+-----------------+-----------+-------+
[   14.900725] cloud-init[705]: ci-info: | Route | Destination | Gateway  |     Genmask     | Interface | Flags |
[   14.902418] cloud-init[705]: ci-info: +-------+-------------+----------+-----------------+-----------+-------+
[   14.904132] cloud-init[705]: ci-info: |   0   |   0.0.0.0   | 10.0.2.2 |     0.0.0.0     |   enp0s3  |   UG  |
[   14.905856] cloud-init[705]: ci-info: |   1   |   10.0.2.0  | 0.0.0.0  |  255.255.255.0  |   enp0s3  |   U   |
[   14.907509] cloud-init[705]: ci-info: |   2   |   10.0.2.2  | 0.0.0.0  | 255.255.255.255 |   enp0s3  |   UH  |
[   14.909367] cloud-init[705]: ci-info: +-------+-------------+----------+-----------------+-----------+-------+
[   14.911103] cloud-init[705]: ci-info: +++++++++++++++++++Route IPv6 info+++++++++++++++++++
[   14.912583] cloud-init[705]: ci-info: +-------+-------------+---------+-----------+-------+
[   14.914022] cloud-init[705]: ci-info: | Route | Destination | Gateway | Interface | Flags |
[   14.916294] cloud-init[705]: ci-info: +-------+-------------+---------+-----------+-------+
[   14.917859] cloud-init[705]: ci-info: |   1   |  fe80::/64  |    ::   |   enp0s3  |   U   |
[   14.919194] cloud-init[705]: ci-info: |   3   |    local    |    ::   |   enp0s3  |   U   |
[   14.920255] cloud-init[705]: ci-info: |   4   |   ff00::/8  |    ::   |   enp0s3  |   U   |
[   14.921420] cloud-init[705]: ci-info: +-------+-------------+---------+-----------+-------+
[   16.252124] cloud-init[705]: Generating public/private rsa key pair.
[   16.253557] cloud-init[705]: Your identification has been saved in /etc/ssh/ssh_host_rsa_key.
[   16.255345] cloud-init[705]: Your public key has been saved in /etc/ssh/ssh_host_rsa_key.pub.
[   16.257083] cloud-init[705]: The key fingerprint is:
[   16.258403] cloud-init[705]: SHA256:vOwNb7ab1F1lRFIizti5cFkOVkbPHoEjeggfaRVGFZQ root@ubuntu-bionic
[   16.260347] cloud-init[705]: The key's randomart image is:
[   16.261711] cloud-init[705]: +---[RSA 2048]----+
[   16.262916] cloud-init[705]: |          +=B*@++|
[   16.264132] cloud-init[705]: |       . +.B E *.|
[   16.265376] cloud-init[705]: |        + * O o.=|
[   16.266552] cloud-init[705]: |       . + + . oo|
[   16.267821] cloud-init[705]: |        S . .   o|
[   16.268930] cloud-init[705]: |       . . . . . |
[   16.270015] cloud-init[705]: |        + . . .  |
[   16.270771] cloud-init[705]: |       . =o.     |
[   16.271881] cloud-init[705]: |        .o*o     |
[   16.273101] cloud-init[705]: +----[SHA256]-----+
[   16.274296] cloud-init[705]: Generating public/private dsa key pair.
[   16.275828] cloud-init[705]: Your identification has been saved in /etc/ssh/ssh_host_dsa_key.
[   16.277718] cloud-init[705]: Your public key has been saved in /etc/ssh/ssh_host_dsa_key.pub.
[   16.279521] cloud-init[705]: The key fingerprint is:
[   16.280793] cloud-init[705]: SHA256:ZhzUkzYJJmxVgEpNsVfPTksQdqFZwyBlwYSm/ijbEtk root@ubuntu-bionic
[   16.282730] cloud-init[705]: The key's randomart image is:
[   16.284024] cloud-init[705]: +---[DSA 1024]----+
[   16.285108] cloud-init[705]: |     +++BX%B=.   |
[   16.286305] cloud-init[705]: |    . ==o=OO..   |
[   16.287663] cloud-init[705]: |   . o.oo.oo=    |
[   16.288900] cloud-init[705]: |    . .o . + .   |
[   16.290092] cloud-init[705]: |     +  S   o    |
[   16.291186] cloud-init[705]: |    o Eo         |
[   16.292308] cloud-init[705]: |     . o         |
[   16.293439] cloud-init[705]: |    o.. .        |
[   16.294522] cloud-init[705]: |    .+.          |
[   16.295617] cloud-init[705]: +----[SHA256]-----+
[   16.297034] cloud-init[705]: Generating public/private ecdsa key pair.
[   16.298481] cloud-init[705]: Your identification has been saved in /etc/ssh/ssh_host_ecdsa_key.
[   16.300368] cloud-init[705]: Your public key has been saved in /etc/ssh/ssh_host_ecdsa_key.pub.
[   16.302176] cloud-init[705]: The key fingerprint is:
[   16.303095] cloud-init[705]: SHA256:2rvV6c5afH7sup0y1XPgPMWdowMbuNhlnabCgGW7pu4 root@ubuntu-bionic
[   16.304343] cloud-init[705]: The key's randomart image is:
[   16.305235] cloud-init[705]: +---[ECDSA 256]---+
[   16.306012] cloud-init[705]: |                 |
[   16.306700] cloud-init[705]: |       o         |
[   16.307826] cloud-init[705]: |      + . . . ..o|
[   16.308639] cloud-init[705]: |     . o . = +.o+|
[   16.309457] cloud-init[705]: |        S + *o.oo|
[   16.310260] cloud-init[705]: |       * = = ++oo|
[   16.311050] cloud-init[705]: |      + . o = +oo|
[   16.311858] cloud-init[705]: |     .   o + = .+|
[   16.312700] cloud-init[705]: |    oE  o..o+ **o|
[   16.313496] cloud-init[705]: +----[SHA256]-----+
[   16.314322] cloud-init[705]: Generating public/private ed25519 key pair.
[[0;32m  OK  [0m] Started Initial cloud-init job (metadata service crawler).
[   16.325586] cloud-init[705]: Your identification has been saved in /etc/ssh/ssh_host_ed25519_key.[[0;32m  OK  [0m] Reached target Cloud-config availability.
[
[0;32m  OK  [0m] Reached target System Initialization.
[   16.328799]          Starting Socket activation for snappy daemon.
cloud-init[705]: Your public key has been saved in /etc/ssh/ssh_host_ed25519_key.pub.[[0;32m  OK  [0m] Started Message of the Day.

[   16.332355] cloud-init[705]: The key fingerprint is:
[   16.333068] cloud-init[705]: SHA256:DVRYmJj5s1NdnWl139531WEDtW9EyKaZPvFS3V9eBdM root@ubuntu-bionic
[   16.334769] cloud-init[705]: The key's randomart image is:
[[0;32m  OK  [0m] Listening on ACPID Listen Socket.
[[0;32m  OK  [0m] Listening on D-Bus System Message Bus Socket.
[   16.339936] cloud-init[705]: +--[ED25519 256]--+
[   16.342640] cloud-init[705]: |       +.*o  o=XB|
[   16.344291] cloud-init[705]: |      +.+     **E|
[   16.345964] cloud-init[705]: |       ..  . *.oO|
[   16.347133] cloud-init[705]: |        oo. * .oO|
[   16.348094] cloud-init[705]: |        S+.. + .@|
[   16.348995] cloud-init[705]: |        o   + ..=|
[   16.349914] cloud-init[705]: |         .   o   |
[   16.350812] cloud-init[705]: |                 |
[   16.351765] cloud-init[705]: |                 |
[   16.352787] cloud-init[705]: +----[SHA256]-----+
[[0;32m  OK  [0m] Started ACPI Events Check.
[[0;32m  OK  [0m] Reached target Paths.
[[0;32m  OK  [0m] Listening on Open-iSCSI iscsid Socket.
[[0;32m  OK  [0m] Started Daily Cleanup of Temporary Directories.
[[0;32m  OK  [0m] Started Discard unused blocks once a week.
         Starting LXD - unix socket.
[[0;32m  OK  [0m] Started Daily apt download activities.
[[0;32m  OK  [0m] Started Daily apt upgrade and clean activities.
[[0;32m  OK  [0m] Reached target Timers.
[[0;32m  OK  [0m] Listening on UUID daemon activation socket.
[[0;32m  OK  [0m] Reached target Network is Online.
         Starting Availability of block devices...
[[0;32m  OK  [0m] Reached target Remote File Systems (Pre).
[[0;32m  OK  [0m] Reached target Remote File Systems.
[[0;32m  OK  [0m] Listening on Socket activation for snappy daemon.
[[0;32m  OK  [0m] Listening on LXD - unix socket.
[[0;32m  OK  [0m] Reached target Sockets.
[[0;32m  OK  [0m] Reached target Basic System.
[[0;32m  OK  [0m] Started Regular background program processing daemon.
         Starting Permit User Sessions...
         Starting System Logging Service...
         Starting LSB: automatic crash report generation...
[[0;32m  OK  [0m] Started FUSE filesystem for LXC.
[[0;32m  OK  [0m] Started D-Bus System Message Bus.
[[0;32m  OK  [0m] Started Deferred execution scheduler.
         Starting Login Service...
         Starting Accounts Service...
         Starting LXD - container startup/shutdown...
         Starting Dispatcher daemon for systemd-networkd...
         Starting Pollinate to seed the pseudo random number generator...
         Starting Snap Daemon...
         Starting LSB: Record successful boot for GRUB...
         Starting Virtualbox guest utils...
[[0;32m  OK  [0m] Started irqbalance daemon.
[[0;32m  OK  [0m] Started System Logging Service.
[[0;32m  OK  [0m] Started Availability of block devices.
[[0;32m  OK  [0m] Started Permit User Sessions.
         Starting Hold until boot process finishes up...
         Starting Terminate Plymouth Boot Screen...
[[0;32m  OK  [0m] Started Hold until boot process finishes up.
[[0;32m  OK  [0m] Started Serial Getty on ttyS0.
         Starting Set console scheme...
[[0;32m  OK  [0m] Started Terminate Plymouth Boot Screen.
[[0;32m  OK  [0m] Started Login Service.
[[0;32m  OK  [0m] Started Unattended Upgrades Shutdown.
[[0;32m  OK  [0m] Started Set console scheme.
[[0;32m  OK  [0m] Created slice system-getty.slice.
[[0;32m  OK  [0m] Started Getty on tty1.
[[0;32m  OK  [0m] Reached target Login Prompts.
         Starting Authorization Manager...
[[0;32m  OK  [0m] Started LSB: automatic crash report generation.
[[0;32m  OK  [0m] Started Authorization Manager.
[[0;32m  OK  [0m] Started Accounts Service.
[[0;32m  OK  [0m] Started LSB: Record successful boot for GRUB.
[[0;32m  OK  [0m] Started Virtualbox guest utils.
[[0;32m  OK  [0m] Started LXD - container startup/shutdown.
[[0;32m  OK  [0m] Started Dispatcher daemon for systemd-networkd.
[[0;32m  OK  [0m] Started Snap Daemon.
         Starting Wait until snapd is fully seeded...
[[0;32m  OK  [0m] Started Pollinate to seed the pseudo random number generator.
         Starting OpenBSD Secure Shell server...
[[0;32m  OK  [0m] Started OpenBSD Secure Shell server.
[[0;32m  OK  [0m] Created slice User Slice of vagrant.
         Starting User Manager for UID 1000...
[[0;32m  OK  [0m] Started Session 1 of user vagrant.
[[0;32m  OK  [0m] Started User Manager for UID 1000.
[[0;32m  OK  [0m] Started Wait until snapd is fully seeded.
         Starting Apply the settings specified in cloud-config...
[[0;32m  OK  [0m] Reached target Multi-User System.
[[0;32m  OK  [0m] Reached target Graphical Interface.
         Starting Update UTMP about System Runlevel Changes...
[[0;32m  OK  [0m] Started Update UTMP about System Runlevel Changes.
[   21.426933] cloud-init[1209]: Cloud-init v. 20.4.1-0ubuntu1~18.04.1 running 'modules:config' at Tue, 30 Mar 2021 21:32:47 +0000. Up 20.65 seconds.
[[0;32m  OK  [0m] Started Apply the settings specified in cloud-config.
         Starting Execute cloud user/final scripts...
ci-info: no authorized SSH keys fingerprints found for user ubuntu.
<14>Mar 30 21:32:49 ec2: 
<14>Mar 30 21:32:49 ec2: #############################################################
<14>Mar 30 21:32:49 ec2: -----BEGIN SSH HOST KEY FINGERPRINTS-----
<14>Mar 30 21:32:49 ec2: 1024 SHA256:ZhzUkzYJJmxVgEpNsVfPTksQdqFZwyBlwYSm/ijbEtk root@ubuntu-bionic (DSA)
<14>Mar 30 21:32:49 ec2: 256 SHA256:2rvV6c5afH7sup0y1XPgPMWdowMbuNhlnabCgGW7pu4 root@ubuntu-bionic (ECDSA)
<14>Mar 30 21:32:49 ec2: 256 SHA256:DVRYmJj5s1NdnWl139531WEDtW9EyKaZPvFS3V9eBdM root@ubuntu-bionic (ED25519)
<14>Mar 30 21:32:49 ec2: 2048 SHA256:vOwNb7ab1F1lRFIizti5cFkOVkbPHoEjeggfaRVGFZQ root@ubuntu-bionic (RSA)
<14>Mar 30 21:32:49 ec2: -----END SSH HOST KEY FINGERPRINTS-----
<14>Mar 30 21:32:49 ec2: #############################################################
-----BEGIN SSH HOST KEY KEYS-----
ecdsa-sha2-nistp256 AAAAE2VjZHNhLXNoYTItbmlzdHAyNTYAAAAIbmlzdHAyNTYAAABBBP5uFeUJyZbU548VTvb0uvHtpTnZVnz7pVMX5TUTO6rMk6xBSeg2zl2KUMDAwPyL4CLpNS74mnCI42ZVBpQO0Iw= root@ubuntu-bionic
ssh-ed25519 AAAAC3NzaC1lZDI1NTE5AAAAICKvR64SqPEnFO7cTk5JRvxCSEidl455Eafu/EWjxmVm root@ubuntu-bionic
ssh-rsa AAAAB3NzaC1yc2EAAAADAQABAAABAQCdRpMBi8NbynnkRPjtEVsfXBtwPh+SgLWay/hmWo040zU8hsw1RwvxqhitxgeUaE7NZUK8AOahbvXHGiaTqCXXpchKBzDGNXoKT5obS4Y3a3IWsH9Gu2N9sNkNzb0rwTRKxz24btSR5G/Ls2kABjiMcSeec8b/EVofgHYqnM6HFpQ8TkmoLRIux2gaosFoSkMUoxIGB57tGhGyOJMZmuuEeOmpqUDUeSXrfnM/TeBa00pDQq1YMQ+Kn3bAm4QoA5kRDY5UPdJjJAYr9fYSVjbtvgbqpFRVN7xCfyJIUyBNysGmxxdkhdr5jfaCwAo9Iu9AogVGNxuNOWLlgvu3eo3n root@ubuntu-bionic
-----END SSH HOST KEY KEYS-----
[   22.685024] cloud-init[1285]: Cloud-init v. 20.4.1-0ubuntu1~18.04.1 running 'modules:final' at Tue, 30 Mar 2021 21:32:48 +0000. Up 22.17 seconds.
[   22.685220] cloud-init[1285]: ci-info: no authorized SSH keys fingerprints found for user ubuntu.
[   22.686747] cloud-init[1285]: Cloud-init v. 20.4.1-0ubuntu1~18.04.1 finished at Tue, 30 Mar 2021 21:32:49 +0000. Datasource DataSourceNoCloud [seed=/dev/sdb][dsmode=net].  Up 22.67 seconds

Ubuntu 18.04.5 LTS ubuntu-bionic ttyS0

ubuntu-bionic login:          Stopping User Manager for UID 1000...
[[0;32m  OK  [0m] Stopped target Host and Network Name Lookups.
         Stopping Authorization Manager...
         Stopping Session 6 of user vagrant.
         Stopping Session 5 of user vagrant.
[[0;32m  OK  [0m] Closed Load/Save RF Kill Switch Status /dev/rfkill Watch.
[[0;32m  OK  [0m] Stopped target Graphical Interface.
         Stopping Accounts Service...
         Stopping Availability of block devices...
[[0;32m  OK  [0m] Stopped target Cloud-init target.
[[0;32m  OK  [0m] Stopped Execute cloud user/final scripts.
[[0;32m  OK  [0m] Stopped Apply the settings specified in cloud-config.
[[0;32m  OK  [0m] Stopped target Multi-User System.
         Stopping irqbalance daemon...
         Stopping MDS Webapp...
[[0;32m  OK  [0m] Stopped target Login Prompts.
         Stopping Getty on tty1...
         Stopping D-Bus System Message Bus...
         Stopping Regular background program processing daemon...
         Stopping LSB: automatic crash report generation...
         Stopping Deferred execution scheduler...
         Stopping Dispatcher daemon for systemd-networkd...
         Stopping Unattended Upgrades Shutdown...
         Stopping Virtualbox guest utils...
         Stopping LXD - container startup/shutdown...
         Stopping FUSE filesystem for LXC...
         Stopping LSB: Record successful boot for GRUB...
[[0;32m  OK  [0m] Stopped Wait until snapd is fully seeded.
         Stopping System Logging Service...
[[0;32m  OK  [0m] Stopped target Network is Online.
         Stopping OpenBSD Secure Shell server...
         Stopping Serial Getty on ttyS0...
[[0;32m  O[[0;32m  OK  [0m] Stopped Discard unused blocks once a week.
[[0;32m  OK  [0m] Stopped Daily apt download activities.
[[0;32m  OK  [0m] Stopped target System Time Synchronized.
         Stopping A high performance web server and a reverse proxy server...
[[0;32m  OK  [0m] Stopped target Cloud-config availability.
[[0;32m  OK  [0m] Unmounted /var/lib/lxcfs.
[[0;32m  OK  [0m] Stopped Regular background program processing daemon.
[[0;32m  OK  [0m] Stopped System Logging Service.
[[0;32m  OK  [0m] Stopped Deferred execution scheduler.
[[0;32m  OK  [0m] Stopped Accounts Service.
[[0;32m  OK  [0m] Stopped Dispatcher daemon for systemd-networkd.
[[0;32m  OK  [0m] Stopped irqbalance daemon.
[[0;32m  OK  [0m] Stopped Serial Getty on ttyS0.
[[0;32m  OK  [0m] Stopped Getty on tty1.
[[0;32m  OK  [0m] Stopped Unattended Upgrades Shutdown.
[[0;32m  OK  [0m] Stopped Authorization Manager.
[[0;32m  OK  [0m] Stopped OpenBSD Secure Shell server.
[[0;32m  OK  [0m] Stopped User Manager for UID 1000.
[[0;32m  OK  [0m] Stopped D-Bus System Message Bus.
[[0;32m  OK  [0m] Stopped Session 6 of user vagrant.
[[0;32m  OK  [0m] Stopped Session 5 of user vagrant.
[[0;32m  OK  [0m] Stopped A high performance web server and a reverse proxy server.
[[0;32m  OK  [0m] Stopped FUSE filesystem for LXC.
[[0;32m  OK  [0m] Stopped LXD - container startup/shutdown.
[[0;32m  OK  [0m] Removed slice User Slice of vagrant.
         Stopping Login Service...
[[0;32m  OK  [0m] Removed slice system-getty.slice.
[[0;32m  OK  [0m] Removed slice system-serial\x2dgetty.slice.
         Stopping Permit User Sessions...
[[0;32m  OK  [0m] Stopped LSB: Record successful boot for GRUB.
[[0;32m  OK  [0m] Stopped Permit User Sessions.
[[0;32m  OK  [0m] Stopped LSB: automatic crash report generation.
[[0;32m  OK  [0m] Stopped target Remote File Systems.
[[0;32m  OK  [0m] Stopped target Remote File Systems (Pre).
[[0;32m  OK  [0m] Stopped Availability of block devices.
[[0;32m  OK  [0m] Stopped Virtualbox guest utils.
[[0;32m  OK  [0m] Stopped Login Service.
[[0;32m  OK  [0m] Stopped target User and Group Name Lookups.
[[0;32m  OK  [0m] Stopped MDS Webapp.
[[0;32m  OK  [0m] Stopped target Network.
         Stopping Network Name Resolution...
[[0;32m  OK  [0m] Stopped target Basic System.
[[0;32m  OK  [0m] Stopped target Sockets.
[[0;32m  OK  [0m] Closed LXD - unix socket.
[[0;32m  OK  [0m] Closed Open-iSCSI iscsid Socket.
[[0;32m  OK  [0m] Closed UUID daemon activation socket.
[[0;32m  OK  [0m] Closed D-Bus System Message Bus Socket.
[[0;32m  OK  [0m] Closed ACPID Listen Socket.
[[0;32m  OK  [0m] Closed Syslog Socket.
[[0;32m  OK  [0m] Closed Socket activation for snappy daemon.
[[0;32m  OK  [0m] Stopped target Paths.
[[0;32m  OK  [0m] Stopped ACPI Events Check.
[[0;32m  OK  [0m] Stopped target Slices.
[[0;32m  OK  [0m] Removed slice User and Session Slice.
[[0;32m  OK  [0m] Stopped target System Initialization.
[[0;32m  OK  [0m] Stopped Initial cloud-init job (metadata service crawler).
[[0;32m  OK  [0m] Stopped Wait for Network to be Configured.
         Stopping Load/Save Random Seed...
         Stopping Update UTMP about System Boot/Shutdown...
[[0;32m  OK  [0m] Stopped target Local Encrypted Volumes.
[[0;32m  OK  [0m] Stopped Dispatch Password Requests to Console Directory Watch.
[[0;32m  OK  [0m] Stopped Forward Password Requests to Wall Directory Watch.
[[0;32m  OK  [0m] Stopped Commit a transient machine-id on disk.
[[0;32m  OK  [0m] Stopped Network Name Resolution.
[[0;32m  OK  [0m] Stopped Load/Save Random Seed.
         Stopping Network Service...
[[0;32m  OK  [0m] Stopped Update UTMP about System Boot/Shutdown.
[[0;32m  OK  [0m] Stopped Network Service.
[[0;32m  OK  [0m] Stopped target Network (Pre).
[[0;32m  OK  [0m] Stopped Initial cloud-init job (pre-networking).
[[0;32m  OK  [0m] Stopped Apply Kernel Variables.
[[0;32m  OK  [0m] Stopped Load Kernel Modules.
[[0;32m  OK  [0m] Stopped Create Volatile Files and Directories.
[[0;32m  OK  [0m] Stopped target Local File Systems.
         Unmounting /run/user/1000...
         Unmounting /vagrant...
[[0;32m  OK  [0m] Unmounted /run/user/1000.
[[0;32m  OK  [0m] Unmounted /vagrant.
[[0;32m  OK  [0m] Reached target Unmount All Filesystems.
[[0;32m  OK  [0m] Stopped target Swap.
[[0;32m  OK  [0m] Stopped target Local File Systems (Pre).
[[0;32m  OK  [0m] Stopped Create Static Device Nodes in /dev.
         Stopping Monitoring of LVM2 mirrors…ng dmeventd or progress polling...
[[0;32m  OK  [0m] Stopped Remount Root and Kernel File Systems.
[[0;32m  OK  [0m] Reached target Shutdown.
[[0;32m  OK  [0m] Reached target Final Step.
         Starting Reboot...
[  103.753767] reboot: Restarting system
[    0.000000] Linux version 4.15.0-136-generic (buildd@lcy01-amd64-029) (gcc version 7.5.0 (Ubuntu 7.5.0-3ubuntu1~18.04)) #140-Ubuntu SMP Thu Jan 28 05:20:47 UTC 2021 (Ubuntu 4.15.0-136.140-generic 4.15.18)
[    0.000000] Command line: BOOT_IMAGE=/boot/vmlinuz-4.15.0-136-generic root=LABEL=cloudimg-rootfs ro console=tty1 console=ttyS0
[    0.000000] KERNEL supported cpus:
[    0.000000]   Intel GenuineIntel
[    0.000000]   AMD AuthenticAMD
[    0.000000]   Centaur CentaurHauls
[    0.000000] x86/fpu: Supporting XSAVE feature 0x001: 'x87 floating point registers'
[    0.000000] x86/fpu: Supporting XSAVE feature 0x002: 'SSE registers'
[    0.000000] x86/fpu: Supporting XSAVE feature 0x004: 'AVX registers'
[    0.000000] x86/fpu: xstate_offset[2]:  576, xstate_sizes[2]:  256
[    0.000000] x86/fpu: Enabled xstate features 0x7, context size is 832 bytes, using 'standard' format.
[    0.000000] e820: BIOS-provided physical RAM map:
[    0.000000] BIOS-e820: [mem 0x0000000000000000-0x000000000009fbff] usable
[    0.000000] BIOS-e820: [mem 0x000000000009fc00-0x000000000009ffff] reserved
[    0.000000] BIOS-e820: [mem 0x00000000000f0000-0x00000000000fffff] reserved
[    0.000000] BIOS-e820: [mem 0x0000000000100000-0x000000003ffeffff] usable
[    0.000000] BIOS-e820: [mem 0x000000003fff0000-0x000000003fffffff] ACPI data
[    0.000000] BIOS-e820: [mem 0x00000000fec00000-0x00000000fec00fff] reserved
[    0.000000] BIOS-e820: [mem 0x00000000fee00000-0x00000000fee00fff] reserved
[    0.000000] BIOS-e820: [mem 0x00000000fffc0000-0x00000000ffffffff] reserved
[    0.000000] NX (Execute Disable) protection: active
[    0.000000] SMBIOS 2.5 present.
[    0.000000] DMI: innotek GmbH VirtualBox/VirtualBox, BIOS VirtualBox 12/01/2006
[    0.000000] Hypervisor detected: KVM
[    0.000000] e820: last_pfn = 0x3fff0 max_arch_pfn = 0x400000000
[    0.000000] MTRR: Disabled
[    0.000000] x86/PAT: MTRRs disabled, skipping PAT initialization too.
[    0.000000] CPU MTRRs all blank - virtualized system.
[    0.000000] x86/PAT: Configuration [0-7]: WB  WT  UC- UC  WB  WT  UC- UC  
[    0.000000] found SMP MP-table at [mem 0x0009fff0-0x0009ffff]
[    0.000000] Scanning 1 areas for low memory corruption
[    0.000000] RAMDISK: [mem 0x35a63000-0x36d28fff]
[    0.000000] ACPI: Early table checksum verification disabled
[    0.000000] ACPI: RSDP 0x00000000000E0000 000024 (v02 VBOX  )
[    0.000000] ACPI: XSDT 0x000000003FFF0030 00003C (v01 VBOX   VBOXXSDT 00000001 ASL  00000061)
[    0.000000] ACPI: FACP 0x000000003FFF00F0 0000F4 (v04 VBOX   VBOXFACP 00000001 ASL  00000061)
[    0.000000] ACPI: DSDT 0x000000003FFF0470 002325 (v02 VBOX   VBOXBIOS 00000002 INTL 20190509)
[    0.000000] ACPI: FACS 0x000000003FFF0200 000040
[    0.000000] ACPI: FACS 0x000000003FFF0200 000040
[    0.000000] ACPI: APIC 0x000000003FFF0240 00005C (v02 VBOX   VBOXAPIC 00000001 ASL  00000061)
[    0.000000] ACPI: SSDT 0x000000003FFF02A0 0001CC (v01 VBOX   VBOXCPUT 00000002 INTL 20190509)
[    0.000000] No NUMA configuration found
[    0.000000] Faking a node at [mem 0x0000000000000000-0x000000003ffeffff]
[    0.000000] NODE_DATA(0) allocated [mem 0x3ffc5000-0x3ffeffff]
[    0.000000] kvm-clock: cpu 0, msr 0:3ff44001, primary cpu clock
[    0.000000] kvm-clock: Using msrs 4b564d01 and 4b564d00
[    0.000000] kvm-clock: using sched offset of 3887829842 cycles
[    0.000000] clocksource: kvm-clock: mask: 0xffffffffffffffff max_cycles: 0x1cd42e4dffb, max_idle_ns: 881590591483 ns
[    0.000000] Zone ranges:
[    0.000000]   DMA      [mem 0x0000000000001000-0x0000000000ffffff]
[    0.000000]   DMA32    [mem 0x0000000001000000-0x000000003ffeffff]
[    0.000000]   Normal   empty
[    0.000000]   Device   empty
[    0.000000] Movable zone start for each node
[    0.000000] Early memory node ranges
[    0.000000]   node   0: [mem 0x0000000000001000-0x000000000009efff]
[    0.000000]   node   0: [mem 0x0000000000100000-0x000000003ffeffff]
[    0.000000] Reserved but unavailable: 98 pages
[    0.000000] Initmem setup node 0 [mem 0x0000000000001000-0x000000003ffeffff]
[    0.000000] ACPI: PM-Timer IO Port: 0x4008
[    0.000000] IOAPIC[0]: apic_id 2, version 32, address 0xfec00000, GSI 0-23
[    0.000000] ACPI: INT_SRC_OVR (bus 0 bus_irq 0 global_irq 2 dfl dfl)
[    0.000000] ACPI: INT_SRC_OVR (bus 0 bus_irq 9 global_irq 9 low level)
[    0.000000] Using ACPI (MADT) for SMP configuration information
[    0.000000] smpboot: Allowing 2 CPUs, 0 hotplug CPUs
[    0.000000] PM: Registered nosave memory: [mem 0x00000000-0x00000fff]
[    0.000000] PM: Registered nosave memory: [mem 0x0009f000-0x0009ffff]
[    0.000000] PM: Registered nosave memory: [mem 0x000a0000-0x000effff]
[    0.000000] PM: Registered nosave memory: [mem 0x000f0000-0x000fffff]
[    0.000000] e820: [mem 0x40000000-0xfebfffff] available for PCI devices
[    0.000000] Booting paravirtualized kernel on KVM
[    0.000000] clocksource: refined-jiffies: mask: 0xffffffff max_cycles: 0xffffffff, max_idle_ns: 7645519600211568 ns
[    0.000000] random: get_random_bytes called from start_kernel+0x99/0x500 with crng_init=0
[    0.000000] setup_percpu: NR_CPUS:8192 nr_cpumask_bits:2 nr_cpu_ids:2 nr_node_ids:1
[    0.000000] percpu: Embedded 45 pages/cpu s147456 r8192 d28672 u1048576
[    0.000000] PV qspinlock hash table entries: 256 (order: 0, 4096 bytes)
[    0.000000] Built 1 zonelists, mobility grouping on.  Total pages: 257913
[    0.000000] Policy zone: DMA32
[    0.000000] Kernel command line: BOOT_IMAGE=/boot/vmlinuz-4.15.0-136-generic root=LABEL=cloudimg-rootfs ro console=tty1 console=ttyS0
[    0.000000] Memory: 983020K/1048120K available (12300K kernel code, 2482K rwdata, 4276K rodata, 2440K init, 2724K bss, 65100K reserved, 0K cma-reserved)
[    0.000000] SLUB: HWalign=64, Order=0-3, MinObjects=0, CPUs=2, Nodes=1
[    0.000000] Kernel/User page tables isolation: enabled
[    0.000000] ftrace: allocating 39427 entries in 155 pages
[    0.004000] Hierarchical RCU implementation.
[    0.004000] 	RCU restricting CPUs from NR_CPUS=8192 to nr_cpu_ids=2.
[    0.004000] 	Tasks RCU enabled.
[    0.004000] RCU: Adjusting geometry for rcu_fanout_leaf=16, nr_cpu_ids=2
[    0.004000] NR_IRQS: 524544, nr_irqs: 440, preallocated irqs: 16
[    0.004000] Console: colour VGA+ 80x25
[    0.004000] console [tty1] enabled
[    0.004000] console [ttyS0] enabled
[    0.004000] ACPI: Core revision 20170831
[    0.004000] ACPI: 2 ACPI AML tables successfully acquired and loaded
[    0.004000] APIC: Switch to symmetric I/O mode setup
[    0.004000] x2apic enabled
[    0.004000] Switched APIC routing to physical x2apic.
[    0.004000] ..TIMER: vector=0x30 apic1=0 pin1=2 apic2=-1 pin2=-1
[    0.004006] tsc: Detected 2594.432 MHz processor
[    0.004762] Calibrating delay loop (skipped) preset value.. 5188.86 BogoMIPS (lpj=10377728)
[    0.005320] pid_max: default: 32768 minimum: 301
[    0.006096] Security Framework initialized
[    0.008003] Yama: becoming mindful.
[    0.008612] AppArmor: AppArmor initialized
[    0.009769] Dentry cache hash table entries: 131072 (order: 8, 1048576 bytes)
[    0.011194] Inode-cache hash table entries: 65536 (order: 7, 524288 bytes)
[    0.012021] Mount-cache hash table entries: 2048 (order: 2, 16384 bytes)
[    0.013086] Mountpoint-cache hash table entries: 2048 (order: 2, 16384 bytes)
[    0.014463] Last level iTLB entries: 4KB 512, 2MB 8, 4MB 8
[    0.015328] Last level dTLB entries: 4KB 512, 2MB 32, 4MB 32, 1GB 0
[    0.016004] Spectre V1 : Mitigation: usercopy/swapgs barriers and __user pointer sanitization
[    0.017358] Spectre V2 : Mitigation: Full generic retpoline
[    0.018233] Spectre V2 : Spectre v2 / SpectreRSB mitigation: Filling RSB on context switch
[    0.020002] Speculative Store Bypass: Vulnerable
[    0.021046] SRBDS: Unknown: Dependent on hypervisor status
[    0.021915] MDS: Mitigation: Clear CPU buffers
[    0.022807] Freeing SMP alternatives memory: 36K
[    0.134709] smpboot: CPU0: Intel(R) Core(TM) i5-3320M CPU @ 2.60GHz (family: 0x6, model: 0x3a, stepping: 0x9)
[    0.136000] Performance Events: unsupported p6 CPU model 58 no PMU driver, software events only.
[    0.136000] Hierarchical SRCU implementation.
[    0.136481] NMI watchdog: Perf event create on CPU 0 failed with -2
[    0.137526] NMI watchdog: Perf NMI watchdog permanently disabled
[    0.138636] smp: Bringing up secondary CPUs ...
[    0.139523] x86: Booting SMP configuration:
[    0.140004] .... node  #0, CPUs:      #1
[    0.004000] kvm-clock: cpu 1, msr 0:3ff44041, secondary cpu clock
[    0.144035] smp: Brought up 1 node, 2 CPUs
[    0.144703] smpboot: Max logical packages: 1
[    0.145393] smpboot: Total of 2 processors activated (10377.72 BogoMIPS)
[    0.146646] devtmpfs: initialized
[    0.146646] x86/mm: Memory block size: 128MB
[    0.148187] evm: security.selinux
[    0.148884] evm: security.SMACK64
[    0.149451] evm: security.SMACK64EXEC
[    0.150082] evm: security.SMACK64TRANSMUTE
[    0.150953] evm: security.SMACK64MMAP
[    0.151592] evm: security.apparmor
[    0.152005] evm: security.ima
[    0.152519] evm: security.capability
[    0.153216] clocksource: jiffies: mask: 0xffffffff max_cycles: 0xffffffff, max_idle_ns: 7645041785100000 ns
[    0.153570] futex hash table entries: 512 (order: 3, 32768 bytes)
[    0.156324] pinctrl core: initialized pinctrl subsystem
[    0.157334] RTC time: 21:34:14, date: 03/30/21
[    0.158646] NET: Registered protocol family 16
[    0.160121] audit: initializing netlink subsys (disabled)
[    0.161079] audit: type=2000 audit(1617140059.856:1): state=initialized audit_enabled=0 res=1
[    0.164039] cpuidle: using governor ladder
[    0.164741] cpuidle: using governor menu
[    0.165441] ACPI: bus type PCI registered
[    0.166110] acpiphp: ACPI Hot Plug PCI Controller Driver version: 0.5
[    0.168106] PCI: Using configuration type 1 for base access
[    0.169075] HugeTLB registered 2.00 MiB page size, pre-allocated 0 pages
[    0.172126] ACPI: Added _OSI(Module Device)
[    0.172964] ACPI: Added _OSI(Processor Device)
[    0.173870] ACPI: Added _OSI(3.0 _SCP Extensions)
[    0.174777] ACPI: Added _OSI(Processor Aggregator Device)
[    0.176006] ACPI: Added _OSI(Linux-Dell-Video)
[    0.176923] ACPI: Added _OSI(Linux-Lenovo-NV-HDMI-Audio)
[    0.178123] ACPI: Added _OSI(Linux-HPI-Hybrid-Graphics)
[    0.179246] ACPI: Executed 1 blocks of module-level executable AML code
[    0.184304] ACPI: Interpreter enabled
[    0.184943] ACPI: (supports S0 S5)
[    0.185555] ACPI: Using IOAPIC for interrupt routing
[    0.186638] PCI: Using host bridge windows from ACPI; if necessary, use "pci=nocrs" and report a bug
[    0.188165] ACPI: Enabled 2 GPEs in block 00 to 07
[    0.195324] ACPI: PCI Root Bridge [PCI0] (domain 0000 [bus 00-ff])
[    0.196009] acpi PNP0A03:00: _OSC: OS supports [ASPM ClockPM Segments MSI]
[    0.197593] acpi PNP0A03:00: _OSC: not requesting OS control; OS requires [ExtendedConfig ASPM ClockPM MSI]
[    0.199253] acpi PNP0A03:00: fail to add MMCONFIG information, can't access extended PCI configuration space under this bridge.
[    0.200428] PCI host bridge to bus 0000:00
[    0.201138] pci_bus 0000:00: root bus resource [io  0x0000-0x0cf7 window]
[    0.202227] pci_bus 0000:00: root bus resource [io  0x0d00-0xffff window]
[    0.204004] pci_bus 0000:00: root bus resource [mem 0x000a0000-0x000bffff window]
[    0.205201] pci_bus 0000:00: root bus resource [mem 0x40000000-0xfdffffff window]
[    0.206399] pci_bus 0000:00: root bus resource [bus 00-ff]
[    0.209915] pci 0000:00:01.1: legacy IDE quirk: reg 0x10: [io  0x01f0-0x01f7]
[    0.211403] pci 0000:00:01.1: legacy IDE quirk: reg 0x14: [io  0x03f6]
[    0.212006] pci 0000:00:01.1: legacy IDE quirk: reg 0x18: [io  0x0170-0x0177]
[    0.213729] pci 0000:00:01.1: legacy IDE quirk: reg 0x1c: [io  0x0376]
[    0.243402] pci 0000:00:07.0: quirk: [io  0x4000-0x403f] claimed by PIIX4 ACPI
[    0.244029] pci 0000:00:07.0: quirk: [io  0x4100-0x410f] claimed by PIIX4 SMB
[    0.258372] ACPI: PCI Interrupt Link [LNKA] (IRQs 5 9 10 *11)
[    0.260548] ACPI: PCI Interrupt Link [LNKB] (IRQs 5 9 *10 11)
[    0.262286] ACPI: PCI Interrupt Link [LNKC] (IRQs 5 *9 10 11)
[    0.263959] ACPI: PCI Interrupt Link [LNKD] (IRQs 5 9 10 *11)
[    0.264791] SCSI subsystem initialized
[    0.265574] pci 0000:00:02.0: vgaarb: setting as boot VGA device
[    0.265574] pci 0000:00:02.0: vgaarb: VGA device added: decodes=io+mem,owns=io+mem,locks=none
[    0.268017] pci 0000:00:02.0: vgaarb: bridge control possible
[    0.268949] vgaarb: loaded
[    0.269470] ACPI: bus type USB registered
[    0.270159] usbcore: registered new interface driver usbfs
[    0.272014] usbcore: registered new interface driver hub
[    0.272927] usbcore: registered new device driver usb
[    0.273816] EDAC MC: Ver: 3.0.0
[    0.273816] PCI: Using ACPI for IRQ routing
[    0.276297] NetLabel: Initializing
[    0.276892] NetLabel:  domain hash size = 128
[    0.277628] NetLabel:  protocols = UNLABELED CIPSOv4 CALIPSO
[    0.278573] NetLabel:  unlabeled traffic allowed by default
[    0.280117] clocksource: Switched to clocksource kvm-clock
[    0.292165] VFS: Disk quotas dquot_6.6.0
[    0.292949] VFS: Dquot-cache hash table entries: 512 (order 0, 4096 bytes)
[    0.294143] AppArmor: AppArmor Filesystem Enabled
[    0.294975] pnp: PnP ACPI init
[    0.296829] pnp: PnP ACPI: found 3 devices
[    0.308155] clocksource: acpi_pm: mask: 0xffffff max_cycles: 0xffffff, max_idle_ns: 2085701024 ns
[    0.309935] NET: Registered protocol family 2
[    0.310962] TCP established hash table entries: 8192 (order: 4, 65536 bytes)
[    0.312331] TCP bind hash table entries: 8192 (order: 5, 131072 bytes)
[    0.313759] TCP: Hash tables configured (established 8192 bind 8192)
[    0.314959] UDP hash table entries: 512 (order: 2, 16384 bytes)
[    0.316424] UDP-Lite hash table entries: 512 (order: 2, 16384 bytes)
[    0.317796] NET: Registered protocol family 1
[    0.318735] pci 0000:00:00.0: Limiting direct PCI/PCI transfers
[    0.319990] pci 0000:00:01.0: Activating ISA DMA hang workarounds
[    0.321339] pci 0000:00:02.0: Video device with shadowed ROM at [mem 0x000c0000-0x000dffff]
[    0.323178] Unpacking initramfs...
[    0.569121] Freeing initrd memory: 19224K
[    0.570143] clocksource: tsc: mask: 0xffffffffffffffff max_cycles: 0x2565b0438b8, max_idle_ns: 440795290445 ns
[    0.571924] platform rtc_cmos: registered platform RTC device (no PNP device found)
[    0.573230] Scanning for low memory corruption every 60 seconds
[    0.576392] Initialise system trusted keyrings
[    0.577689] Key type blacklist registered
[    0.578649] workingset: timestamp_bits=36 max_order=18 bucket_order=0
[    0.581037] zbud: loaded
[    0.582179] squashfs: version 4.0 (2009/01/31) Phillip Lougher
[    0.583646] fuse init (API version 7.26)
[    0.586947] Key type asymmetric registered
[    0.587903] Asymmetric key parser 'x509' registered
[    0.589250] Block layer SCSI generic (bsg) driver version 0.4 loaded (major 246)
[    0.591053] io scheduler noop registered
[    0.591953] io scheduler deadline registered
[    0.592993] io scheduler cfq registered (default)
[    0.594457] ACPI: AC Adapter [AC] (on-line)
[    0.595397] input: Power Button as /devices/LNXSYSTM:00/LNXPWRBN:00/input/input0
[    0.596915] ACPI: Power Button [PWRF]
[    0.597898] input: Sleep Button as /devices/LNXSYSTM:00/LNXSLPBN:00/input/input1
[    0.599551] ACPI: Sleep Button [SLPF]
[    0.601633] ACPI: Battery Slot [BAT0] (battery present)
[    0.602766] Serial: 8250/16550 driver, 32 ports, IRQ sharing enabled
[    0.624890] 00:02: ttyS0 at I/O 0x3f8 (irq = 4, base_baud = 115200) is a 16550A
[    0.629148] Linux agpgart interface v0.103
[    0.632410] loop: module loaded
[    0.634389] scsi host0: ata_piix
[    0.635625] scsi host1: ata_piix
[    0.636672] ata1: PATA max UDMA/33 cmd 0x1f0 ctl 0x3f6 bmdma 0xd000 irq 14
[    0.638997] ata2: PATA max UDMA/33 cmd 0x170 ctl 0x376 bmdma 0xd008 irq 15
[    0.641676] libphy: Fixed MDIO Bus: probed
[    0.642356] tun: Universal TUN/TAP device driver, 1.6
[    0.643340] PPP generic driver version 2.4.2
[    0.644167] ehci_hcd: USB 2.0 'Enhanced' Host Controller (EHCI) Driver
[    0.645195] ehci-pci: EHCI PCI platform driver
[    0.645949] ehci-platform: EHCI generic platform driver
[    0.646800] ohci_hcd: USB 1.1 'Open' Host Controller (OHCI) Driver
[    0.647810] ohci-pci: OHCI PCI platform driver
[    0.648618] ohci-platform: OHCI generic platform driver
[    0.649469] uhci_hcd: USB Universal Host Controller Interface driver
[    0.650516] i8042: PNP: PS/2 Controller [PNP0303:PS2K,PNP0f03:PS2M] at 0x60,0x64 irq 1,12
[    0.652315] serio: i8042 KBD port at 0x60,0x64 irq 1
[    0.653152] serio: i8042 AUX port at 0x60,0x64 irq 12
[    0.654216] mousedev: PS/2 mouse device common for all mice
[    0.655653] input: AT Translated Set 2 keyboard as /devices/platform/i8042/serio0/input/input2
[    0.657273] rtc_cmos rtc_cmos: rtc core: registered rtc_cmos as rtc0
[    0.659656] rtc_cmos rtc_cmos: alarms up to one day, 114 bytes nvram
[    0.661980] i2c /dev entries driver
[    0.663398] device-mapper: uevent: version 1.0.3
[    0.665328] device-mapper: ioctl: 4.37.0-ioctl (2017-09-20) initialised: dm-devel@redhat.com
[    0.666893] ledtrig-cpu: registered to indicate activity on CPUs
[    0.668545] NET: Registered protocol family 10
[    0.674970] Segment Routing with IPv6
[    0.675935] NET: Registered protocol family 17
[    0.677083] Key type dns_resolver registered
[    0.678664] mce: Using 0 MCE banks
[    0.679426] RAS: Correctable Errors collector initialized.
[    0.680692] sched_clock: Marking stable (680637042, 0)->(822043882, -141406840)
[    0.682612] registered taskstats version 1
[    0.683513] Loading compiled-in X.509 certificates
[    0.689325] Loaded X.509 cert 'Build time autogenerated kernel key: c356b48d5f070be9e15fb09bbd57426939f0386e'
[    0.691059] zswap: loaded using pool lzo/zbud
[    0.699406] Key type big_key registered
[    0.700452] Key type trusted registered
[    0.703920] Key type encrypted registered
[    0.706203] AppArmor: AppArmor sha1 policy hashing enabled
[    0.708500] ima: No TPM chip found, activating TPM-bypass! (rc=-19)
[    0.710638] ima: Allocated hash algorithm: sha1
[    0.711627] evm: HMAC attrs: 0x1
[    0.712561]   Magic number: 13:494:602
[    0.713428] rtc_cmos rtc_cmos: setting system clock to 2021-03-30 21:34:15 UTC (1617140055)
[    0.715187] BIOS EDD facility v0.16 2004-Jun-25, 0 devices found
[    0.716292] EDD information not available.
[    0.830782] Freeing unused kernel image memory: 2440K
[    0.844208] Write protecting the kernel read-only data: 20480k
[    0.846759] Freeing unused kernel image memory: 2008K
[    0.848615] Freeing unused kernel image memory: 1868K
[    0.859688] x86/mm: Checked W+X mappings: passed, no W+X pages found.
[    0.861209] x86/mm: Checking user space page tables
[    0.869079] x86/mm: Checked W+X mappings: passed, no W+X pages found.
Loading, please wait...
starting version 237
[    0.958296] e1000: Intel(R) PRO/1000 Network Driver - version 7.3.21-k8-NAPI
[    0.959663] e1000: Copyright (c) 1999-2006 Intel Corporation.
[    0.961240] Fusion MPT base driver 3.04.20
[    0.962215] Copyright (c) 1999-2008 LSI Corporation
[    0.984052] AVX version of gcm_enc/dec engaged.
[    0.984947] AES CTR mode by8 optimization enabled
[    0.986795] Fusion MPT SPI Host driver 3.04.20
[    1.189393] input: ImExPS/2 Generic Explorer Mouse as /devices/platform/i8042/serio1/input/input4
[    1.351238] e1000 0000:00:03.0 eth0: (PCI:33MHz:32-bit) 02:dd:e5:eb:6c:77
[    1.352442] e1000 0000:00:03.0 eth0: Intel(R) PRO/1000 Network Connection
[    1.354459] mptbase: ioc0: Initiating bringup
[    1.354890] e1000 0000:00:03.0 enp0s3: renamed from eth0
[    1.637038] ioc0: LSI53C1030 A0: Capabilities={Initiator}
[    4.139487] scsi host2: ioc0: LSI53C1030 A0, FwRev=00000000h, Ports=1, MaxQ=256, IRQ=20
[    6.191633] scsi 2:0:0:0: Direct-Access     VBOX     HARDDISK         1.0  PQ: 0 ANSI: 5
[    6.375410] scsi target2:0:0: Beginning Domain Validation
[    6.379332] scsi target2:0:0: Domain Validation skipping write tests
[    6.381215] scsi target2:0:0: Ending Domain Validation
[    6.382785] scsi target2:0:0: asynchronous
[    6.384592] scsi 2:0:1:0: Direct-Access     VBOX     HARDDISK         1.0  PQ: 0 ANSI: 5
[    7.196057] scsi target2:0:1: Beginning Domain Validation
[    7.203888] random: fast init done
[    7.205552] scsi target2:0:1: Domain Validation skipping write tests
[    7.206979] scsi target2:0:1: Ending Domain Validation
[    7.208186] scsi target2:0:1: asynchronous
[    7.212732] random: systemd-udevd: uninitialized urandom read (16 bytes read)
[    7.214520] random: systemd-udevd: uninitialized urandom read (16 bytes read)
[    7.216245] random: systemd-udevd: uninitialized urandom read (16 bytes read)
[    7.218891] sd 2:0:0:0: Attached scsi generic sg0 type 0
[    7.221403] sd 2:0:0:0: [sda] 83886080 512-byte logical blocks: (42.9 GB/40.0 GiB)
[    7.223214] sd 2:0:1:0: Attached scsi generic sg1 type 0
[    7.223237] sd 2:0:0:0: [sda] Write Protect is off
[    7.226363] sd 2:0:1:0: [sdb] 20480 512-byte logical blocks: (10.5 MB/10.0 MiB)
[    7.228399] sd 2:0:0:0: [sda] Incomplete mode parameter data
[    7.229901] sd 2:0:0:0: [sda] Assuming drive cache: write through
[    7.231395] sd 2:0:1:0: [sdb] Write Protect is off
[    7.233606] sd 2:0:1:0: [sdb] Incomplete mode parameter data
[    7.235406] sd 2:0:1:0: [sdb] Assuming drive cache: write through
[    7.237696]  sda: sda1
[    7.240682] sd 2:0:0:0: [sda] Attached SCSI disk
[    7.242998] sd 2:0:1:0: [sdb] Attached SCSI disk
Begin: Loading essential drivers ... [    8.724072] raid6: sse2x1   gen()  9249 MB/s
[    8.772053] raid6: sse2x1   xor()  6612 MB/s
[    8.820112] raid6: sse2x2   gen() 11074 MB/s
[    8.868064] raid6: sse2x2   xor()  7389 MB/s
[    8.916108] raid6: sse2x4   gen() 11718 MB/s
[    8.964051] raid6: sse2x4   xor()  8861 MB/s
[    8.964841] raid6: using algorithm sse2x4 gen() 11718 MB/s
[    8.965712] raid6: .... xor() 8861 MB/s, rmw enabled
[    8.966509] raid6: using ssse3x2 recovery algorithm
[    8.970542] xor: automatically using best checksumming function   avx       
[    8.976329] async_tx: api initialized (async)
done.
Begin: Running /scripts/init-premount ... done.
Begin: Mounting root file system ... Begin: Running /scripts/local-top ... done.
Begin: Running /scripts/local-premount ... [    9.043030] Btrfs loaded, crc32c=crc32c-intel
Scanning for Btrfs filesystems
done.
Warning: fsck not present, so skipping root file system
[    9.097701] EXT4-fs (sda1): mounted filesystem with ordered data mode. Opts: (null)
done.
Begin: Running /scripts/local-bottom ... done.
Begin: Running /scripts/init-bottom ... done.
[    9.384520] ip_tables: (C) 2000-2006 Netfilter Core Team
[    9.400635] systemd[1]: systemd 237 running in system mode. (+PAM +AUDIT +SELINUX +IMA +APPARMOR +SMACK +SYSVINIT +UTMP +LIBCRYPTSETUP +GCRYPT +GNUTLS +ACL +XZ +LZ4 +SECCOMP +BLKID +ELFUTILS +KMOD -IDN2 +IDN -PCRE2 default-hierarchy=hybrid)
[    9.406478] systemd[1]: Detected virtualization oracle.
[    9.407845] systemd[1]: Detected architecture x86-64.

Welcome to [1mUbuntu 18.04.5 LTS[0m!

[    9.414414] systemd[1]: Set hostname to <devops>.
[    9.819681] systemd[1]: Reached target System Time Synchronized.
[[0;32m  OK  [0m] Reached target System Time Synchronized.
[    9.822637] systemd[1]: Started Forward Password Requests to Wall Directory Watch.
[[0;32m  OK  [0m] Started Forward Password Requests to Wall Directory Watch.
[    9.836365] systemd[1]: Reached target User and Group Name Lookups.
[[0;32m  OK  [0m] Reached target User and Group Name Lookups.
[    9.852587] systemd[1]: Set up automount Arbitrary Executable File Formats File System Automount Point.
[[0;32m  OK  [0m] Set up automount Arbitrary Executab…rmats File System Automount Point.
[    9.859612] systemd[1]: Created slice User and Session Slice.
[[0;32m  OK  [0m] Created slice User and Session Slice.
[    9.872336] systemd[1]: Reached target Swap.
[[0;32m  OK  [0m] Reached target Swap.
[[0;32m  OK  [0m] Created slice System Slice.
[[0;32m  OK  [0m] Created slice system-serial\x2dgetty.slice.
[[0;32m  OK  [0m] Listening on fsck to fsckd communication Socket.
[[0;32m  OK  [0m] Listening on /dev/initctl Compatibility Named Pipe.
[[0;32m  OK  [0m] Listening on udev Kernel Socket.
[[0;32m  OK  [0m] Listening on Journal Socket.
         Starting File System Check on Root Device...
         Starting Uncomplicated firewall...
         Mounting POSIX Message Queue File System...
[[0;32m  OK  [0m] Listening on Device-mapper event daemon FIFOs.
[[0;32m  OK  [0m] Listening on Network Service Netlink Socket.
[[0;32m  OK  [0m] Listening on Syslog Socket.
         Starting Load Kernel Modules...
         Starting Create list of required st…ce nodes for the current kernel...
[[0;32m  OK  [0m] Listening on LVM2 poll daemon socket.
[[0;32m  OK  [0m] Listening on Journal Socket (/dev/log).
         Mounting Huge Pages File System...
         Mounting Kernel Debug File System...
[[0;32m  OK  [0m] Listening on LVM2 metadata daemon socket.
[    9.958365] Loading iSCSI transport class v2.0-870.
         Starting Monitoring of LVM2 mirrors…ng dmeventd or progress polling...
[[0;32m  OK  [0m] Listening on Journal Audit Socket.
         Starting Journal Service...
[[0;32m  OK  [0m] Listening on udev Control Socket.
         Starting udev Coldplug all Devices...
[[0;32m  OK  [0m] Reached target Slices.
         Starting Set the console keyboard layout...
[    9.982580] iscsi: registered transport (tcp)
[[0;32m  OK  [0m] Started Uncomplicated firewall.
[[0;32m  OK  [0m] Mounted POSIX Message Queue File System.
[[0;32m  OK  [0m] Started Create list of required sta…vice nodes for the current kernel.
[[0;32m  OK  [0m] Mounted Huge Pages File System.
[[0;32m  OK  [0m] Mounted Kernel Debug File System.
[[0;32m  OK  [0m] Started LVM2 metadata daemon.
[[0;32m  OK  [0m] Started File System Check Daemon to report status.
         Starting Create Static Device Nodes in /dev...
[[0;32m  OK  [0m] Started File System Check on Root Device.
         Starting Remount Root and Kernel File Systems...
[[0;32m  OK  [0m] Started Journal Service.
[[0;32m  OK  [0m] Started Create Static Device Nodes in /dev.
[[0;32m  OK  [0m] Started udev Coldplug all Devices.
[   10.142765] EXT4-fs (sda1): re-mounted. Opts: (null)
[[0;32m  OK  [0m] Started Remount Root and Kernel File Systems.
         Starting udev Kernel Device Manager...
         Starting Flush Journal to Persistent Storage...
         Starting Load/Save Random Seed...
[   10.177829] iscsi: registered transport (iser)
[[0;32m  OK  [0m] Started Load Kernel Modules.
         Starting Apply Kernel Variables...
         Mounting Kernel Configuration File System...
         Mounting FUSE Control File System...
[[0;32m  OK  [0m] Mounted Kernel Configuration File System.
[[0;32m  OK  [0m] Started Load/Save Random Seed.
[[0;32m  OK  [0m] Mounted FUSE Control File System.
[   10.202412] systemd-journald[408]: Received request to flush runtime journal from PID 1
[[0;32m  OK  [0m] Started Monitoring of LVM2 mirrors,…sing dmeventd or progress polling.
[[0;32m  OK  [0m] Started udev Kernel Device Manager.
[[0;32m  OK  [0m] Started Apply Kernel Variables.
[[0;32m  OK  [0m] Started Flush Journal to Persistent Storage.
[[0;32m  OK  [0m] Started Set the console keyboard layout.
[[0;32m  OK  [0m] Started Dispatch Password Requests to Console Directory Watch.
[[0;32m  OK  [0m] Reached target Local Encrypted Volumes.
[[0;32m  OK  [0m] Reached target Local File Systems (Pre).
[[0;32m  OK  [0m] Reached target Local File Systems.
         Starting AppArmor initialization...
         Starting ebtables ruleset management...
         Starting Tell Plymouth To Write Out Runtime Data...
         Starting Set console font and keymap...
         Starting Create Volatile Files and Directories...
[[0;32m  OK  [0m] Started Tell Plymouth To Write Out Runtime Data.
[[0;32m  OK  [0m] Started Set console font and keymap.
[[0;32m  OK  [0m] Started Create Volatile Files and Directories.
         Starting Update UTMP about System Boot/Shutdown...
[[0;32m  OK  [0m] Started Update UTMP about System Boot/Shutdown.
[[0;32m  OK  [0m] Started ebtables ruleset management.
[[0;32m  OK  [0m] Found device /dev/ttyS0.
[[0;32m  OK  [0m] Started AppArmor initialization.
         Starting Load AppArmor profiles managed internally by snapd...
         Starting Initial cloud-init job (pre-networking)...
[[0;32m  OK  [0m] Started Load AppArmor profiles managed internally by snapd.
[[0;32m  OK  [0m] Listening on Load/Save RF Kill Switch Status /dev/rfkill Watch.
[   12.558124] cloud-init[524]: Cloud-init v. 20.4.1-0ubuntu1~18.04.1 running 'init-local' at Tue, 30 Mar 2021 21:34:27 +0000. Up 12.29 seconds.
[[0;32m  OK  [0m] Started Initial cloud-init job (pre-networking).
[[0;32m  OK  [0m] Reached target Network (Pre).
         Starting Network Service...
[[0;32m  OK  [0m] Started Network Service.
         Starting Wait for Network to be Configured...
         Starting Network Name Resolution...
[[0;32m  OK  [0m] Started Network Name Resolution.
[[0;32m  OK  [0m] Reached target Host and Network Name Lookups.
[[0;32m  OK  [0m] Reached target Network.
[[0;32m  OK  [0m] Started Wait for Network to be Configured.
         Starting Initial cloud-init job (metadata service crawler)...
[   14.913967] cloud-init[675]: Cloud-init v. 20.4.1-0ubuntu1~18.04.1 running 'init' at Tue, 30 Mar 2021 21:34:29 +0000. Up 14.72 seconds.
[   14.916658] cloud-init[675]: ci-info: ++++++++++++++++++++++++++++++++++++++Net device info++++++++++++++++++++++++++++++++++++++
[   14.919178] cloud-init[675]: ci-info: +--------+------+----------------------------+---------------+--------+-------------------+
[   14.920890] cloud-init[675]: ci-info: | Device |  Up  |          Address           |      Mask     | Scope  |     Hw-Address    |
[   14.923024] cloud-init[675]: ci-info: +--------+------+----------------------------+---------------+--------+-------------------+
[   14.925664] cloud-init[675]: ci-info: | enp0s3 | True |         10.0.2.15          | 255.255.255.0 | global | 02:dd:e5:eb:6c:77 |
[   14.927869] cloud-init[675]: ci-info: | enp0s3 | True | fe80::dd:e5ff:feeb:6c77/64 |       .       |  link  | 02:dd:e5:eb:6c:77 |
[   14.929597] cloud-init[675]: ci-info: |   lo   | True |         127.0.0.1          |   255.0.0.0   |  host  |         .         |
[   14.931875] cloud-init[675]: ci-info: |   lo   | True |          ::1/128           |       .       |  host  |         .         |
[   14.933221] cloud-init[675]: ci-info: +--------+------+----------------------------+---------------+--------+-------------------+
[   14.934481] cloud-init[675]: ci-info: ++++++++++++++++++++++++++++Route IPv4 info+++++++++++++++++++++++++++++
[   14.935647] cloud-init[675]: ci-info: +-------+-------------+----------+-----------------+-----------+-------+
[   14.936767] cloud-init[675]: ci-info: | Route | Destination | Gateway  |     Genmask     | Interface | Flags |
[   14.937793] cloud-init[675]: ci-info: +-------+-------------+----------+-----------------+-----------+-------+
[   14.938959] cloud-init[675]: ci-info: |   0   |   0.0.0.0   | 10.0.2.2 |     0.0.0.0     |   enp0s3  |   UG  |
[   14.940127] cloud-init[675]: ci-info: |   1   |   10.0.2.0  | 0.0.0.0  |  255.255.255.0  |   enp0s3  |   U   |
[   14.942451] cloud-init[675]: ci-info: |   2   |   10.0.2.2  | 0.0.0.0  | 255.255.255.255 |   enp0s3  |   UH  |
[   14.944251] cloud-init[675]: ci-info: +-------+-------------+----------+-----------------+-----------+-------+
[   14.945996] cloud-init[675]: ci-info: +++++++++++++++++++Route IPv6 info+++++++++++++++++++
[   14.947427] cloud-init[675]: ci-info: +-------+-------------+---------+-----------+-------+
[   14.948869] cloud-init[675]: ci-info: | Route | Destination | Gateway | Interface | Flags |
[   14.950366] cloud-init[675]: ci-info: +-------+-------------+---------+-----------+-------+
[   14.951898] cloud-init[675]: ci-info: |   1   |  fe80::/64  |    ::   |   enp0s3  |   U   |
[   14.953370] cloud-init[675]: ci-info: |   3   |    local    |    ::   |   enp0s3  |   U   |
[   14.954787] cloud-init[675]: ci-info: |   4   |   ff00::/8  |    ::   |   enp0s3  |   U   |
[   14.956437] cloud-init[675]: ci-info: +-------+-------------+---------+-----------+-------+
[[0;32m  OK  [0m] Started Initial cloud-init job (metadata service crawler).
[[0;32m  OK  [0m] Reached target Network is Online.
[[0;32m  OK  [0m] Reached target Remote File Systems (Pre).
[[0;32m  OK  [0m] Reached target Remote File Systems.
         Starting Availability of block devices...
[[0;32m  OK  [0m] Reached target Cloud-config availability.
[[0;32m  OK  [0m] Reached target System Initialization.
[[0;32m  OK  [0m] Started Message of the Day.
[[0;32m  OK  [0m] Listening on Open-iSCSI iscsid Socket.
[[0;32m  OK  [0m] Listening on UUID daemon activation socket.
[[0;32m  OK  [0m] Started Discard unused blocks once a week.
[[0;32m  OK  [0m] Listening on ACPID Listen Socket.
         Starting Socket activation for snappy daemon.
         Starting LXD - unix socket.
[[0;32m  OK  [0m] Started ACPI Events Check.
[[0;32m  OK  [0m] Reached target Paths.
[[0;32m  OK  [0m] Started Daily apt download activities.
[[0;32m  OK  [0m] Started Daily apt upgrade and clean activities.
[[0;32m  OK  [0m] Started Daily Cleanup of Temporary Directories.
[[0;32m  OK  [0m] Reached target Timers.
[[0;32m  OK  [0m] Listening on D-Bus System Message Bus Socket.
[[0;32m  OK  [0m] Started Availability of block devices.
[[0;32m  OK  [0m] Listening on Socket activation for snappy daemon.
[[0;32m  OK  [0m] Listening on LXD - unix socket.
[[0;32m  OK  [0m] Reached target Sockets.
[[0;32m  OK  [0m] Reached target Basic System.
         Starting A high performance web server and a reverse proxy server...
         Starting Accounts Service...
[[0;32m  OK  [0m] Started MDS Webapp.
[[0;32m  OK  [0m] Started Regular background program processing daemon.
[[0;32m  OK  [0m] Started FUSE filesystem for LXC.
         Starting Login Service...
         Starting LXD - container startup/shutdown...
         Starting Permit User Sessions...
[[0;32m  OK  [0m] Started Deferred execution scheduler.
[[0;32m  OK  [0m] Started irqbalance daemon.
         Starting OpenBSD Secure Shell server...
         Starting Snap Daemon...
         Starting LSB: Record successful boot for GRUB...
         Starting LSB: automatic crash report generation...
         Starting Virtualbox guest utils...
[[0;32m  OK  [0m] Started D-Bus System Message Bus.
[[0;32m  OK  [0m] Started Login Service.
[[0;32m  OK  [0m] Started Unattended Upgrades Shutdown.
         Starting Dispatcher daemon for systemd-networkd...
         Starting System Logging Service...
[[0;32m  OK  [0m] Started Permit User Sessions.
         Starting Terminate Plymouth Boot Screen...
         Starting Hold until boot process finishes up...
[[0;32m  OK  [0m] Started Hold until boot process finishes up.
         Starting Set console scheme...
[[0;32m  OK  [0m] Started Serial Getty on ttyS0.
[[0;32m  OK  [0m] Started Terminate Plymouth Boot Screen.
[[0;32m  OK  [0m] Started A high performance web server and a reverse proxy server.
[[0;32m  OK  [0m] Started OpenBSD Secure Shell server.
[[0;32m  OK  [0m] Started System Logging Service.
[[0;32m  OK  [0m] Started Set console scheme.
[[0;32m  OK  [0m] Created slice system-getty.slice.
[[0;32m  OK  [0m] Started Getty on tty1.
[[0;32m  OK  [0m] Reached target Login Prompts.
         Starting Authorization Manager...
[[0;32m  OK  [0m] Started LSB: automatic crash report generation.
[[0;32m  OK  [0m] Started LSB: Record successful boot for GRUB.
[[0;32m  OK  [0m] Started Authorization Manager.
[[0;32m  OK  [0m] Started Accounts Service.
[[0;32m  OK  [0m] Started Virtualbox guest utils.
[[0;32m  OK  [0m] Started LXD - container startup/shutdown.
[[0;32m  OK  [0m] Started Dispatcher daemon for systemd-networkd.
[[0;32m  OK  [0m] Created slice User Slice of vagrant.
         Starting User Manager for UID 1000...
[[0;32m  OK  [0m] Started Session 1 of user vagrant.
[[0;32m  OK  [0m] Started Snap Daemon.
         Starting Wait until snapd is fully seeded...
[[0;32m  OK  [0m] Started Wait until snapd is fully seeded.
         Starting Apply the settings specified in cloud-config...
[[0;32m  OK  [0m] Reached target Multi-User System.
[[0;32m  OK  [0m] Reached target Graphical Interface.
         Starting Update UTMP about System Runlevel Changes...
[[0;32m  OK  [0m] Started Update UTMP about System Runlevel Changes.
[[0;32m  OK  [0m] Started User Manager for UID 1000.
[   18.054600] cloud-init[1154]: Cloud-init v. 20.4.1-0ubuntu1~18.04.1 running 'modules:config' at Tue, 30 Mar 2021 21:34:32 +0000. Up 17.92 seconds.
[[0;32m  OK  [0m] Started Apply the settings specified in cloud-config.
         Starting Execute cloud user/final scripts...
         Stopping User Manager for UID 1000...
[[0;32m  OK  [0m] Stopped User Manager for UID 1000.
[[0;32m  OK  [0m] Removed slice User Slice of vagrant.
[   18.826436] cloud-init[1218]: Cloud-init v. 20.4.1-0ubuntu1~18.04.1 running 'modules:final' at Tue, 30 Mar 2021 21:34:33 +0000. Up 18.66 seconds.
[   18.828801] cloud-init[1218]: Cloud-init v. 20.4.1-0ubuntu1~18.04.1 finished at Tue, 30 Mar 2021 21:34:33 +0000. Datasource DataSourceNoCloud [seed=/dev/sdb][dsmode=net].  Up 18.81 seconds
[[0;32m  OK  [0m] Started Execute cloud user/final scripts.
[[0;32m  OK  [0m] Reached target Cloud-init target.

Ubuntu 18.04.5 LTS devops ttyS0

devops login: 