[    0.000000] Linux version 4.15.0-136-generic (buildd@lcy01-amd64-029) (gcc version 7.5.0 (Ubuntu 7.5.0-3ubuntu1~18.04)) #140-Ubuntu SMP Thu Jan 28 05:20:47 UTC 2021 (Ubuntu 4.15.0-136.140-generic 4.15.18)
[    0.000000] Command line: BOOT_IMAGE=/boot/vmlinuz-4.15.0-136-generic root=LABEL=cloudimg-rootfs ro console=tty1 console=ttyS0
[    0.000000] KERNEL supported cpus:
[    0.000000]   Intel GenuineIntel
[    0.000000]   AMD AuthenticAMD
[    0.000000]   Centaur CentaurHauls
[    0.000000] x86/fpu: Supporting XSAVE feature 0x001: 'x87 floating point registers'
[    0.000000] x86/fpu: Supporting XSAVE feature 0x002: 'SSE registers'
[    0.000000] x86/fpu: Supporting XSAVE feature 0x004: 'AVX registers'
[    0.000000] x86/fpu: xstate_offset[2]:  576, xstate_sizes[2]:  256
[    0.000000] x86/fpu: Enabled xstate features 0x7, context size is 832 bytes, using 'standard' format.
[    0.000000] e820: BIOS-provided physical RAM map:
[    0.000000] BIOS-e820: [mem 0x0000000000000000-0x000000000009fbff] usable
[    0.000000] BIOS-e820: [mem 0x000000000009fc00-0x000000000009ffff] reserved
[    0.000000] BIOS-e820: [mem 0x00000000000f0000-0x00000000000fffff] reserved
[    0.000000] BIOS-e820: [mem 0x0000000000100000-0x000000003ffeffff] usable
[    0.000000] BIOS-e820: [mem 0x000000003fff0000-0x000000003fffffff] ACPI data
[    0.000000] BIOS-e820: [mem 0x00000000fec00000-0x00000000fec00fff] reserved
[    0.000000] BIOS-e820: [mem 0x00000000fee00000-0x00000000fee00fff] reserved
[    0.000000] BIOS-e820: [mem 0x00000000fffc0000-0x00000000ffffffff] reserved
[    0.000000] NX (Execute Disable) protection: active
[    0.000000] SMBIOS 2.5 present.
[    0.000000] DMI: innotek GmbH VirtualBox/VirtualBox, BIOS VirtualBox 12/01/2006
[    0.000000] Hypervisor detected: KVM
[    0.000000] e820: last_pfn = 0x3fff0 max_arch_pfn = 0x400000000
[    0.000000] MTRR: Disabled
[    0.000000] x86/PAT: MTRRs disabled, skipping PAT initialization too.
[    0.000000] CPU MTRRs all blank - virtualized system.
[    0.000000] x86/PAT: Configuration [0-7]: WB  WT  UC- UC  WB  WT  UC- UC  
[    0.000000] found SMP MP-table at [mem 0x0009fff0-0x0009ffff]
[    0.000000] Scanning 1 areas for low memory corruption
[    0.000000] RAMDISK: [mem 0x35a63000-0x36d28fff]
[    0.000000] ACPI: Early table checksum verification disabled
[    0.000000] ACPI: RSDP 0x00000000000E0000 000024 (v02 VBOX  )
[    0.000000] ACPI: XSDT 0x000000003FFF0030 00003C (v01 VBOX   VBOXXSDT 00000001 ASL  00000061)
[    0.000000] ACPI: FACP 0x000000003FFF00F0 0000F4 (v04 VBOX   VBOXFACP 00000001 ASL  00000061)
[    0.000000] ACPI: DSDT 0x000000003FFF0470 002325 (v02 VBOX   VBOXBIOS 00000002 INTL 20190509)
[    0.000000] ACPI: FACS 0x000000003FFF0200 000040
[    0.000000] ACPI: FACS 0x000000003FFF0200 000040
[    0.000000] ACPI: APIC 0x000000003FFF0240 00005C (v02 VBOX   VBOXAPIC 00000001 ASL  00000061)
[    0.000000] ACPI: SSDT 0x000000003FFF02A0 0001CC (v01 VBOX   VBOXCPUT 00000002 INTL 20190509)
[    0.000000] No NUMA configuration found
[    0.000000] Faking a node at [mem 0x0000000000000000-0x000000003ffeffff]
[    0.000000] NODE_DATA(0) allocated [mem 0x3ffc5000-0x3ffeffff]
[    0.000000] kvm-clock: cpu 0, msr 0:3ff44001, primary cpu clock
[    0.000000] kvm-clock: Using msrs 4b564d01 and 4b564d00
[    0.000000] kvm-clock: using sched offset of 4009154385 cycles
[    0.000000] clocksource: kvm-clock: mask: 0xffffffffffffffff max_cycles: 0x1cd42e4dffb, max_idle_ns: 881590591483 ns
[    0.000000] Zone ranges:
[    0.000000]   DMA      [mem 0x0000000000001000-0x0000000000ffffff]
[    0.000000]   DMA32    [mem 0x0000000001000000-0x000000003ffeffff]
[    0.000000]   Normal   empty
[    0.000000]   Device   empty
[    0.000000] Movable zone start for each node
[    0.000000] Early memory node ranges
[    0.000000]   node   0: [mem 0x0000000000001000-0x000000000009efff]
[    0.000000]   node   0: [mem 0x0000000000100000-0x000000003ffeffff]
[    0.000000] Reserved but unavailable: 98 pages
[    0.000000] Initmem setup node 0 [mem 0x0000000000001000-0x000000003ffeffff]
[    0.000000] ACPI: PM-Timer IO Port: 0x4008
[    0.000000] IOAPIC[0]: apic_id 2, version 32, address 0xfec00000, GSI 0-23
[    0.000000] ACPI: INT_SRC_OVR (bus 0 bus_irq 0 global_irq 2 dfl dfl)
[    0.000000] ACPI: INT_SRC_OVR (bus 0 bus_irq 9 global_irq 9 low level)
[    0.000000] Using ACPI (MADT) for SMP configuration information
[    0.000000] smpboot: Allowing 2 CPUs, 0 hotplug CPUs
[    0.000000] PM: Registered nosave memory: [mem 0x00000000-0x00000fff]
[    0.000000] PM: Registered nosave memory: [mem 0x0009f000-0x0009ffff]
[    0.000000] PM: Registered nosave memory: [mem 0x000a0000-0x000effff]
[    0.000000] PM: Registered nosave memory: [mem 0x000f0000-0x000fffff]
[    0.000000] e820: [mem 0x40000000-0xfebfffff] available for PCI devices
[    0.000000] Booting paravirtualized kernel on KVM
[    0.000000] clocksource: refined-jiffies: mask: 0xffffffff max_cycles: 0xffffffff, max_idle_ns: 7645519600211568 ns
[    0.000000] random: get_random_bytes called from start_kernel+0x99/0x500 with crng_init=0
[    0.000000] setup_percpu: NR_CPUS:8192 nr_cpumask_bits:2 nr_cpu_ids:2 nr_node_ids:1
[    0.000000] percpu: Embedded 45 pages/cpu s147456 r8192 d28672 u1048576
[    0.000000] PV qspinlock hash table entries: 256 (order: 0, 4096 bytes)
[    0.000000] Built 1 zonelists, mobility grouping on.  Total pages: 257913
[    0.000000] Policy zone: DMA32
[    0.000000] Kernel command line: BOOT_IMAGE=/boot/vmlinuz-4.15.0-136-generic root=LABEL=cloudimg-rootfs ro console=tty1 console=ttyS0
[    0.000000] Memory: 983020K/1048120K available (12300K kernel code, 2482K rwdata, 4276K rodata, 2440K init, 2724K bss, 65100K reserved, 0K cma-reserved)
[    0.000000] SLUB: HWalign=64, Order=0-3, MinObjects=0, CPUs=2, Nodes=1
[    0.000000] Kernel/User page tables isolation: enabled
[    0.000000] ftrace: allocating 39427 entries in 155 pages
[    0.004000] Hierarchical RCU implementation.
[    0.004000] 	RCU restricting CPUs from NR_CPUS=8192 to nr_cpu_ids=2.
[    0.004000] 	Tasks RCU enabled.
[    0.004000] RCU: Adjusting geometry for rcu_fanout_leaf=16, nr_cpu_ids=2
[    0.004000] NR_IRQS: 524544, nr_irqs: 440, preallocated irqs: 16
[    0.004000] Console: colour VGA+ 80x25
[    0.004000] console [tty1] enabled
[    0.004000] console [ttyS0] enabled
[    0.004000] ACPI: Core revision 20170831
[    0.004000] ACPI: 2 ACPI AML tables successfully acquired and loaded
[    0.004000] APIC: Switch to symmetric I/O mode setup
[    0.004000] x2apic enabled
[    0.004000] Switched APIC routing to physical x2apic.
[    0.004000] ..TIMER: vector=0x30 apic1=0 pin1=2 apic2=-1 pin2=-1
[    0.004007] tsc: Detected 2594.432 MHz processor
[    0.005142] Calibrating delay loop (skipped) preset value.. 5188.86 BogoMIPS (lpj=10377728)
[    0.008008] pid_max: default: 32768 minimum: 301
[    0.009085] Security Framework initialized
[    0.010020] Yama: becoming mindful.
[    0.012062] AppArmor: AppArmor initialized
[    0.017165] Dentry cache hash table entries: 131072 (order: 8, 1048576 bytes)
[    0.020323] Inode-cache hash table entries: 65536 (order: 7, 524288 bytes)
[    0.024037] Mount-cache hash table entries: 2048 (order: 2, 16384 bytes)
[    0.026006] Mountpoint-cache hash table entries: 2048 (order: 2, 16384 bytes)
[    0.028298] Last level iTLB entries: 4KB 512, 2MB 8, 4MB 8
[    0.029643] Last level dTLB entries: 4KB 512, 2MB 32, 4MB 32, 1GB 0
[    0.030879] Spectre V1 : Mitigation: usercopy/swapgs barriers and __user pointer sanitization
[    0.032008] Spectre V2 : Mitigation: Full generic retpoline
[    0.033051] Spectre V2 : Spectre v2 / SpectreRSB mitigation: Filling RSB on context switch
[    0.036009] Speculative Store Bypass: Vulnerable
[    0.037524] SRBDS: Unknown: Dependent on hypervisor status
[    0.038453] MDS: Mitigation: Clear CPU buffers
[    0.039389] Freeing SMP alternatives memory: 36K
[    0.152629] smpboot: CPU0: Intel(R) Core(TM) i5-3320M CPU @ 2.60GHz (family: 0x6, model: 0x3a, stepping: 0x9)
[    0.154411] Performance Events: unsupported p6 CPU model 58 no PMU driver, software events only.
[    0.156123] Hierarchical SRCU implementation.
[    0.159371] NMI watchdog: Perf event create on CPU 0 failed with -2
[    0.160008] NMI watchdog: Perf NMI watchdog permanently disabled
[    0.164365] smp: Bringing up secondary CPUs ...
[    0.165915] x86: Booting SMP configuration:
[    0.166935] .... node  #0, CPUs:      #1
[    0.004000] kvm-clock: cpu 1, msr 0:3ff44041, secondary cpu clock
[    0.172059] smp: Brought up 1 node, 2 CPUs
[    0.172979] smpboot: Max logical packages: 1
[    0.173951] smpboot: Total of 2 processors activated (10377.72 BogoMIPS)
[    0.175402] devtmpfs: initialized
[    0.176066] x86/mm: Memory block size: 128MB
[    0.176905] evm: security.selinux
[    0.177917] evm: security.SMACK64
[    0.178472] evm: security.SMACK64EXEC
[    0.179417] evm: security.SMACK64TRANSMUTE
[    0.180007] evm: security.SMACK64MMAP
[    0.181209] evm: security.apparmor
[    0.182293] evm: security.ima
[    0.184009] evm: security.capability
[    0.185234] clocksource: jiffies: mask: 0xffffffff max_cycles: 0xffffffff, max_idle_ns: 7645041785100000 ns
[    0.185665] futex hash table entries: 512 (order: 3, 32768 bytes)
[    0.189396] pinctrl core: initialized pinctrl subsystem
[    0.192268] RTC time:  0:05:42, date: 03/31/21
[    0.195352] NET: Registered protocol family 16
[    0.196101] audit: initializing netlink subsys (disabled)
[    0.197012] audit: type=2000 audit(1617149147.940:1): state=initialized audit_enabled=0 res=1
[    0.197392] cpuidle: using governor ladder
[    0.197392] cpuidle: using governor menu
[    0.200078] ACPI: bus type PCI registered
[    0.200868] acpiphp: ACPI Hot Plug PCI Controller Driver version: 0.5
[    0.202287] PCI: Using configuration type 1 for base access
[    0.205384] HugeTLB registered 2.00 MiB page size, pre-allocated 0 pages
[    0.205610] ACPI: Added _OSI(Module Device)
[    0.208015] ACPI: Added _OSI(Processor Device)
[    0.209030] ACPI: Added _OSI(3.0 _SCP Extensions)
[    0.210889] ACPI: Added _OSI(Processor Aggregator Device)
[    0.212009] ACPI: Added _OSI(Linux-Dell-Video)
[    0.212735] ACPI: Added _OSI(Linux-Lenovo-NV-HDMI-Audio)
[    0.213624] ACPI: Added _OSI(Linux-HPI-Hybrid-Graphics)
[    0.216014] ACPI: Executed 1 blocks of module-level executable AML code
[    0.222838] ACPI: Interpreter enabled
[    0.223919] ACPI: (supports S0 S5)
[    0.224011] ACPI: Using IOAPIC for interrupt routing
[    0.228231] PCI: Using host bridge windows from ACPI; if necessary, use "pci=nocrs" and report a bug
[    0.231286] ACPI: Enabled 2 GPEs in block 00 to 07
[    0.242388] ACPI: PCI Root Bridge [PCI0] (domain 0000 [bus 00-ff])
[    0.244026] acpi PNP0A03:00: _OSC: OS supports [ASPM ClockPM Segments MSI]
[    0.248343] acpi PNP0A03:00: _OSC: not requesting OS control; OS requires [ExtendedConfig ASPM ClockPM MSI]
[    0.250604] acpi PNP0A03:00: fail to add MMCONFIG information, can't access extended PCI configuration space under this bridge.
[    0.252671] PCI host bridge to bus 0000:00
[    0.253411] pci_bus 0000:00: root bus resource [io  0x0000-0x0cf7 window]
[    0.254723] pci_bus 0000:00: root bus resource [io  0x0d00-0xffff window]
[    0.256006] pci_bus 0000:00: root bus resource [mem 0x000a0000-0x000bffff window]
[    0.257184] pci_bus 0000:00: root bus resource [mem 0x40000000-0xfdffffff window]
[    0.258832] pci_bus 0000:00: root bus resource [bus 00-ff]
[    0.262126] pci 0000:00:01.1: legacy IDE quirk: reg 0x10: [io  0x01f0-0x01f7]
[    0.264011] pci 0000:00:01.1: legacy IDE quirk: reg 0x14: [io  0x03f6]
[    0.265259] pci 0000:00:01.1: legacy IDE quirk: reg 0x18: [io  0x0170-0x0177]
[    0.268008] pci 0000:00:01.1: legacy IDE quirk: reg 0x1c: [io  0x0376]
[    0.298932] pci 0000:00:07.0: quirk: [io  0x4000-0x403f] claimed by PIIX4 ACPI
[    0.300030] pci 0000:00:07.0: quirk: [io  0x4100-0x410f] claimed by PIIX4 SMB
[    0.314424] ACPI: PCI Interrupt Link [LNKA] (IRQs 5 9 10 *11)
[    0.316407] ACPI: PCI Interrupt Link [LNKB] (IRQs 5 9 *10 11)
[    0.317640] ACPI: PCI Interrupt Link [LNKC] (IRQs 5 *9 10 11)
[    0.318785] ACPI: PCI Interrupt Link [LNKD] (IRQs 5 9 10 *11)
[    0.320632] SCSI subsystem initialized
[    0.321617] pci 0000:00:02.0: vgaarb: setting as boot VGA device
[    0.321704] pci 0000:00:02.0: vgaarb: VGA device added: decodes=io+mem,owns=io+mem,locks=none
[    0.324134] pci 0000:00:02.0: vgaarb: bridge control possible
[    0.328009] vgaarb: loaded
[    0.332038] ACPI: bus type USB registered
[    0.333333] usbcore: registered new interface driver usbfs
[    0.334752] usbcore: registered new interface driver hub
[    0.336033] usbcore: registered new device driver usb
[    0.337380] EDAC MC: Ver: 3.0.0
[    0.338891] PCI: Using ACPI for IRQ routing
[    0.340232] NetLabel: Initializing
[    0.341042] NetLabel:  domain hash size = 128
[    0.342025] NetLabel:  protocols = UNLABELED CIPSOv4 CALIPSO
[    0.343690] NetLabel:  unlabeled traffic allowed by default
[    0.344106] clocksource: Switched to clocksource kvm-clock
[    0.361272] VFS: Disk quotas dquot_6.6.0
[    0.362394] VFS: Dquot-cache hash table entries: 512 (order 0, 4096 bytes)
[    0.364131] AppArmor: AppArmor Filesystem Enabled
[    0.367750] pnp: PnP ACPI init
[    0.370031] pnp: PnP ACPI: found 3 devices
[    0.382277] clocksource: acpi_pm: mask: 0xffffff max_cycles: 0xffffff, max_idle_ns: 2085701024 ns
[    0.385290] NET: Registered protocol family 2
[    0.386823] TCP established hash table entries: 8192 (order: 4, 65536 bytes)
[    0.390308] TCP bind hash table entries: 8192 (order: 5, 131072 bytes)
[    0.395203] TCP: Hash tables configured (established 8192 bind 8192)
[    0.397073] UDP hash table entries: 512 (order: 2, 16384 bytes)
[    0.398578] UDP-Lite hash table entries: 512 (order: 2, 16384 bytes)
[    0.400324] NET: Registered protocol family 1
[    0.401547] pci 0000:00:00.0: Limiting direct PCI/PCI transfers
[    0.403307] pci 0000:00:01.0: Activating ISA DMA hang workarounds
[    0.405062] pci 0000:00:02.0: Video device with shadowed ROM at [mem 0x000c0000-0x000dffff]
[    0.407394] Unpacking initramfs...
[    0.792759] Freeing initrd memory: 19224K
[    0.793984] clocksource: tsc: mask: 0xffffffffffffffff max_cycles: 0x2565b0438b8, max_idle_ns: 440795290445 ns
[    0.798072] platform rtc_cmos: registered platform RTC device (no PNP device found)
[    0.800334] Scanning for low memory corruption every 60 seconds
[    0.803099] Initialise system trusted keyrings
[    0.804931] Key type blacklist registered
[    0.806712] workingset: timestamp_bits=36 max_order=18 bucket_order=0
[    0.818618] zbud: loaded
[    0.819913] squashfs: version 4.0 (2009/01/31) Phillip Lougher
[    0.823066] fuse init (API version 7.26)
[    0.828734] Key type asymmetric registered
[    0.829766] Asymmetric key parser 'x509' registered
[    0.831228] Block layer SCSI generic (bsg) driver version 0.4 loaded (major 246)
[    0.835516] io scheduler noop registered
[    0.836530] io scheduler deadline registered
[    0.837849] io scheduler cfq registered (default)
[    0.840423] ACPI: AC Adapter [AC] (on-line)
[    0.859432] input: Power Button as /devices/LNXSYSTM:00/LNXPWRBN:00/input/input0
[    0.862048] ACPI: Power Button [PWRF]
[    0.863149] input: Sleep Button as /devices/LNXSYSTM:00/LNXSLPBN:00/input/input1
[    0.865319] ACPI: Sleep Button [SLPF]
[    0.868210] ACPI: Battery Slot [BAT0] (battery present)
[    0.868394] Serial: 8250/16550 driver, 32 ports, IRQ sharing enabled
[    0.891275] 00:02: ttyS0 at I/O 0x3f8 (irq = 4, base_baud = 115200) is a 16550A
[    0.897169] Linux agpgart interface v0.103
[    0.901609] loop: module loaded
[    0.903564] scsi host0: ata_piix
[    0.905517] scsi host1: ata_piix
[    0.906441] ata1: PATA max UDMA/33 cmd 0x1f0 ctl 0x3f6 bmdma 0xd000 irq 14
[    0.909662] ata2: PATA max UDMA/33 cmd 0x170 ctl 0x376 bmdma 0xd008 irq 15
[    0.911980] libphy: Fixed MDIO Bus: probed
[    0.913423] tun: Universal TUN/TAP device driver, 1.6
[    0.915677] PPP generic driver version 2.4.2
[    0.916924] ehci_hcd: USB 2.0 'Enhanced' Host Controller (EHCI) Driver
[    0.918757] ehci-pci: EHCI PCI platform driver
[    0.919816] ehci-platform: EHCI generic platform driver
[    0.921761] ohci_hcd: USB 1.1 'Open' Host Controller (OHCI) Driver
[    0.924641] ohci-pci: OHCI PCI platform driver
[    0.926562] ohci-platform: OHCI generic platform driver
[    0.928732] uhci_hcd: USB Universal Host Controller Interface driver
[    0.931013] i8042: PNP: PS/2 Controller [PNP0303:PS2K,PNP0f03:PS2M] at 0x60,0x64 irq 1,12
[    0.935231] serio: i8042 KBD port at 0x60,0x64 irq 1
[    0.937630] serio: i8042 AUX port at 0x60,0x64 irq 12
[    0.939461] mousedev: PS/2 mouse device common for all mice
[    0.941902] input: AT Translated Set 2 keyboard as /devices/platform/i8042/serio0/input/input2
[    0.945394] rtc_cmos rtc_cmos: rtc core: registered rtc_cmos as rtc0
[    0.946886] rtc_cmos rtc_cmos: alarms up to one day, 114 bytes nvram
[    0.949084] i2c /dev entries driver
[    0.950688] device-mapper: uevent: version 1.0.3
[    0.952873] device-mapper: ioctl: 4.37.0-ioctl (2017-09-20) initialised: dm-devel@redhat.com
[    0.959052] ledtrig-cpu: registered to indicate activity on CPUs
[    0.962405] NET: Registered protocol family 10
[    0.970614] Segment Routing with IPv6
[    0.972561] NET: Registered protocol family 17
[    0.976900] Key type dns_resolver registered
[    0.979206] mce: Using 0 MCE banks
[    0.980978] RAS: Correctable Errors collector initialized.
[    0.982807] sched_clock: Marking stable (980923560, 0)->(1173782944, -192859384)
[    0.985890] registered taskstats version 1
[    0.987552] Loading compiled-in X.509 certificates
[    0.994203] Loaded X.509 cert 'Build time autogenerated kernel key: c356b48d5f070be9e15fb09bbd57426939f0386e'
[    0.997110] zswap: loaded using pool lzo/zbud
[    1.006581] Key type big_key registered
[    1.008407] Key type trusted registered
[    1.013094] Key type encrypted registered
[    1.014221] AppArmor: AppArmor sha1 policy hashing enabled
[    1.015450] ima: No TPM chip found, activating TPM-bypass! (rc=-19)
[    1.016981] ima: Allocated hash algorithm: sha1
[    1.018527] evm: HMAC attrs: 0x1
[    1.019319]   Magic number: 13:819:52
[    1.020049] rtc_cmos rtc_cmos: setting system clock to 2021-03-31 00:05:43 UTC (1617149143)
[    1.022678] BIOS EDD facility v0.16 2004-Jun-25, 0 devices found
[    1.024440] EDD information not available.
[    1.097631] Freeing unused kernel image memory: 2440K
[    1.111485] Write protecting the kernel read-only data: 20480k
[    1.114186] Freeing unused kernel image memory: 2008K
[    1.116073] Freeing unused kernel image memory: 1868K
[    1.130044] x86/mm: Checked W+X mappings: passed, no W+X pages found.
[    1.131852] x86/mm: Checking user space page tables
[    1.145756] x86/mm: Checked W+X mappings: passed, no W+X pages found.
Loading, please wait...
starting version 237
[    1.307467] Fusion MPT base driver 3.04.20
[    1.308791] Copyright (c) 1999-2008 LSI Corporation
[    1.317306] e1000: Intel(R) PRO/1000 Network Driver - version 7.3.21-k8-NAPI
[    1.319536] e1000: Copyright (c) 1999-2006 Intel Corporation.
[    1.352328] Fusion MPT SPI Host driver 3.04.20
[    1.355010] AVX version of gcm_enc/dec engaged.
[    1.356280] AES CTR mode by8 optimization enabled
[    1.534223] input: ImExPS/2 Generic Explorer Mouse as /devices/platform/i8042/serio1/input/input4
[    1.779671] e1000 0000:00:03.0 eth0: (PCI:33MHz:32-bit) 02:dd:e5:eb:6c:77
[    1.796173] e1000 0000:00:03.0 eth0: Intel(R) PRO/1000 Network Connection
[    1.802972] mptbase: ioc0: Initiating bringup
[    1.805518] e1000 0000:00:03.0 enp0s3: renamed from eth0
[    1.896498] ioc0: LSI53C1030 A0: Capabilities={Initiator}
[    2.138912] scsi host2: ioc0: LSI53C1030 A0, FwRev=00000000h, Ports=1, MaxQ=256, IRQ=20
[    2.308957] scsi 2:0:0:0: Direct-Access     VBOX     HARDDISK         1.0  PQ: 0 ANSI: 5
[    2.332131] scsi target2:0:0: Beginning Domain Validation
[    2.334028] scsi target2:0:0: Domain Validation skipping write tests
[    2.335846] scsi target2:0:0: Ending Domain Validation
[    2.338166] scsi target2:0:0: asynchronous
[    2.342299] scsi 2:0:1:0: Direct-Access     VBOX     HARDDISK         1.0  PQ: 0 ANSI: 5
[    3.346888] scsi target2:0:1: Beginning Domain Validation
[    3.349882] random: fast init done
[    3.351061] scsi target2:0:1: Domain Validation skipping write tests
[    3.352226] scsi target2:0:1: Ending Domain Validation
[    3.353669] scsi target2:0:1: asynchronous
[    3.359149] random: systemd-udevd: uninitialized urandom read (16 bytes read)
[    3.360356] random: systemd-udevd: uninitialized urandom read (16 bytes read)
[    3.361818] random: systemd-udevd: uninitialized urandom read (16 bytes read)
[    3.364541] sd 2:0:0:0: [sda] 83886080 512-byte logical blocks: (42.9 GB/40.0 GiB)
[    3.368587] sd 2:0:0:0: [sda] Write Protect is off
[    3.372906] sd 2:0:0:0: Attached scsi generic sg0 type 0
[    3.375072] sd 2:0:0:0: [sda] Incomplete mode parameter data
[    3.376511] sd 2:0:0:0: [sda] Assuming drive cache: write through
[    3.378637] sd 2:0:1:0: [sdb] 20480 512-byte logical blocks: (10.5 MB/10.0 MiB)
[    3.381558] sd 2:0:1:0: [sdb] Write Protect is off
[    3.383098] sd 2:0:1:0: [sdb] Incomplete mode parameter data
[    3.384552] sd 2:0:1:0: [sdb] Assuming drive cache: write through
[    3.386536] sd 2:0:1:0: Attached scsi generic sg1 type 0
[    3.390510]  sda: sda1
[    3.392737] sd 2:0:0:0: [sda] Attached SCSI disk
[    3.394114] sd 2:0:1:0: [sdb] Attached SCSI disk
Begin: Loading essential drivers ... [    5.152223] raid6: sse2x1   gen()  6853 MB/s
[    5.203643] raid6: sse2x1   xor()  5458 MB/s
[    5.252136] raid6: sse2x2   gen()  8648 MB/s
[    5.303635] raid6: sse2x2   xor()  6458 MB/s
[    5.359599] raid6: sse2x4   gen() 10861 MB/s
[    5.408833] raid6: sse2x4   xor()  6603 MB/s
[    5.410033] raid6: using algorithm sse2x4 gen() 10861 MB/s
[    5.411852] raid6: .... xor() 6603 MB/s, rmw enabled
[    5.413307] raid6: using ssse3x2 recovery algorithm
[    5.434918] xor: automatically using best checksumming function   avx       
[    5.439413] async_tx: api initialized (async)
done.
Begin: Running /scripts/init-premount ... done.
Begin: Mounting root file system ... Begin: Running /scripts/local-top ... done.
Begin: Running /scripts/local-premount ... [    5.514308] Btrfs loaded, crc32c=crc32c-intel
Scanning for Btrfs filesystems
done.
Warning: fsck not present, so skipping root file system
[    5.704417] EXT4-fs (sda1): mounted filesystem with ordered data mode. Opts: (null)
done.
Begin: Running /scripts/local-bottom ... done.
Begin: Running /scripts/init-bottom ... done.
[    6.004635] ip_tables: (C) 2000-2006 Netfilter Core Team
[    6.019408] systemd[1]: systemd 237 running in system mode. (+PAM +AUDIT +SELINUX +IMA +APPARMOR +SMACK +SYSVINIT +UTMP +LIBCRYPTSETUP +GCRYPT +GNUTLS +ACL +XZ +LZ4 +SECCOMP +BLKID +ELFUTILS +KMOD -IDN2 +IDN -PCRE2 default-hierarchy=hybrid)
[    6.023303] systemd[1]: Detected virtualization oracle.
[    6.024313] systemd[1]: Detected architecture x86-64.

Welcome to [1mUbuntu 18.04.5 LTS[0m!

[    6.037521] systemd[1]: Set hostname to <ubuntu>.
[    6.050299] systemd[1]: Initializing machine ID from random generator.
[    6.051573] systemd[1]: Installed transient /etc/machine-id file.
[    6.596579] systemd[1]: Reached target System Time Synchronized.
[[0;32m  OK  [0m] Reached target System Time Synchronized.
[    6.669320] systemd[1]: Set up automount Arbitrary Executable File Formats File System Automount Point.
[[0;32m  OK  [0m] Set up automount Arbitrary Executab…rmats File System Automount Point.
[    6.680346] systemd[1]: Started Forward Password Requests to Wall Directory Watch.
[[0;32m  OK  [0m] Started Forward Password Requests to Wall Directory Watch.
[    6.685156] systemd[1]: Reached target Swap.
[[0;32m  OK  [0m] Reached target Swap.
[[0;32m  OK  [0m] Reached target User and Group Name Lookups.
[[0;32m  OK  [0m] Created slice System Slice.
[[0;32m  OK  [0m] Listening on Device-mapper event daemon FIFOs.
[[0;32m  OK  [0m] Listening on Network Service Netlink Socket.
[[0;32m  OK  [0m] Listening on Journal Audit Socket.
[[0;32m  OK  [0m] Listening on Syslog Socket.
[[0;32m  OK  [0m] Listening on LVM2 metadata daemon socket.
[[0;32m  OK  [0m] Listening on LVM2 poll daemon socket.
[[0;32m  OK  [0m] Listening on udev Control Socket.
[[0;32m  OK  [0m] Listening on udev Kernel Socket.
[[0;32m  OK  [0m] Listening on fsck to fsckd communication Socket.
[[0;32m  OK  [0m] Listening on Journal Socket (/dev/log).
[[0;32m  OK  [0m] Listening on /dev/initctl Compatibility Named Pipe.
[[0;32m  OK  [0m] Created slice User and Session Slice.
[[0;32m  OK  [0m] Reached target Slices.
[[0;32m  OK  [0m] Created slice system-serial\x2dgetty.slice.
[[0;32m  OK  [0m] Listening on Journal Socket.
         Starting Load Kernel Modules...
         Starting Monitoring of LVM2 mirrors…ng dmeventd or progress polling...
         Starting Journal Service...
         Mounting POSIX Message Queue File System...
         Starting Create list of required st…ce nodes for the current kernel...
         Starting udev Coldplug all Devices...
         Starting Set the console keyboard layout...
         Starting Uncomplicated firewall...
         Mounting Huge Pages File System...
         Mounting Kernel Debug File System...
[    6.953323] Loading iSCSI transport class v2.0-870.
[    6.963237] iscsi: registered transport (tcp)
         Starting File System Check on Root Device...
[[0;32m  OK  [0m] Mounted POSIX Message Queue File System.
[[0;32m  OK  [0m] Started Create list of required sta…vice nodes for the current kernel.
[[0;32m  OK  [0m] Started Uncomplicated firewall.
[[0;32m  OK  [0m] Mounted Huge Pages File System.
[[0;32m  OK  [0m] Mounted Kernel Debug File System.
[[0;32m  OK  [0m] Started LVM2 metadata daemon.
         Starting Create Static Device Nodes in /dev...
[[0;32m  OK  [0m] Started Journal Service.
[[0;32m  OK  [0m] Started File System Check Daemon to report status.
[[0;32m  OK  [0m] Started Create Static Device Nodes in /dev.
[[0;32m  OK  [0m] Started udev Coldplug all Devices.
[[0;32m  OK  [0m] Started Monitoring of LVM2 mirrors,…sing dmeventd or progress polling.
[    7.284321] iscsi: registered transport (iser)
[[0;32m  OK  [0m] Started File System Check on Root Device.
[[0;32m  OK  [0m] Started Load Kernel Modules.
         Mounting FUSE Control File System...
         Starting Apply Kernel Variables...
         Mounting Kernel Configuration File System...
         Starting Remount Root and Kernel File Systems...
[[0;32m  OK  [0m] Started Set the console keyboard layout.
[[0;32m  OK  [0m] Mounted FUSE Control File System.
[[0;32m  OK  [0m] Mounted Kernel Configuration File System.
[[0;32m  OK  [0m] Started Apply Kernel Variables.
[[0;32m  OK  [0m] Started Remount Root and Kernel File Systems.
         Starting Load/Save Random Seed...
         Starting Flush Journal to Persistent Storage...
[[0;32m  OK  [0m] Reached target Local File Systems (Pre).
[[0;32m  OK  [0m] Reached target Local File Systems.
         Starting ebtables ruleset management...
         Starting Set console font and keymap...
         Starting Commit a transient machine-id on disk...
         Starting AppArmor initialization...
         Starting Tell Plymouth To Write Out Runtime Data...
         Starting udev Kernel Device Manager...
[[0;32m  OK  [0m] Started Load/Save Random Seed.
[[0;32m  OK  [0m] Started Set console font and keymap.
[[0;32m  OK  [0m] Started Tell Plymouth To Write Out Runtime Data.
[[0;32m  OK  [0m] Started Flush Journal to Persistent Storage.
[[0;32m  OK  [0m] Started Commit a transient machine-id on disk.
         Starting Create Volatile Files and Directories...
[[0;32m  OK  [0m] Started Create Volatile Files and Directories.
         Starting Update UTMP about System Boot/Shutdown...
[[0;32m  OK  [0m] Started udev Kernel Device Manager.
[[0;32m  OK  [0m] Started Dispatch Password Requests to Console Directory Watch.
[[0;32m  OK  [0m] Reached target Local Encrypted Volumes.
[[0;32m  OK  [0m] Started Update UTMP about System Boot/Shutdown.
[[0;32m  OK  [0m] Started ebtables ruleset management.
[[0;32m  OK  [0m] Found device /dev/ttyS0.
[[0;32m  OK  [0m] Listening on Load/Save RF Kill Switch Status /dev/rfkill Watch.
[[0;32m  OK  [0m] Started AppArmor initialization.
         Starting Load AppArmor profiles managed internally by snapd...
         Starting Initial cloud-init job (pre-networking)...
[[0;32m  OK  [0m] Started Load AppArmor profiles managed internally by snapd.
[   13.069184] cloud-init[567]: Cloud-init v. 20.4.1-0ubuntu1~18.04.1 running 'init-local' at Wed, 31 Mar 2021 00:05:54 +0000. Up 11.94 seconds.
[[0;32m  OK  [0m] Started Initial cloud-init job (pre-networking).
[[0;32m  OK  [0m] Reached target Network (Pre).
         Starting Network Service...
[[0;32m  OK  [0m] Started Network Service.
         Starting Network Name Resolution...
         Starting Wait for Network to be Configured...
[[0;32m  OK  [0m] Started Network Name Resolution.
[[0;32m  OK  [0m] Reached target Network.
[[0;32m  OK  [0m] Reached target Host and Network Name Lookups.
[[0;32m  OK  [0m] Started Wait for Network to be Configured.
         Starting Initial cloud-init job (metadata service crawler)...
[   16.313829] cloud-init[702]: Cloud-init v. 20.4.1-0ubuntu1~18.04.1 running 'init' at Wed, 31 Mar 2021 00:05:58 +0000. Up 15.78 seconds.
[   16.316349] cloud-init[702]: ci-info: ++++++++++++++++++++++++++++++++++++++Net device info++++++++++++++++++++++++++++++++++++++
[   16.328380] cloud-init[702]: ci-info: +--------+------+----------------------------+---------------+--------+-------------------+
[   16.330867] cloud-init[702]: ci-info: | Device |  Up  |          Address           |      Mask     | Scope  |     Hw-Address    |
[   16.333081] cloud-init[702]: ci-info: +--------+------+----------------------------+---------------+--------+-------------------+
[   16.338418] cloud-init[702]: ci-info: | enp0s3 | True |         10.0.2.15          | 255.255.255.0 | global | 02:dd:e5:eb:6c:77 |
[   16.341657] cloud-init[702]: ci-info: | enp0s3 | True | fe80::dd:e5ff:feeb:6c77/64 |       .       |  link  | 02:dd:e5:eb:6c:77 |
[   16.344246] cloud-init[702]: ci-info: |   lo   | True |         127.0.0.1          |   255.0.0.0   |  host  |         .         |
[   16.346233] cloud-init[702]: ci-info: |   lo   | True |          ::1/128           |       .       |  host  |         .         |
[   16.348528] cloud-init[702]: ci-info: +--------+------+----------------------------+---------------+--------+-------------------+
[   16.350354] cloud-init[702]: ci-info: ++++++++++++++++++++++++++++Route IPv4 info+++++++++++++++++++++++++++++
[   16.351820] cloud-init[702]: ci-info: +-------+-------------+----------+-----------------+-----------+-------+
[   16.354387] cloud-init[702]: ci-info: | Route | Destination | Gateway  |     Genmask     | Interface | Flags |
[   16.356681] cloud-init[702]: ci-info: +-------+-------------+----------+-----------------+-----------+-------+
[   16.358342] cloud-init[702]: ci-info: |   0   |   0.0.0.0   | 10.0.2.2 |     0.0.0.0     |   enp0s3  |   UG  |
[   16.359898] cloud-init[702]: ci-info: |   1   |   10.0.2.0  | 0.0.0.0  |  255.255.255.0  |   enp0s3  |   U   |
[   16.361541] cloud-init[702]: ci-info: |   2   |   10.0.2.2  | 0.0.0.0  | 255.255.255.255 |   enp0s3  |   UH  |
[   16.364690] cloud-init[702]: ci-info: +-------+-------------+----------+-----------------+-----------+-------+
[   16.366572] cloud-init[702]: ci-info: +++++++++++++++++++Route IPv6 info+++++++++++++++++++
[   16.368007] cloud-init[702]: ci-info: +-------+-------------+---------+-----------+-------+
[   16.369079] cloud-init[702]: ci-info: | Route | Destination | Gateway | Interface | Flags |
[   16.370174] cloud-init[702]: ci-info: +-------+-------------+---------+-----------+-------+
[   16.384604] cloud-init[702]: ci-info: |   1   |  fe80::/64  |    ::   |   enp0s3  |   U   |
[   16.386040] cloud-init[702]: ci-info: |   3   |    local    |    ::   |   enp0s3  |   U   |
[   16.387447] cloud-init[702]: ci-info: |   4   |   ff00::/8  |    ::   |   enp0s3  |   U   |
[   16.388907] cloud-init[702]: ci-info: +-------+-------------+---------+-----------+-------+
[   18.467085] cloud-init[702]: Generating public/private rsa key pair.
[   18.468454] cloud-init[702]: Your identification has been saved in /etc/ssh/ssh_host_rsa_key.
[   18.470062] cloud-init[702]: Your public key has been saved in /etc/ssh/ssh_host_rsa_key.pub.
[   18.471950] cloud-init[702]: The key fingerprint is:
[   18.488538] cloud-init[702]: SHA256:+bGHg/PhhFDKddX5sJqEbCkoWrFIdlkvkf7Lu6X9e0A root@ubuntu-bionic
[   18.505983] cloud-init[702]: The key's randomart image is:
[   18.509325] cloud-init[702]: +---[RSA 2048]----+
[   18.521023] cloud-init[702]: |     oo.    .. . |
[   18.528173] cloud-init[702]: |  o + .o   .  +  |
[   18.535582] cloud-init[702]: | o o +..+..o   + |
[   18.536582] cloud-init[702]: |  . +.o=.o= E . .|
[   18.538084] cloud-init[702]: |   o .+.So.o o   |
[   18.540121] cloud-init[702]: |  .    ..+ ++    |
[   18.541070] cloud-init[702]: |       .+.O ..   |
[   18.544032] cloud-init[702]: |        oO +  .  |
[   18.545028] cloud-init[702]: |        +o+.oo   |
[   18.545828] cloud-init[702]: +----[SHA256]-----+
[   18.546780] cloud-init[702]: Generating public/private dsa key pair.
[   18.548016] cloud-init[702]: Your identification has been saved in /etc/ssh/ssh_host_dsa_key.
[   18.549942] cloud-init[702]: Your public key has been saved in /etc/ssh/ssh_host_dsa_key.pub.
[   18.554887] cloud-init[702]: The key fingerprint is:
[   18.557982] cloud-init[702]: SHA256:IrsDd1RevcvEj25C5hnPegl3Q3EhlZm3LoxeMs2yef0 root@ubuntu-bionic
[   18.559600] cloud-init[702]: The key's randomart image is:
[   18.570914] cloud-init[702]: +---[DSA 1024]----+
[   18.573978] cloud-init[702]: |           . ..o=|
[   18.578139] cloud-init[702]: |        . . . o+o|
[   18.579709] cloud-init[702]: |       o . . . oo|
[   18.580680] cloud-init[702]: |      . .   + .. |
[   18.581474] cloud-init[702]: |    ... S  o==.  |
[   18.582392] cloud-init[702]: |  . .o..  ===*+. |
[   18.583444] cloud-init[702]: |   o..   +.OBoo. |
[   18.584158] cloud-init[702]: |    ..    ++B. . |
[   18.584787] cloud-init[702]: |    ..    .=.   E|
[   18.586569] cloud-init[702]: +----[SHA256]-----+
[   18.587702] cloud-init[702]: Generating public/private ecdsa key pair.
[   18.588802] cloud-init[702]: Your identification has been saved in /etc/ssh/ssh_host_ecdsa_key.
[   18.590368] cloud-init[702]: Your public key has been saved in /etc/ssh/ssh_host_ecdsa_key.pub.
[   18.591677] cloud-init[702]: The key fingerprint is:
[   18.592357] cloud-init[702]: SHA256:eX8tWmJOEqHfJ3rOpNC8Pl4W34OzkNK8tSiu/XNLd8U root@ubuntu-bionic
[   18.594203] cloud-init[702]: The key's randomart image is:
[   18.595601] cloud-init[702]: +---[ECDSA 256]---+
[   18.596409] cloud-init[702]: |                 |
[   18.597737] cloud-init[702]: |                 |
[   18.601347] cloud-init[702]: |          .      |
[   18.607009] cloud-init[702]: |         o .   . |
[   18.607767] cloud-init[702]: |        S o .   E|
[   18.621499] cloud-init[702]: |         =o+.o.o.|
[   18.622780] cloud-init[702]: |        ..==@=*o+|
[   18.633957] cloud-init[702]: |        .oo#BO=.o|
[   18.634685] cloud-init[702]: |       .o=OBB+.  |
[   18.635331] cloud-init[702]: +----[SHA256]-----+
[   18.635975] cloud-init[702]: Generating public/private ed25519 key pair.
[   18.637163] cloud-init[702]: Your identification has been saved in /etc/ssh/ssh_host_ed25519_key.
[   18.638857] cloud-init[702]: Your public key has been saved in /etc/ssh/ssh_host_ed25519_key.pub.
[   18.641482] cloud-init[702]: The key fingerprint is:
[   18.642115] cloud-init[702]: SHA256:TDU2w7saeWfeOpp8XOrguCF4OaWbw8N391Ymyju+xzU root@ubuntu-bionic
[   18.643220] cloud-init[702]: The key's randomart image is:
[   18.644325] cloud-init[702]: +--[ED25519 256]--+
[   18.644966] cloud-init[702]: |         .*      |
[   18.645716] cloud-init[702]: |         o.+     |
[   18.647473] cloud-init[702]: |        .  .     |
[   18.648293] cloud-init[702]: |       o  .      |
[   18.652841] cloud-init[702]: |        S. .     |
[   18.654142] cloud-init[702]: |     . +o o o oE+|
[   18.654880] cloud-init[702]: |    .o* .+.* * =.|
[   18.655650] cloud-init[702]: |     .==o=.o@ =  |
[   18.656962] cloud-init[702]: |      o+oo=**X.  |
[   18.670794] cloud-init[702]: +----[SHA256]-----+
[[0;32m  OK  [0m] Started Initial cloud-init job (metadata service crawler).
[[0;32m  OK  [0m] Reached target System Initialization.
         Starting LXD - unix socket.
[[0;32m  OK  [0m] Started Daily apt download activities.
[[0;32m  OK  [0m] Started Daily apt upgrade and clean activities.
[[0;32m  OK  [0m] Started Message of the Day.
[[0;32m  OK  [0m] Listening on D-Bus System Message Bus Socket.
[[0;32m  OK  [0m] Listening on UUID daemon activation socket.
[[0;32m  OK  [0m] Listening on Open-iSCSI iscsid Socket.
[[0;32m  OK  [0m] Started Daily Cleanup of Temporary Directories.
[[0;32m  OK  [0m] Started Discard unused blocks once a week.
         Starting Socket activation for snappy daemon.
[[0;32m  OK  [0m] Started ACPI Events Check.
[[0;32m  OK  [0m] Reached target Paths.
[[0;32m  OK  [0m] Listening on ACPID Listen Socket.
[[0;32m  OK  [0m] Reached target Timers.
[[0;32m  OK  [0m] Reached target Network is Online.
         Starting Availability of block devices...
[[0;32m  OK  [0m] Reached target Remote File Systems (Pre).
[[0;32m  OK  [0m] Reached target Remote File Systems.
[[0;32m  OK  [0m] Reached target Cloud-config availability.
[[0;32m  OK  [0m] Listening on LXD - unix socket.
[[0;32m  OK  [0m] Listening on Socket activation for snappy daemon.
[[0;32m  OK  [0m] Started Availability of block devices.
[[0;32m  OK  [0m] Reached target Sockets.
[[0;32m  OK  [0m] Reached target Basic System.
[[0;32m  OK  [0m] Started irqbalance daemon.
[[0;32m  OK  [0m] Started D-Bus System Message Bus.
[[0;32m  OK  [0m] Started FUSE filesystem for LXC.
         Starting Snap Daemon...
         Starting Dispatcher daemon for systemd-networkd...
         Starting Permit User Sessions...
         Starting System Logging Service...
[[0;32m  OK  [0m] Started Regular background program processing daemon.
         Starting Accounts Service...
         Starting LSB: automatic crash report generation...
[[0;32m  OK  [0m] Started Deferred execution scheduler.
         Starting Virtualbox guest utils...
         Starting Pollinate to seed the pseudo random number generator...
         Starting LSB: Record successful boot for GRUB...
         Starting Login Service...
         Starting LXD - container startup/shutdown...
[[0;32m  OK  [0m] Started System Logging Service.
[[0;32m  OK  [0m] Started Permit User Sessions.
         Starting Terminate Plymouth Boot Screen...
         Starting Hold until boot process finishes up...
[[0;32m  OK  [0m] Started Terminate Plymouth Boot Screen.
[[0;32m  OK  [0m] Started Hold until boot process finishes up.
         Starting Set console scheme...
[[0;32m  OK  [0m] Started Serial Getty on ttyS0.
[[0;32m  OK  [0m] Started Login Service.
[[0;32m  OK  [0m] Started Unattended Upgrades Shutdown.
[[0;32m  OK  [0m] Started Set console scheme.
[[0;32m  OK  [0m] Created slice system-getty.slice.
[[0;32m  OK  [0m] Started Getty on tty1.
[[0;32m  OK  [0m] Reached target Login Prompts.
         Starting Authorization Manager...
[[0;32m  OK  [0m] Started LSB: automatic crash report generation.
[[0;32m  OK  [0m] Started Authorization Manager.
[[0;32m  OK  [0m] Started Accounts Service.
[[0;32m  OK  [0m] Started LSB: Record successful boot for GRUB.
[[0;32m  OK  [0m] Started Virtualbox guest utils.
[[0;32m  OK  [0m] Started Dispatcher daemon for systemd-networkd.
[[0;32m  OK  [0m] Started LXD - container startup/shutdown.
[[0;32m  OK  [0m] Started Snap Daemon.
         Starting Wait until snapd is fully seeded...
[[0;32m  OK  [0m] Started Pollinate to seed the pseudo random number generator.
         Starting OpenBSD Secure Shell server...
[[0;32m  OK  [0m] Started OpenBSD Secure Shell server.
[[0;32m  OK  [0m] Started Wait until snapd is fully seeded.
         Starting Apply the settings specified in cloud-config...
[[0;32m  OK  [0m] Reached target Multi-User System.
[[0;32m  OK  [0m] Reached target Graphical Interface.
         Starting Update UTMP about System Runlevel Changes...
[[0;32m  OK  [0m] Started Update UTMP about System Runlevel Changes.
[[0;32m  OK  [0m] Created slice User Slice of vagrant.
         Starting User Manager for UID 1000...
[[0;32m  OK  [0m] Started Session 1 of user vagrant.
[[0;32m  OK  [0m] Started User Manager for UID 1000.

Ubuntu 18.04.5 LTS ubuntu-bionic ttyS0

ubuntu-bionic login: [   25.644159] cloud-init[1156]: Cloud-init v. 20.4.1-0ubuntu1~18.04.1 running 'modules:config' at Wed, 31 Mar 2021 00:06:06 +0000. Up 23.60 seconds.
ci-info: no authorized SSH keys fingerprints found for user ubuntu.
<14>Mar 31 00:06:10 ec2: 
<14>Mar 31 00:06:10 ec2: #############################################################
<14>Mar 31 00:06:10 ec2: -----BEGIN SSH HOST KEY FINGERPRINTS-----
<14>Mar 31 00:06:10 ec2: 1024 SHA256:IrsDd1RevcvEj25C5hnPegl3Q3EhlZm3LoxeMs2yef0 root@ubuntu-bionic (DSA)
<14>Mar 31 00:06:10 ec2: 256 SHA256:eX8tWmJOEqHfJ3rOpNC8Pl4W34OzkNK8tSiu/XNLd8U root@ubuntu-bionic (ECDSA)
<14>Mar 31 00:06:10 ec2: 256 SHA256:TDU2w7saeWfeOpp8XOrguCF4OaWbw8N391Ymyju+xzU root@ubuntu-bionic (ED25519)
<14>Mar 31 00:06:10 ec2: 2048 SHA256:+bGHg/PhhFDKddX5sJqEbCkoWrFIdlkvkf7Lu6X9e0A root@ubuntu-bionic (RSA)
<14>Mar 31 00:06:10 ec2: -----END SSH HOST KEY FINGERPRINTS-----
<14>Mar 31 00:06:10 ec2: #############################################################
-----BEGIN SSH HOST KEY KEYS-----
ecdsa-sha2-nistp256 AAAAE2VjZHNhLXNoYTItbmlzdHAyNTYAAAAIbmlzdHAyNTYAAABBBFHCeYTPlTsYVv1c3hrsFhtYGX53SaMwTOJNPVbQePYupBXmFnBkifx903D+OpJ9VP7VAbP7X00UfTF9ow4fBIU= root@ubuntu-bionic
ssh-ed25519 AAAAC3NzaC1lZDI1NTE5AAAAIAI7TGAZmNuPAGgJ9jm3kBVfQIC9pk0o6zpEnO6dfpN2 root@ubuntu-bionic
ssh-rsa AAAAB3NzaC1yc2EAAAADAQABAAABAQCh1nY2A73YVT2LMmIofcNr+2Van4uS+mtTJ2zRUHDsKOhIWkQYXHE3X9YUsMjDunj5herf3fPb7XO4TjfBNbwVCLP3jMJ3XM5SaUPhCHoQD3k6IQxVTbIf0iAVk3kAujc4kH3zLpHbDkgwrgJ3+qc/QKTbiIVNfJ1HuC1FbnwWSrdy0tlgirAGuqyzt9oQbKDiSs03ohYTB5KNz7FLYt7z4L9ksOb8stjV4u9PRaJNxdpcE96x2rRH71LoUoCM+rGQJbQhbWS9RjLQgkcBtpKDUH4QZi/rlBZni+Pm3pVPVpOK83bXyFRxX9jHJBoFAnnXT0AT67yHvMp9GQdoXuCD root@ubuntu-bionic
-----END SSH HOST KEY KEYS-----
[   27.866502] cloud-init[1253]: Cloud-init v. 20.4.1-0ubuntu1~18.04.1 running 'modules:final' at Wed, 31 Mar 2021 00:06:09 +0000. Up 26.98 seconds.
[   27.874092] cloud-init[1253]: ci-info: no authorized SSH keys fingerprints found for user ubuntu.
[   27.876319] cloud-init[1253]: Cloud-init v. 20.4.1-0ubuntu1~18.04.1 finished at Wed, 31 Mar 2021 00:06:10 +0000. Datasource DataSourceNoCloud [seed=/dev/sdb][dsmode=net].  Up 27.78 seconds
         Stopping User Manager for UID 1000...
         Stopping Availability of block devices...
[[0;32m  OK  [0m] Closed Load/Save RF Kill Switch Status /dev/rfkill Watch.
[[0;32m  OK  [0m] Stopped target Timers.
[[0;32m  OK  [0m] Stopped Message of the Day.
[[0;32m  OK  [0m] Stopped target Cloud-init target.
[[0;32m  OK  [0m] Stopped Execute cloud user/final scripts.
[[0;32m  OK  [0m] Stopped Apply the settings specified in cloud-config.
[[0;32m  OK  [0m] Stopped target Cloud-config availability.
[[0;32m  OK  [0m] Stopped target Network is Online.
[[0;32m  OK  [0m] Stopped target Graphical Interface.
[[0;32m  OK  [0m] Stopped target Multi-User System.
         Stopping irqbalance daemon...
[[0;32m  OK  [0m] Stopped target Login Prompts.
         Stopping Getty on tty1...
[[0;32m  OK  [0m] Stopped Wait until snapd is fully seeded.
         Stopping LSB: automatic crash report generation...
         Stopping Regular background program processing daemon...
         Stopping Unattended Upgrades Shutdown...
         Stopping MDS Webapp...
         Stopping OpenBSD Secure Shell server...
         Stopping System Logging Service...
         Stopping Virtualbox guest utils...
         Stopping D-Bus System Message Bus...
         Stopping LSB: Record successful boot for GRUB...
         Stopping Serial Getty on ttyS0...
[[0;32m  OK  [0m] Stopped Daily apt upgrade and clean activities.
[[0;32m  OK  [0m] Stopped Daily apt download activities.
         Stopping Session 7 of user vagrant.
[[0;32m  OK  [0m] Stopped target Host and Network Name Lookups.
[[0;32m  OK  [0m] Stopped Discard unused blocks once a week.
         Stopping LXD - container startup/shutdown...
         Stopping Authorization Manager...
         Stopping Accounts Service...
         Stopping Dispatcher daemon for systemd-networkd...
         Stopping A high performance web server and a reverse proxy server...
         Stopping Session 6 of user vagrant.
         Stopping FUSE filesystem for LXC...
[[0;32m  OK  [0m] Stopped target System Time Synchronized.
         Stopping Deferred execution scheduler...
[[0;32m  OK  [0m] Stopped Daily Cleanup of Temporary Directories.
[[0;32m  OK  [0m] Unmounted /var/lib/lxcfs.
[[0;32m  OK  [0m] Stopped irqbalance daemon.
[[0;32m  OK  [0m] Stopped Dispatcher daemon for systemd-networkd.
[[0;32m  OK  [0m] Stopped System Logging Service.
[[0;32m  OK  [0m] Stopped Regular background program processing daemon.
[[0;32m  OK  [0m] Stopped Accounts Service.
[[0;32m  OK  [0m] Stopped Deferred execution scheduler.
[[0;32m  OK  [0m] Stopped Serial Getty on ttyS0.
[[0;32m  OK  [0m] Stopped Getty on tty1.
[[0;32m  OK  [0m] Stopped Authorization Manager.
[[0;32m  OK  [0m] Stopped OpenBSD Secure Shell server.
[[0;32m  OK  [0m] Stopped User Manager for UID 1000.
[[0;32m  OK  [0m] Stopped D-Bus System Message Bus.
[[0;32m  OK  [0m] Stopped Session 7 of user vagrant.
[[0;32m  OK  [0m] Stopped Unattended Upgrades Shutdown.
[[0;32m  OK  [0m] Stopped Session 6 of user vagrant.
[[0;32m  OK  [0m] Stopped A high performance web server and a reverse proxy server.
[[0;32m  OK  [0m] Removed slice User Slice of vagrant.
         Stopping Login Service...
[[0;32m  OK  [0m] Removed slice system-getty.slice.
         Stopping Permit User Sessions...
[[0;32m  OK  [0m] Removed slice system-serial\x2dgetty.slice.
[[0;32m  OK  [0m] Stopped LSB: Record successful boot for GRUB.
[[0;32m  OK  [0m] Stopped Permit User Sessions.
[[0;32m  OK  [0m] Stopped FUSE filesystem for LXC.
[[0;32m  OK  [0m] Stopped LSB: automatic crash report generation.
[[0;32m  OK  [0m] Stopped target Remote File Systems.
[[0;32m  OK  [0m] Stopped target Remote File Systems (Pre).
[[0;32m  OK  [0m] Stopped LXD - container startup/shutdown.
[[0;32m  OK  [0m] Stopped Virtualbox guest utils.
[[0;32m  OK  [0m] Stopped Login Service.
[[0;32m  OK  [0m] Stopped Availability of block devices.
[[0;32m  OK  [0m] Stopped target User and Group Name Lookups.
[[0;32m  OK  [0m] Stopped MDS Webapp.
[[0;32m  OK  [0m] Stopped target Basic System.
[[0;32m  OK  [0m] Stopped target Slices.
[[0;32m  OK  [0m] Removed slice User and Session Slice.
[[0;32m  OK  [0m] Stopped target Sockets.
[[0;32m  OK  [0m] Closed Syslog Socket.
[[0;32m  OK  [0m] Closed D-Bus System Message Bus Socket.
[[0;32m  OK  [0m] Closed Socket activation for snappy daemon.
[[0;32m  OK  [0m] Closed ACPID Listen Socket.
[[0;32m  OK  [0m] Closed LXD - unix socket.
[[0;32m  OK  [0m] Closed Open-iSCSI iscsid Socket.
[[0;32m  OK  [0m] Closed UUID daemon activation socket.
[[0;32m  OK  [0m] Stopped target Paths.
[[0;32m  OK  [0m] Stopped ACPI Events Check.
[[0;32m  OK  [0m] Stopped target Network.
         Stopping Network Name Resolution...
[[0;32m  OK  [0m] Stopped target System Initialization.
[[0;32m  OK  [0m] Stopped Initial cloud-init job (metadata service crawler).
[[0;32m  OK  [0m] Stopped Wait for Network to be Configured.
[[0;32m  OK  [0m] Stopped Commit a transient machine-id on disk.
[[0;32m  OK  [0m] Stopped target Local Encrypted Volumes.
[[0;32m  OK  [0m] Stopped Forward Password Requests to Wall Directory Watch.
[[0;32m  OK  [0m] Stopped Dispatch Password Requests to Console Directory Watch.
         Stopping Update UTMP about System Boot/Shutdown...
         Stopping Load/Save Random Seed...
[[0;32m  OK  [0m] Stopped Network Name Resolution.
         Stopping Network Service...
[[0;32m  OK  [0m] Stopped Load/Save Random Seed.
[[0;32m  OK  [0m] Stopped Update UTMP about System Boot/Shutdown.
[[0;32m  OK  [0m] Stopped Create Volatile Files and Directories.
[[0;32m  OK  [0m] Stopped target Local File Systems.
         Unmounting /vagrant...
         Unmounting /run/user/1000...
[[0;32m  OK  [0m] Stopped Network Service.
[[0;32m  OK  [0m] Unmounted /vagrant.
[[0;32m  OK  [0m] Stopped Apply Kernel Variables.
[[0;32m  OK  [0m] Stopped Load Kernel Modules.
[[0;32m  OK  [0m] Stopped target Network (Pre).
[[0;32m  OK  [0m] Stopped Initial cloud-init job (pre-networking).
[[0;32m  OK  [0m] Unmounted /run/user/1000.
[[0;32m  OK  [0m] Reached target Unmount All Filesystems.
[[0;32m  OK  [0m] Stopped target Swap.
[[0;32m  OK  [0m] Stopped target Local File Systems (Pre).
[[0;32m  OK  [0m] Stopped Create Static Device Nodes in /dev.
[[0;32m  OK  [0m] Stopped Remount Root and Kernel File Systems.
[[0;32m  OK  [0m] Reached target Shutdown.
[[0;32m  OK  [0m] Reached target Final Step.
         Starting Reboot...
         Stopping Monitoring of LVM2 mirrors…ng dmeventd or progress polling...
[  169.638584] reboot: Restarting system
[    0.000000] Linux version 4.15.0-136-generic (buildd@lcy01-amd64-029) (gcc version 7.5.0 (Ubuntu 7.5.0-3ubuntu1~18.04)) #140-Ubuntu SMP Thu Jan 28 05:20:47 UTC 2021 (Ubuntu 4.15.0-136.140-generic 4.15.18)
[    0.000000] Command line: BOOT_IMAGE=/boot/vmlinuz-4.15.0-136-generic root=LABEL=cloudimg-rootfs ro console=tty1 console=ttyS0
[    0.000000] KERNEL supported cpus:
[    0.000000]   Intel GenuineIntel
[    0.000000]   AMD AuthenticAMD
[    0.000000]   Centaur CentaurHauls
[    0.000000] x86/fpu: Supporting XSAVE feature 0x001: 'x87 floating point registers'
[    0.000000] x86/fpu: Supporting XSAVE feature 0x002: 'SSE registers'
[    0.000000] x86/fpu: Supporting XSAVE feature 0x004: 'AVX registers'
[    0.000000] x86/fpu: xstate_offset[2]:  576, xstate_sizes[2]:  256
[    0.000000] x86/fpu: Enabled xstate features 0x7, context size is 832 bytes, using 'standard' format.
[    0.000000] e820: BIOS-provided physical RAM map:
[    0.000000] BIOS-e820: [mem 0x0000000000000000-0x000000000009fbff] usable
[    0.000000] BIOS-e820: [mem 0x000000000009fc00-0x000000000009ffff] reserved
[    0.000000] BIOS-e820: [mem 0x00000000000f0000-0x00000000000fffff] reserved
[    0.000000] BIOS-e820: [mem 0x0000000000100000-0x000000003ffeffff] usable
[    0.000000] BIOS-e820: [mem 0x000000003fff0000-0x000000003fffffff] ACPI data
[    0.000000] BIOS-e820: [mem 0x00000000fec00000-0x00000000fec00fff] reserved
[    0.000000] BIOS-e820: [mem 0x00000000fee00000-0x00000000fee00fff] reserved
[    0.000000] BIOS-e820: [mem 0x00000000fffc0000-0x00000000ffffffff] reserved
[    0.000000] NX (Execute Disable) protection: active
[    0.000000] SMBIOS 2.5 present.
[    0.000000] DMI: innotek GmbH VirtualBox/VirtualBox, BIOS VirtualBox 12/01/2006
[    0.000000] Hypervisor detected: KVM
[    0.000000] e820: last_pfn = 0x3fff0 max_arch_pfn = 0x400000000
[    0.000000] MTRR: Disabled
[    0.000000] x86/PAT: MTRRs disabled, skipping PAT initialization too.
[    0.000000] CPU MTRRs all blank - virtualized system.
[    0.000000] x86/PAT: Configuration [0-7]: WB  WT  UC- UC  WB  WT  UC- UC  
[    0.000000] found SMP MP-table at [mem 0x0009fff0-0x0009ffff]
[    0.000000] Scanning 1 areas for low memory corruption
[    0.000000] RAMDISK: [mem 0x35a63000-0x36d28fff]
[    0.000000] ACPI: Early table checksum verification disabled
[    0.000000] ACPI: RSDP 0x00000000000E0000 000024 (v02 VBOX  )
[    0.000000] ACPI: XSDT 0x000000003FFF0030 00003C (v01 VBOX   VBOXXSDT 00000001 ASL  00000061)
[    0.000000] ACPI: FACP 0x000000003FFF00F0 0000F4 (v04 VBOX   VBOXFACP 00000001 ASL  00000061)
[    0.000000] ACPI: DSDT 0x000000003FFF0470 002325 (v02 VBOX   VBOXBIOS 00000002 INTL 20190509)
[    0.000000] ACPI: FACS 0x000000003FFF0200 000040
[    0.000000] ACPI: FACS 0x000000003FFF0200 000040
[    0.000000] ACPI: APIC 0x000000003FFF0240 00005C (v02 VBOX   VBOXAPIC 00000001 ASL  00000061)
[    0.000000] ACPI: SSDT 0x000000003FFF02A0 0001CC (v01 VBOX   VBOXCPUT 00000002 INTL 20190509)
[    0.000000] No NUMA configuration found
[    0.000000] Faking a node at [mem 0x0000000000000000-0x000000003ffeffff]
[    0.000000] NODE_DATA(0) allocated [mem 0x3ffc5000-0x3ffeffff]
[    0.000000] kvm-clock: cpu 0, msr 0:3ff44001, primary cpu clock
[    0.000000] kvm-clock: Using msrs 4b564d01 and 4b564d00
[    0.000000] kvm-clock: using sched offset of 3717818001 cycles
[    0.000000] clocksource: kvm-clock: mask: 0xffffffffffffffff max_cycles: 0x1cd42e4dffb, max_idle_ns: 881590591483 ns
[    0.000000] Zone ranges:
[    0.000000]   DMA      [mem 0x0000000000001000-0x0000000000ffffff]
[    0.000000]   DMA32    [mem 0x0000000001000000-0x000000003ffeffff]
[    0.000000]   Normal   empty
[    0.000000]   Device   empty
[    0.000000] Movable zone start for each node
[    0.000000] Early memory node ranges
[    0.000000]   node   0: [mem 0x0000000000001000-0x000000000009efff]
[    0.000000]   node   0: [mem 0x0000000000100000-0x000000003ffeffff]
[    0.000000] Reserved but unavailable: 98 pages
[    0.000000] Initmem setup node 0 [mem 0x0000000000001000-0x000000003ffeffff]
[    0.000000] ACPI: PM-Timer IO Port: 0x4008
[    0.000000] IOAPIC[0]: apic_id 2, version 32, address 0xfec00000, GSI 0-23
[    0.000000] ACPI: INT_SRC_OVR (bus 0 bus_irq 0 global_irq 2 dfl dfl)
[    0.000000] ACPI: INT_SRC_OVR (bus 0 bus_irq 9 global_irq 9 low level)
[    0.000000] Using ACPI (MADT) for SMP configuration information
[    0.000000] smpboot: Allowing 2 CPUs, 0 hotplug CPUs
[    0.000000] PM: Registered nosave memory: [mem 0x00000000-0x00000fff]
[    0.000000] PM: Registered nosave memory: [mem 0x0009f000-0x0009ffff]
[    0.000000] PM: Registered nosave memory: [mem 0x000a0000-0x000effff]
[    0.000000] PM: Registered nosave memory: [mem 0x000f0000-0x000fffff]
[    0.000000] e820: [mem 0x40000000-0xfebfffff] available for PCI devices
[    0.000000] Booting paravirtualized kernel on KVM
[    0.000000] clocksource: refined-jiffies: mask: 0xffffffff max_cycles: 0xffffffff, max_idle_ns: 7645519600211568 ns
[    0.000000] random: get_random_bytes called from start_kernel+0x99/0x500 with crng_init=0
[    0.000000] setup_percpu: NR_CPUS:8192 nr_cpumask_bits:2 nr_cpu_ids:2 nr_node_ids:1
[    0.000000] percpu: Embedded 45 pages/cpu s147456 r8192 d28672 u1048576
[    0.000000] PV qspinlock hash table entries: 256 (order: 0, 4096 bytes)
[    0.000000] Built 1 zonelists, mobility grouping on.  Total pages: 257913
[    0.000000] Policy zone: DMA32
[    0.000000] Kernel command line: BOOT_IMAGE=/boot/vmlinuz-4.15.0-136-generic root=LABEL=cloudimg-rootfs ro console=tty1 console=ttyS0
[    0.000000] Memory: 983020K/1048120K available (12300K kernel code, 2482K rwdata, 4276K rodata, 2440K init, 2724K bss, 65100K reserved, 0K cma-reserved)
[    0.000000] SLUB: HWalign=64, Order=0-3, MinObjects=0, CPUs=2, Nodes=1
[    0.000000] Kernel/User page tables isolation: enabled
[    0.000000] ftrace: allocating 39427 entries in 155 pages
[    0.004000] Hierarchical RCU implementation.
[    0.004000] 	RCU restricting CPUs from NR_CPUS=8192 to nr_cpu_ids=2.
[    0.004000] 	Tasks RCU enabled.
[    0.004000] RCU: Adjusting geometry for rcu_fanout_leaf=16, nr_cpu_ids=2
[    0.004000] NR_IRQS: 524544, nr_irqs: 440, preallocated irqs: 16
[    0.004000] Console: colour VGA+ 80x25
[    0.004000] console [tty1] enabled
[    0.004000] console [ttyS0] enabled
[    0.004000] ACPI: Core revision 20170831
[    0.004000] ACPI: 2 ACPI AML tables successfully acquired and loaded
[    0.004000] APIC: Switch to symmetric I/O mode setup
[    0.004000] x2apic enabled
[    0.004000] Switched APIC routing to physical x2apic.
[    0.004000] ..TIMER: vector=0x30 apic1=0 pin1=2 apic2=-1 pin2=-1
[    0.004006] tsc: Detected 2594.432 MHz processor
[    0.005021] Calibrating delay loop (skipped) preset value.. 5188.86 BogoMIPS (lpj=10377728)
[    0.008006] pid_max: default: 32768 minimum: 301
[    0.009088] Security Framework initialized
[    0.009956] Yama: becoming mindful.
[    0.010591] AppArmor: AppArmor initialized
[    0.012429] Dentry cache hash table entries: 131072 (order: 8, 1048576 bytes)
[    0.013684] Inode-cache hash table entries: 65536 (order: 7, 524288 bytes)
[    0.015095] Mount-cache hash table entries: 2048 (order: 2, 16384 bytes)
[    0.016011] Mountpoint-cache hash table entries: 2048 (order: 2, 16384 bytes)
[    0.017457] Last level iTLB entries: 4KB 512, 2MB 8, 4MB 8
[    0.018426] Last level dTLB entries: 4KB 512, 2MB 32, 4MB 32, 1GB 0
[    0.019440] Spectre V1 : Mitigation: usercopy/swapgs barriers and __user pointer sanitization
[    0.020005] Spectre V2 : Mitigation: Full generic retpoline
[    0.020889] Spectre V2 : Spectre v2 / SpectreRSB mitigation: Filling RSB on context switch
[    0.022911] Speculative Store Bypass: Vulnerable
[    0.024058] SRBDS: Unknown: Dependent on hypervisor status
[    0.025267] MDS: Mitigation: Clear CPU buffers
[    0.026375] Freeing SMP alternatives memory: 36K
[    0.138867] smpboot: CPU0: Intel(R) Core(TM) i5-3320M CPU @ 2.60GHz (family: 0x6, model: 0x3a, stepping: 0x9)
[    0.140000] Performance Events: unsupported p6 CPU model 58 no PMU driver, software events only.
[    0.140066] Hierarchical SRCU implementation.
[    0.141697] NMI watchdog: Perf event create on CPU 0 failed with -2
[    0.143051] NMI watchdog: Perf NMI watchdog permanently disabled
[    0.144058] smp: Bringing up secondary CPUs ...
[    0.145217] x86: Booting SMP configuration:
[    0.146176] .... node  #0, CPUs:      #1
[    0.004000] kvm-clock: cpu 1, msr 0:3ff44041, secondary cpu clock
[    0.151183] smp: Brought up 1 node, 2 CPUs
[    0.152007] smpboot: Max logical packages: 1
[    0.152777] smpboot: Total of 2 processors activated (10377.72 BogoMIPS)
[    0.154429] devtmpfs: initialized
[    0.154429] x86/mm: Memory block size: 128MB
[    0.156145] evm: security.selinux
[    0.156876] evm: security.SMACK64
[    0.157600] evm: security.SMACK64EXEC
[    0.158390] evm: security.SMACK64TRANSMUTE
[    0.160006] evm: security.SMACK64MMAP
[    0.160811] evm: security.apparmor
[    0.161563] evm: security.ima
[    0.162224] evm: security.capability
[    0.163103] clocksource: jiffies: mask: 0xffffffff max_cycles: 0xffffffff, max_idle_ns: 7645041785100000 ns
[    0.164021] futex hash table entries: 512 (order: 3, 32768 bytes)
[    0.165689] pinctrl core: initialized pinctrl subsystem
[    0.168122] RTC time:  0:08:35, date: 03/31/21
[    0.169336] NET: Registered protocol family 16
[    0.170380] audit: initializing netlink subsys (disabled)
[    0.172055] audit: type=2000 audit(1617149321.222:1): state=initialized audit_enabled=0 res=1
[    0.174298] cpuidle: using governor ladder
[    0.174298] cpuidle: using governor menu
[    0.176056] ACPI: bus type PCI registered
[    0.176970] acpiphp: ACPI Hot Plug PCI Controller Driver version: 0.5
[    0.178515] PCI: Using configuration type 1 for base access
[    0.181149] HugeTLB registered 2.00 MiB page size, pre-allocated 0 pages
[    0.181233] ACPI: Added _OSI(Module Device)
[    0.184012] ACPI: Added _OSI(Processor Device)
[    0.184788] ACPI: Added _OSI(3.0 _SCP Extensions)
[    0.185630] ACPI: Added _OSI(Processor Aggregator Device)
[    0.186590] ACPI: Added _OSI(Linux-Dell-Video)
[    0.187394] ACPI: Added _OSI(Linux-Lenovo-NV-HDMI-Audio)
[    0.188005] ACPI: Added _OSI(Linux-HPI-Hybrid-Graphics)
[    0.189430] ACPI: Executed 1 blocks of module-level executable AML code
[    0.194828] ACPI: Interpreter enabled
[    0.195483] ACPI: (supports S0 S5)
[    0.196004] ACPI: Using IOAPIC for interrupt routing
[    0.197204] PCI: Using host bridge windows from ACPI; if necessary, use "pci=nocrs" and report a bug
[    0.199064] ACPI: Enabled 2 GPEs in block 00 to 07
[    0.206240] ACPI: PCI Root Bridge [PCI0] (domain 0000 [bus 00-ff])
[    0.207360] acpi PNP0A03:00: _OSC: OS supports [ASPM ClockPM Segments MSI]
[    0.208512] acpi PNP0A03:00: _OSC: not requesting OS control; OS requires [ExtendedConfig ASPM ClockPM MSI]
[    0.210573] acpi PNP0A03:00: fail to add MMCONFIG information, can't access extended PCI configuration space under this bridge.
[    0.212435] PCI host bridge to bus 0000:00
[    0.213496] pci_bus 0000:00: root bus resource [io  0x0000-0x0cf7 window]
[    0.216011] pci_bus 0000:00: root bus resource [io  0x0d00-0xffff window]
[    0.217404] pci_bus 0000:00: root bus resource [mem 0x000a0000-0x000bffff window]
[    0.220006] pci_bus 0000:00: root bus resource [mem 0x40000000-0xfdffffff window]
[    0.221577] pci_bus 0000:00: root bus resource [bus 00-ff]
[    0.224833] pci 0000:00:01.1: legacy IDE quirk: reg 0x10: [io  0x01f0-0x01f7]
[    0.226338] pci 0000:00:01.1: legacy IDE quirk: reg 0x14: [io  0x03f6]
[    0.227729] pci 0000:00:01.1: legacy IDE quirk: reg 0x18: [io  0x0170-0x0177]
[    0.228004] pci 0000:00:01.1: legacy IDE quirk: reg 0x1c: [io  0x0376]
[    0.261811] pci 0000:00:07.0: quirk: [io  0x4000-0x403f] claimed by PIIX4 ACPI
[    0.263594] pci 0000:00:07.0: quirk: [io  0x4100-0x410f] claimed by PIIX4 SMB
[    0.275654] ACPI: PCI Interrupt Link [LNKA] (IRQs 5 9 10 *11)
[    0.276490] ACPI: PCI Interrupt Link [LNKB] (IRQs 5 9 *10 11)
[    0.277979] ACPI: PCI Interrupt Link [LNKC] (IRQs 5 *9 10 11)
[    0.280167] ACPI: PCI Interrupt Link [LNKD] (IRQs 5 9 10 *11)
[    0.282248] SCSI subsystem initialized
[    0.284079] pci 0000:00:02.0: vgaarb: setting as boot VGA device
[    0.285375] pci 0000:00:02.0: vgaarb: VGA device added: decodes=io+mem,owns=io+mem,locks=none
[    0.287244] pci 0000:00:02.0: vgaarb: bridge control possible
[    0.288013] vgaarb: loaded
[    0.288671] ACPI: bus type USB registered
[    0.289571] usbcore: registered new interface driver usbfs
[    0.290781] usbcore: registered new interface driver hub
[    0.292028] usbcore: registered new device driver usb
[    0.293251] EDAC MC: Ver: 3.0.0
[    0.293251] PCI: Using ACPI for IRQ routing
[    0.293251] NetLabel: Initializing
[    0.296011] NetLabel:  domain hash size = 128
[    0.296731] NetLabel:  protocols = UNLABELED CIPSOv4 CALIPSO
[    0.297639] NetLabel:  unlabeled traffic allowed by default
[    0.298571] clocksource: Switched to clocksource kvm-clock
[    0.308413] VFS: Disk quotas dquot_6.6.0
[    0.309191] VFS: Dquot-cache hash table entries: 512 (order 0, 4096 bytes)
[    0.310483] AppArmor: AppArmor Filesystem Enabled
[    0.311334] pnp: PnP ACPI init
[    0.312991] pnp: PnP ACPI: found 3 devices
[    0.325534] clocksource: acpi_pm: mask: 0xffffff max_cycles: 0xffffff, max_idle_ns: 2085701024 ns
[    0.327146] NET: Registered protocol family 2
[    0.328667] TCP established hash table entries: 8192 (order: 4, 65536 bytes)
[    0.330549] TCP bind hash table entries: 8192 (order: 5, 131072 bytes)
[    0.332519] TCP: Hash tables configured (established 8192 bind 8192)
[    0.334811] UDP hash table entries: 512 (order: 2, 16384 bytes)
[    0.336079] UDP-Lite hash table entries: 512 (order: 2, 16384 bytes)
[    0.337627] NET: Registered protocol family 1
[    0.338582] pci 0000:00:00.0: Limiting direct PCI/PCI transfers
[    0.339861] pci 0000:00:01.0: Activating ISA DMA hang workarounds
[    0.341199] pci 0000:00:02.0: Video device with shadowed ROM at [mem 0x000c0000-0x000dffff]
[    0.343230] Unpacking initramfs...
[    0.600525] Freeing initrd memory: 19224K
[    0.601413] clocksource: tsc: mask: 0xffffffffffffffff max_cycles: 0x2565b0438b8, max_idle_ns: 440795290445 ns
[    0.603097] platform rtc_cmos: registered platform RTC device (no PNP device found)
[    0.604423] Scanning for low memory corruption every 60 seconds
[    0.606098] Initialise system trusted keyrings
[    0.607160] Key type blacklist registered
[    0.607941] workingset: timestamp_bits=36 max_order=18 bucket_order=0
[    0.609983] zbud: loaded
[    0.611046] squashfs: version 4.0 (2009/01/31) Phillip Lougher
[    0.612443] fuse init (API version 7.26)
[    0.615997] Key type asymmetric registered
[    0.616816] Asymmetric key parser 'x509' registered
[    0.617989] Block layer SCSI generic (bsg) driver version 0.4 loaded (major 246)
[    0.619366] io scheduler noop registered
[    0.620074] io scheduler deadline registered
[    0.620824] io scheduler cfq registered (default)
[    0.621911] ACPI: AC Adapter [AC] (on-line)
[    0.622666] input: Power Button as /devices/LNXSYSTM:00/LNXPWRBN:00/input/input0
[    0.623941] ACPI: Power Button [PWRF]
[    0.624742] input: Sleep Button as /devices/LNXSYSTM:00/LNXSLPBN:00/input/input1
[    0.626004] ACPI: Sleep Button [SLPF]
[    0.627713] ACPI: Battery Slot [BAT0] (battery present)
[    0.628264] Serial: 8250/16550 driver, 32 ports, IRQ sharing enabled
[    0.651842] 00:02: ttyS0 at I/O 0x3f8 (irq = 4, base_baud = 115200) is a 16550A
[    0.654910] Linux agpgart interface v0.103
[    0.657380] loop: module loaded
[    0.658716] scsi host0: ata_piix
[    0.659680] scsi host1: ata_piix
[    0.660544] ata1: PATA max UDMA/33 cmd 0x1f0 ctl 0x3f6 bmdma 0xd000 irq 14
[    0.662093] ata2: PATA max UDMA/33 cmd 0x170 ctl 0x376 bmdma 0xd008 irq 15
[    0.663757] libphy: Fixed MDIO Bus: probed
[    0.664745] tun: Universal TUN/TAP device driver, 1.6
[    0.665891] PPP generic driver version 2.4.2
[    0.666878] ehci_hcd: USB 2.0 'Enhanced' Host Controller (EHCI) Driver
[    0.668254] ehci-pci: EHCI PCI platform driver
[    0.669335] ehci-platform: EHCI generic platform driver
[    0.670493] ohci_hcd: USB 1.1 'Open' Host Controller (OHCI) Driver
[    0.671706] ohci-pci: OHCI PCI platform driver
[    0.672481] ohci-platform: OHCI generic platform driver
[    0.673353] uhci_hcd: USB Universal Host Controller Interface driver
[    0.674449] i8042: PNP: PS/2 Controller [PNP0303:PS2K,PNP0f03:PS2M] at 0x60,0x64 irq 1,12
[    0.676274] serio: i8042 KBD port at 0x60,0x64 irq 1
[    0.677138] serio: i8042 AUX port at 0x60,0x64 irq 12
[    0.678150] mousedev: PS/2 mouse device common for all mice
[    0.679470] input: AT Translated Set 2 keyboard as /devices/platform/i8042/serio0/input/input2
[    0.682070] rtc_cmos rtc_cmos: rtc core: registered rtc_cmos as rtc0
[    0.684767] rtc_cmos rtc_cmos: alarms up to one day, 114 bytes nvram
[    0.687028] i2c /dev entries driver
[    0.687802] device-mapper: uevent: version 1.0.3
[    0.688877] device-mapper: ioctl: 4.37.0-ioctl (2017-09-20) initialised: dm-devel@redhat.com
[    0.690494] ledtrig-cpu: registered to indicate activity on CPUs
[    0.692277] NET: Registered protocol family 10
[    0.700641] Segment Routing with IPv6
[    0.701382] NET: Registered protocol family 17
[    0.702196] Key type dns_resolver registered
[    0.703950] mce: Using 0 MCE banks
[    0.704603] RAS: Correctable Errors collector initialized.
[    0.705497] sched_clock: Marking stable (704579277, 0)->(862323565, -157744288)
[    0.707312] registered taskstats version 1
[    0.708215] Loading compiled-in X.509 certificates
[    0.712872] Loaded X.509 cert 'Build time autogenerated kernel key: c356b48d5f070be9e15fb09bbd57426939f0386e'
[    0.715390] zswap: loaded using pool lzo/zbud
[    0.723507] Key type big_key registered
[    0.724552] Key type trusted registered
[    0.728122] Key type encrypted registered
[    0.729996] AppArmor: AppArmor sha1 policy hashing enabled
[    0.732567] ima: No TPM chip found, activating TPM-bypass! (rc=-19)
[    0.734910] ima: Allocated hash algorithm: sha1
[    0.736980] evm: HMAC attrs: 0x1
[    0.738468]   Magic number: 13:372:103
[    0.739535] rtc_cmos rtc_cmos: setting system clock to 2021-03-31 00:08:36 UTC (1617149316)
[    0.741230] BIOS EDD facility v0.16 2004-Jun-25, 0 devices found
[    0.742256] EDD information not available.
[    0.846819] Freeing unused kernel image memory: 2440K
[    1.150041] Write protecting the kernel read-only data: 20480k
[    1.154004] Freeing unused kernel image memory: 2008K
[    1.156003] Freeing unused kernel image memory: 1868K
[    1.165881] x86/mm: Checked W+X mappings: passed, no W+X pages found.
[    1.167362] x86/mm: Checking user space page tables
[    1.174629] x86/mm: Checked W+X mappings: passed, no W+X pages found.
Loading, please wait...
starting version 237
[    1.269448] Fusion MPT base driver 3.04.20
[    1.270181] Copyright (c) 1999-2008 LSI Corporation
[    1.296360] e1000: Intel(R) PRO/1000 Network Driver - version 7.3.21-k8-NAPI
[    1.297535] e1000: Copyright (c) 1999-2006 Intel Corporation.
[    1.302410] Fusion MPT SPI Host driver 3.04.20
[    1.304455] AVX version of gcm_enc/dec engaged.
[    1.305247] AES CTR mode by8 optimization enabled
[    1.506338] input: ImExPS/2 Generic Explorer Mouse as /devices/platform/i8042/serio1/input/input4
[    1.755196] e1000 0000:00:03.0 eth0: (PCI:33MHz:32-bit) 02:dd:e5:eb:6c:77
[    1.756743] e1000 0000:00:03.0 eth0: Intel(R) PRO/1000 Network Connection
[    1.759325] mptbase: ioc0: Initiating bringup
[    1.760102] e1000 0000:00:03.0 enp0s3: renamed from eth0
[    1.860787] ioc0: LSI53C1030 A0: Capabilities={Initiator}
[    2.103712] scsi host2: ioc0: LSI53C1030 A0, FwRev=00000000h, Ports=1, MaxQ=256, IRQ=20
[    2.273376] scsi 2:0:0:0: Direct-Access     VBOX     HARDDISK         1.0  PQ: 0 ANSI: 5
[    2.629620] scsi target2:0:0: Beginning Domain Validation
[    2.633912] scsi target2:0:0: Domain Validation skipping write tests
[    2.635990] scsi target2:0:0: Ending Domain Validation
[    2.637807] scsi target2:0:0: asynchronous
[    2.640678] scsi 2:0:1:0: Direct-Access     VBOX     HARDDISK         1.0  PQ: 0 ANSI: 5
[    3.233284] scsi target2:0:1: Beginning Domain Validation
[    3.238536] random: fast init done
[    3.239858] scsi target2:0:1: Domain Validation skipping write tests
[    3.241569] scsi target2:0:1: Ending Domain Validation
[    3.242952] scsi target2:0:1: asynchronous
[    3.249028] random: systemd-udevd: uninitialized urandom read (16 bytes read)
[    3.250238] random: systemd-udevd: uninitialized urandom read (16 bytes read)
[    3.251384] random: systemd-udevd: uninitialized urandom read (16 bytes read)
[    3.253052] sd 2:0:0:0: [sda] 83886080 512-byte logical blocks: (42.9 GB/40.0 GiB)
[    3.254345] sd 2:0:0:0: [sda] Write Protect is off
[    3.255290] sd 2:0:0:0: [sda] Incomplete mode parameter data
[    3.256232] sd 2:0:0:0: [sda] Assuming drive cache: write through
[    3.258888] sd 2:0:0:0: Attached scsi generic sg0 type 0
[    3.260461] sd 2:0:1:0: Attached scsi generic sg1 type 0
[    3.261788] sd 2:0:1:0: [sdb] 20480 512-byte logical blocks: (10.5 MB/10.0 MiB)
[    3.261962]  sda: sda1
[    3.264212] sd 2:0:1:0: [sdb] Write Protect is off
[    3.265102] sd 2:0:0:0: [sda] Attached SCSI disk
[    3.267271] sd 2:0:1:0: [sdb] Incomplete mode parameter data
[    3.268702] sd 2:0:1:0: [sdb] Assuming drive cache: write through
[    3.273047] sd 2:0:1:0: [sdb] Attached SCSI disk
Begin: Loading essential drivers ... [    4.776101] raid6: sse2x1   gen()  9025 MB/s
[    4.824072] raid6: sse2x1   xor()  6450 MB/s
[    4.872055] raid6: sse2x2   gen() 10886 MB/s
[    4.920083] raid6: sse2x2   xor()  7319 MB/s
[    4.968055] raid6: sse2x4   gen() 13152 MB/s
[    5.016084] raid6: sse2x4   xor()  8572 MB/s
[    5.016851] raid6: using algorithm sse2x4 gen() 13152 MB/s
[    5.017762] raid6: .... xor() 8572 MB/s, rmw enabled
[    5.018599] raid6: using ssse3x2 recovery algorithm
[    5.022857] xor: automatically using best checksumming function   avx       
[    5.027473] async_tx: api initialized (async)
done.
Begin: Running /scripts/init-premount ... done.
Begin: Mounting root file system ... Begin: Running /scripts/local-top ... done.
Begin: Running /scripts/local-premount ... [    5.099667] Btrfs loaded, crc32c=crc32c-intel
Scanning for Btrfs filesystems
done.
Warning: fsck not present, so skipping root file system
[    5.154660] EXT4-fs (sda1): mounted filesystem with ordered data mode. Opts: (null)
done.
Begin: Running /scripts/local-bottom ... done.
Begin: Running /scripts/init-bottom ... done.
[    5.423610] ip_tables: (C) 2000-2006 Netfilter Core Team
[    5.439255] systemd[1]: systemd 237 running in system mode. (+PAM +AUDIT +SELINUX +IMA +APPARMOR +SMACK +SYSVINIT +UTMP +LIBCRYPTSETUP +GCRYPT +GNUTLS +ACL +XZ +LZ4 +SECCOMP +BLKID +ELFUTILS +KMOD -IDN2 +IDN -PCRE2 default-hierarchy=hybrid)
[    5.444349] systemd[1]: Detected virtualization oracle.
[    5.445521] systemd[1]: Detected architecture x86-64.

Welcome to [1mUbuntu 18.04.5 LTS[0m!

[    5.453604] systemd[1]: Set hostname to <devops>.
[    5.889776] systemd[1]: Reached target User and Group Name Lookups.
[[0;32m  OK  [0m] Reached target User and Group Name Lookups.
[    5.892208] systemd[1]: Reached target System Time Synchronized.
[[0;32m  OK  [0m] Reached target System Time Synchronized.
[    5.896466] systemd[1]: Created slice User and Session Slice.
[[0;32m  OK  [0m] Created slice User and Session Slice.
[    5.898394] systemd[1]: Reached target Swap.
[[0;32m  OK  [0m] Reached target Swap.
[    5.899817] systemd[1]: Started Forward Password Requests to Wall Directory Watch.
[[0;32m  OK  [0m] Started Forward Password Requests to Wall Directory Watch.
[    5.902353] systemd[1]: Set up automount Arbitrary Executable File Formats File System Automount Point.
[[0;32m  OK  [0m] Set up automount Arbitrary Executab…rmats File System Automount Point.
[[0;32m  OK  [0m] Created slice System Slice.
[[0;32m  OK  [0m] Listening on Syslog Socket.
[[0;32m  OK  [0m] Listening on Network Service Netlink Socket.
[[0;32m  OK  [0m] Listening on Journal Audit Socket.
[[0;32m  OK  [0m] Listening on LVM2 poll daemon socket.
[[0;32m  OK  [0m] Listening on Journal Socket (/dev/log).
[[0;32m  OK  [0m] Listening on udev Kernel Socket.
[[0;32m  OK  [0m] Created slice system-serial\x2dgetty.slice.
[[0;32m  OK  [0m] Listening on fsck to fsckd communication Socket.
[[0;32m  OK  [0m] Listening on Device-mapper event daemon FIFOs.
[[0;32m  OK  [0m] Listening on LVM2 metadata daemon socket.
[[0;32m  OK  [0m] Listening on udev Control Socket.
[[0;32m  OK  [0m] Listening on Journal Socket.
         Starting Load Kernel Modules...
         Starting Uncomplicated firewall...
         Starting Create list of required st…ce nodes for the current kernel...
         Mounting POSIX Message Queue File System...
[    5.963049] Loading iSCSI transport class v2.0-870.
         Starting File System Check on Root Device...
         Mounting Huge Pages File System...
         Starting Set the console keyboard layout...
         Starting Monitoring of LVM2 mirrors…ng dmeventd or progress polling...
         Mounting Kernel Debug File System...
[[0;32m  OK  [0m] Reached target Slices.
         Starting Journal Service...
         Starting udev Coldplug all Devices...
[[0;32m  OK  [0m] Listening on /dev/initctl Compatibility Named Pipe.
[[0;32m  OK  [0m] Started Uncomplicated firewall.
[[0;32m  OK  [0m] Started Create list of required sta…vice nodes for the current kernel.
         Starting Create Static Device Nodes in /dev...
[[0;32m  OK  [0m] Started File System Check Daemon to report status.
[[0;32m  OK  [0m] Mounted POSIX Message Queue File System.
[[0;32m  OK  [0m] Mounted Huge Pages File System.
[[0;32m  OK  [0m] Mounted Kernel Debug File System.
[[0;32m  OK  [0m] Started LVM2 metadata daemon.
[[0;32m  OK  [0m] Started Create Static Device Nodes in /dev.
[[0;32m  OK  [0m] Started Journal Service.
[    6.110272] iscsi: registered transport (tcp)
[[0;32m  OK  [0m] Started udev Coldplug all Devices.
[[0;32m  OK  [0m] Started File System Check on Root Device.
         Starting Remount Root and Kernel File Systems...
[    6.214816] EXT4-fs (sda1): re-mounted. Opts: (null)
[[0;32m  OK  [0m] Started Remount Root and Kernel File Systems.
         Starting Flush Journal to Persistent Storage...
         Starting Load/Save Random Seed...
[    6.231108] iscsi: registered transport (iser)
         Starting udev Kernel Device Manager...
[[0;32m  OK  [0m] Started Load Kernel Modules.
[[0;32m  OK  [0m] Started Monitoring of LVM2 mirrors,…sing dmeventd or progress polling.
         Mounting Kernel Configuration File System...
         Starting Apply Kernel Variables...
         Mounting FUSE Control File System...
[[0;32m  OK  [0m] Started Load/Save Random Seed.
[[0;32m  OK  [0m] Mounted Kernel Configuration File System.
[[0;32m  OK  [0m] Mounted FUSE Control File System.
[    6.279559] systemd-journald[409]: Received request to flush runtime journal from PID 1
[[0;32m  OK  [0m] Started Set the console keyboard layout.
[[0;32m  OK  [0m] Reached target Local File Systems (Pre).
[[0;32m  OK  [0m] Reached target Local File Systems.
         Starting AppArmor initialization...
         Starting ebtables ruleset management...
         Starting Tell Plymouth To Write Out Runtime Data...
         Starting Set console font and keymap...
[[0;32m  OK  [0m] Started udev Kernel Device Manager.
[[0;32m  OK  [0m] Started Dispatch Password Requests to Console Directory Watch.
[[0;32m  OK  [0m] Reached target Local Encrypted Volumes.
[[0;32m  OK  [0m] Started Tell Plymouth To Write Out Runtime Data.
[[0;32m  OK  [0m] Started Set console font and keymap.
[[0;32m  OK  [0m] Started Apply Kernel Variables.
[[0;32m  OK  [0m] Started Flush Journal to Persistent Storage.
         Starting Create Volatile Files and Directories...
[[0;32m  OK  [0m] Started ebtables ruleset management.
[[0;32m  OK  [0m] Started Create Volatile Files and Directories.
         Starting Update UTMP about System Boot/Shutdown...
[[0;32m  OK  [0m] Started Update UTMP about System Boot/Shutdown.
[[0;32m  OK  [0m] Found device /dev/ttyS0.
[[0;32m  OK  [0m] Started AppArmor initialization.
         Starting Load AppArmor profiles managed internally by snapd...
         Starting Initial cloud-init job (pre-networking)...
[[0;32m  OK  [0m] Started Load AppArmor profiles managed internally by snapd.
[[0;32m  OK  [0m] Listening on Load/Save RF Kill Switch Status /dev/rfkill Watch.
[    8.453785] cloud-init[547]: Cloud-init v. 20.4.1-0ubuntu1~18.04.1 running 'init-local' at Wed, 31 Mar 2021 00:08:43 +0000. Up 8.20 seconds.
[[0;32m  OK  [0m] Started Initial cloud-init job (pre-networking).
[[0;32m  OK  [0m] Reached target Network (Pre).
         Starting Network Service...
[[0;32m  OK  [0m] Started Network Service.
         Starting Network Name Resolution...
         Starting Wait for Network to be Configured...
[[0;32m  OK  [0m] Started Network Name Resolution.
[[0;32m  OK  [0m] Reached target Host and Network Name Lookups.
[[0;32m  OK  [0m] Reached target Network.
[[0;32m  OK  [0m] Started Wait for Network to be Configured.
         Starting Initial cloud-init job (metadata service crawler)...
[   10.929476] cloud-init[669]: Cloud-init v. 20.4.1-0ubuntu1~18.04.1 running 'init' at Wed, 31 Mar 2021 00:08:46 +0000. Up 10.72 seconds.
[   10.931029] cloud-init[669]: ci-info: ++++++++++++++++++++++++++++++++++++++Net device info++++++++++++++++++++++++++++++++++++++
[   10.932257] cloud-init[669]: ci-info: +--------+------+----------------------------+---------------+--------+-------------------+
[   10.933572] cloud-init[669]: ci-info: | Device |  Up  |          Address           |      Mask     | Scope  |     Hw-Address    |
[   10.934828] cloud-init[669]: ci-info: +--------+------+----------------------------+---------------+--------+-------------------+
[   10.936063] cloud-init[669]: ci-info: | enp0s3 | True |         10.0.2.15          | 255.255.255.0 | global | 02:dd:e5:eb:6c:77 |
[   10.938645] cloud-init[669]: ci-info: | enp0s3 | True | fe80::dd:e5ff:feeb:6c77/64 |       .       |  link  | 02:dd:e5:eb:6c:77 |
[   10.940627] cloud-init[669]: ci-info: |   lo   | True |         127.0.0.1          |   255.0.0.0   |  host  |         .         |
[   10.943099] cloud-init[669]: ci-info: |   lo   | True |          ::1/128           |       .       |  host  |         .         |
[   10.944751] cloud-init[669]: ci-info: +--------+------+----------------------------+---------------+--------+-------------------+
[   10.946421] cloud-init[669]: ci-info: ++++++++++++++++++++++++++++Route IPv4 info+++++++++++++++++++++++++++++
[   10.947661] cloud-init[669]: ci-info: +-------+-------------+----------+-----------------+-----------+-------+
[   10.948751] cloud-init[669]: ci-info: | Route | Destination | Gateway  |     Genmask     | Interface | Flags |
[   10.950723] cloud-init[669]: ci-info: +-------+-------------+----------+-----------------+-----------+-------+
[   10.952401] cloud-init[669]: ci-info: |   0   |   0.0.0.0   | 10.0.2.2 |     0.0.0.0     |   enp0s3  |   UG  |
[   10.964463] cloud-init[669]: ci-info: |   1   |   10.0.2.0  | 0.0.0.0  |  255.255.255.0  |   enp0s3  |   U   |
[   10.967335] cloud-init[669]: ci-info: |   2   |   10.0.2.2  | 0.0.0.0  | 255.255.255.255 |   enp0s3  |   UH  |
[   10.969224] cloud-init[669]: ci-info: +-------+-------------+----------+-----------------+-----------+-------+
[   10.971595] cloud-init[669]: ci-info: +++++++++++++++++++Route IPv6 info+++++++++++++++++++
[   10.973095] cloud-init[669]: ci-info: +-------+-------------+---------+-----------+-------+
[   10.974295] cloud-init[669]: ci-info: | Route | Destination | Gateway | Interface | Flags |
[   10.975390] cloud-init[669]: ci-info: +-------+-------------+---------+-----------+-------+
[   10.976524] cloud-init[669]: ci-info: |   1   |  fe80::/64  |    ::   |   enp0s3  |   U   |
[   10.978458] cloud-init[669]: ci-info: |   3   |    local    |    ::   |   enp0s3  |   U   |
[   10.980345] cloud-init[669]: ci-info: |   4   |   ff00::/8  |    ::   |   enp0s3  |   U   |
[   10.981720] cloud-init[669]: ci-info: +-------+-------------+---------+-----------+-------+
[[0;32m  OK  [0m] Started Initial cloud-init job (metadata service crawler).
[[0;32m  OK  [0m] Reached target Cloud-config availability.
[[0;32m  OK  [0m] Reached target Network is Online.
         Starting Availability of block devices...
[[0;32m  OK  [0m] Reached target Remote File Systems (Pre).
[[0;32m  OK  [0m] Reached target Remote File Systems.
[[0;32m  OK  [0m] Reached target System Initialization.
[[0;32m  OK  [0m] Started Discard unused blocks once a week.
         Starting LXD - unix socket.
[[0;32m  OK  [0m] Started ACPI Events Check.
[[0;32m  OK  [0m] Reached target Paths.
[[0;32m  OK  [0m] Started Daily Cleanup of Temporary Directories.
[[0;32m  OK  [0m] Listening on D-Bus System Message Bus Socket.
         Starting Socket activation for snappy daemon.
[[0;32m  OK  [0m] Listening on Open-iSCSI iscsid Socket.
[[0;32m  OK  [0m] Started Message of the Day.
[[0;32m  OK  [0m] Started Daily apt download activities.
[[0;32m  OK  [0m] Started Daily apt upgrade and clean activities.
[[0;32m  OK  [0m] Reached target Timers.
[[0;32m  OK  [0m] Listening on ACPID Listen Socket.
[[0;32m  OK  [0m] Listening on UUID daemon activation socket.
[[0;32m  OK  [0m] Started Availability of block devices.
[[0;32m  OK  [0m] Listening on LXD - unix socket.
[[0;32m  OK  [0m] Listening on Socket activation for snappy daemon.
[[0;32m  OK  [0m] Reached target Sockets.
[[0;32m  OK  [0m] Reached target Basic System.
         Starting Login Service...
[[0;32m  OK  [0m] Started irqbalance daemon.
[[0;32m  OK  [0m] Started Deferred execution scheduler.
[[0;32m  OK  [0m] Started FUSE filesystem for LXC.
         Starting LSB: automatic crash report generation...
[[0;32m  OK  [0m] Started D-Bus System Message Bus.
         Starting A high performance web server and a reverse proxy server...
         Starting Virtualbox guest utils...
         Starting Accounts Service...
         Starting LXD - container startup/shutdown...
         Starting System Logging Service...
         Starting OpenBSD Secure Shell server...
[[0;32m  OK  [0m] Started Regular background program processing daemon.
         Starting LSB: Record successful boot for GRUB...
         Starting Dispatcher daemon for systemd-networkd...
         Starting Permit User Sessions...
         Starting Snap Daemon...
[[0;32m  OK  [0m] Started MDS Webapp.
[[0;32m  OK  [0m] Started System Logging Service.
[[0;32m  OK  [0m] Started Login Service.
[[0;32m  OK  [0m] Started Unattended Upgrades Shutdown.
[[0;32m  OK  [0m] Started Permit User Sessions.
         Starting Hold until boot process finishes up...
         Starting Terminate Plymouth Boot Screen...
[[0;32m  OK  [0m] Started Hold until boot process finishes up.
[[0;32m  OK  [0m] Started Terminate Plymouth Boot Screen.
[[0;32m  OK  [0m] Started Serial Getty on ttyS0.
         Starting Set console scheme...
         Starting Authorization Manager...
[[0;32m  OK  [0m] Started Set console scheme.
[[0;32m  OK  [0m] Created slice system-getty.slice.
[[0;32m  OK  [0m] Started Getty on tty1.
[[0;32m  OK  [0m] Reached target Login Prompts.
[[0;32m  OK  [0m] Started LSB: automatic crash report generation.
[[0;32m  OK  [0m] Started Authorization Manager.
[[0;32m  OK  [0m] Started Accounts Service.
[[0;32m  OK  [0m] Started OpenBSD Secure Shell server.
[[0;32m  OK  [0m] Started Virtualbox guest utils.
[[0;32m  OK  [0m] Started LSB: Record successful boot for GRUB.
[[0;32m  OK  [0m] Started A high performance web server and a reverse proxy server.
[[0;32m  OK  [0m] Started Dispatcher daemon for systemd-networkd.
[[0;32m  OK  [0m] Started LXD - container startup/shutdown.
[[0;32m  OK  [0m] Started Snap Daemon.
         Starting Wait until snapd is fully seeded...
[[0;32m  OK  [0m] Started Wait until snapd is fully seeded.
         Starting Apply the settings specified in cloud-config...
[[0;32m  OK  [0m] Reached target Multi-User System.
[[0;32m  OK  [0m] Reached target Graphical Interface.
         Starting Update UTMP about System Runlevel Changes...
[[0;32m  OK  [0m] Started Update UTMP about System Runlevel Changes.
[   14.034223] cloud-init[1052]: Cloud-init v. 20.4.1-0ubuntu1~18.04.1 running 'modules:config' at Wed, 31 Mar 2021 00:08:49 +0000. Up 13.90 seconds.
[[0;32m  OK  [0m] Started Apply the settings specified in cloud-config.
         Starting Execute cloud user/final scripts...
[   14.692472] cloud-init[1086]: Cloud-init v. 20.4.1-0ubuntu1~18.04.1 running 'modules:final' at Wed, 31 Mar 2021 00:08:50 +0000. Up 14.54 seconds.
[   14.704442] cloud-init[1086]: Cloud-init v. 20.4.1-0ubuntu1~18.04.1 finished at Wed, 31 Mar 2021 00:08:50 +0000. Datasource DataSourceNoCloud [seed=/dev/sdb][dsmode=net].  Up 14.68 seconds
[[0;32m  OK  [0m] Started Execute cloud user/final scripts.
[[0;32m  OK  [0m] Reached target Cloud-init target.

Ubuntu 18.04.5 LTS devops ttyS0

devops login: 